Using pre-set license
Built from '2021.3/staging' branch; Version is '2021.3.18f1 (3129e69bc0c7) revision 3221990'; Using compiler version '192829333'; Build Type 'Release'
OS: 'Windows 10  (10.0.19045) 64bit Professional' Language: 'ru' Physical Memory: 16254 MB
BatchMode: 1, IsHumanControllingUs: 0, StartBugReporterOnCrash: 0, Is64bit: 1, IsPro: 1

COMMAND LINE ARGUMENTS:
C:\Program Files\Unity\Hub\Editor\2021.3.18f1\Editor\Unity.exe
-adb2
-batchMode
-noUpm
-name
AssetImportWorker0
-projectPath
C:/Users/Mikhail/Desktop/Unity/Zombies-shooter/Zombies-shooter
-logFile
Logs/AssetImportWorker0.log
-srvPort
59408
Successfully changed project path to: C:/Users/Mikhail/Desktop/Unity/Zombies-shooter/Zombies-shooter
C:/Users/Mikhail/Desktop/Unity/Zombies-shooter/Zombies-shooter
[UnityMemory] Configuration Parameters - Can be set up in boot.config
    "memorysetup-bucket-allocator-granularity=16"
    "memorysetup-bucket-allocator-bucket-count=8"
    "memorysetup-bucket-allocator-block-size=33554432"
    "memorysetup-bucket-allocator-block-count=8"
    "memorysetup-main-allocator-block-size=16777216"
    "memorysetup-thread-allocator-block-size=16777216"
    "memorysetup-gfx-main-allocator-block-size=16777216"
    "memorysetup-gfx-thread-allocator-block-size=16777216"
    "memorysetup-cache-allocator-block-size=4194304"
    "memorysetup-typetree-allocator-block-size=2097152"
    "memorysetup-profiler-bucket-allocator-granularity=16"
    "memorysetup-profiler-bucket-allocator-bucket-count=8"
    "memorysetup-profiler-bucket-allocator-block-size=33554432"
    "memorysetup-profiler-bucket-allocator-block-count=8"
    "memorysetup-profiler-allocator-block-size=16777216"
    "memorysetup-profiler-editor-allocator-block-size=1048576"
    "memorysetup-temp-allocator-size-main=16777216"
    "memorysetup-job-temp-allocator-block-size=2097152"
    "memorysetup-job-temp-allocator-block-size-background=1048576"
    "memorysetup-job-temp-allocator-reduction-small-platforms=262144"
    "memorysetup-temp-allocator-size-background-worker=32768"
    "memorysetup-temp-allocator-size-job-worker=262144"
    "memorysetup-temp-allocator-size-preload-manager=33554432"
    "memorysetup-temp-allocator-size-nav-mesh-worker=65536"
    "memorysetup-temp-allocator-size-audio-worker=65536"
    "memorysetup-temp-allocator-size-cloud-worker=32768"
    "memorysetup-temp-allocator-size-gi-baking-worker=262144"
    "memorysetup-temp-allocator-size-gfx=262144"
Player connection [6256] Host "[IP] 192.168.1.7 [Port] 0 [Flags] 2 [Guid] 378323135 [EditorId] 378323135 [Version] 1048832 [Id] WindowsEditor(7,DESKTOP-QCT10TA) [Debug] 1 [PackageName] WindowsEditor [ProjectName] Editor" joined multi-casting on [225.0.0.222:54997]...

Player connection [6256] Host "[IP] 192.168.1.7 [Port] 0 [Flags] 2 [Guid] 378323135 [EditorId] 378323135 [Version] 1048832 [Id] WindowsEditor(7,DESKTOP-QCT10TA) [Debug] 1 [PackageName] WindowsEditor [ProjectName] Editor" joined alternative multi-casting on [225.0.0.222:34997]...

Refreshing native plugins compatible for Editor in 161.16 ms, found 3 plugins.
Preloading 0 native plugins for Editor in 0.00 ms.
Initialize engine version: 2021.3.18f1 (3129e69bc0c7)
[Subsystems] Discovering subsystems at path C:/Program Files/Unity/Hub/Editor/2021.3.18f1/Editor/Data/Resources/UnitySubsystems
[Subsystems] Discovering subsystems at path C:/Users/Mikhail/Desktop/Unity/Zombies-shooter/Zombies-shooter/Assets
GfxDevice: creating device client; threaded=0; jobified=0
Direct3D:
    Version:  Direct3D 11.0 [level 11.1]
    Renderer: NVIDIA GeForce GTX 1650 (ID=0x1f82)
    Vendor:   NVIDIA
    VRAM:     3962 MB
    Driver:   31.0.15.1694
Initialize mono
Mono path[0] = 'C:/Program Files/Unity/Hub/Editor/2021.3.18f1/Editor/Data/Managed'
Mono path[1] = 'C:/Program Files/Unity/Hub/Editor/2021.3.18f1/Editor/Data/MonoBleedingEdge/lib/mono/unityjit-win32'
Mono config path = 'C:/Program Files/Unity/Hub/Editor/2021.3.18f1/Editor/Data/MonoBleedingEdge/etc'
Using monoOptions --debugger-agent=transport=dt_socket,embedding=1,server=y,suspend=n,address=127.0.0.1:56584
Begin MonoManager ReloadAssembly
Registering precompiled unity dll's ...
Register platform support module: C:/Program Files/Unity/Hub/Editor/2021.3.18f1/Editor/Data/PlaybackEngines/WebGLSupport/UnityEditor.WebGL.Extensions.dll
Register platform support module: C:/Program Files/Unity/Hub/Editor/2021.3.18f1/Editor/Data/PlaybackEngines/WindowsStandaloneSupport/UnityEditor.WindowsStandalone.Extensions.dll
Registered in 0.006809 seconds.
Native extension for WindowsStandalone target not found
Native extension for WebGL target not found
Refreshing native plugins compatible for Editor in 175.60 ms, found 3 plugins.
Preloading 0 native plugins for Editor in 0.00 ms.
Mono: successfully reloaded assembly
- Completed reload, in  0.669 seconds
Domain Reload Profiling:
	ReloadAssembly (670ms)
		BeginReloadAssembly (61ms)
			ExecutionOrderSort (0ms)
			DisableScriptedObjects (0ms)
			BackupInstance (0ms)
			ReleaseScriptingObjects (0ms)
			CreateAndSetChildDomain (1ms)
		EndReloadAssembly (506ms)
			LoadAssemblies (59ms)
			RebuildTransferFunctionScriptingTraits (0ms)
			SetupTypeCache (97ms)
			ReleaseScriptCaches (0ms)
			RebuildScriptCaches (25ms)
			SetupLoadedEditorAssemblies (337ms)
				LogAssemblyErrors (0ms)
				InitializePlatformSupportModulesInManaged (8ms)
				SetLoadedEditorAssemblies (0ms)
				RefreshPlugins (176ms)
				BeforeProcessingInitializeOnLoad (2ms)
				ProcessInitializeOnLoadAttributes (111ms)
				ProcessInitializeOnLoadMethodAttributes (40ms)
				AfterProcessingInitializeOnLoad (0ms)
				EditorAssembliesLoaded (0ms)
			ExecutionOrderSort2 (0ms)
			AwakeInstancesAfterBackupRestoration (0ms)
Platform modules already initialized, skipping
Registering precompiled user dll's ...
Registered in 0.008104 seconds.
Begin MonoManager ReloadAssembly
Symbol file LoadedFromMemory doesn't match image C:\Users\Mikhail\Desktop\Unity\Zombies-shooter\Zombies-shooter\Library\PackageCache\com.unity.visualscripting@1.8.0\Editor\VisualScripting.Core\Dependencies\YamlDotNet\Unity.VisualScripting.YamlDotNet.dll
Symbol file LoadedFromMemory doesn't match image C:\Users\Mikhail\Desktop\Unity\Zombies-shooter\Zombies-shooter\Library\PackageCache\com.unity.visualscripting@1.8.0\Editor\VisualScripting.Core\Dependencies\DotNetZip\Unity.VisualScripting.IonicZip.dll
Native extension for WindowsStandalone target not found
Native extension for WebGL target not found
Refreshing native plugins compatible for Editor in 173.31 ms, found 3 plugins.
Preloading 0 native plugins for Editor in 0.00 ms.
Mono: successfully reloaded assembly
- Completed reload, in  1.375 seconds
Domain Reload Profiling:
	ReloadAssembly (1376ms)
		BeginReloadAssembly (98ms)
			ExecutionOrderSort (0ms)
			DisableScriptedObjects (5ms)
			BackupInstance (0ms)
			ReleaseScriptingObjects (0ms)
			CreateAndSetChildDomain (17ms)
		EndReloadAssembly (1164ms)
			LoadAssemblies (80ms)
			RebuildTransferFunctionScriptingTraits (0ms)
			SetupTypeCache (299ms)
			ReleaseScriptCaches (1ms)
			RebuildScriptCaches (56ms)
			SetupLoadedEditorAssemblies (681ms)
				LogAssemblyErrors (0ms)
				InitializePlatformSupportModulesInManaged (5ms)
				SetLoadedEditorAssemblies (0ms)
				RefreshPlugins (173ms)
				BeforeProcessingInitializeOnLoad (105ms)
				ProcessInitializeOnLoadAttributes (286ms)
				ProcessInitializeOnLoadMethodAttributes (104ms)
				AfterProcessingInitializeOnLoad (7ms)
				EditorAssembliesLoaded (0ms)
			ExecutionOrderSort2 (0ms)
			AwakeInstancesAfterBackupRestoration (5ms)
Platform modules already initialized, skipping
========================================================================
Worker process is ready to serve import requests
Launched and connected shader compiler UnityShaderCompiler.exe after 0.03 seconds
Refreshing native plugins compatible for Editor in 1.76 ms, found 3 plugins.
Preloading 0 native plugins for Editor in 0.00 ms.
Unloading 4773 Unused Serialized files (Serialized files now loaded: 0)
Unloading 39 unused Assets / (30.2 KB). Loaded Objects now: 5252.
Memory consumption went from 268.2 MB to 268.1 MB.
Total: 3.320300 ms (FindLiveObjects: 0.354300 ms CreateObjectMapping: 0.276500 ms MarkObjects: 2.663300 ms  DeleteObjects: 0.025400 ms)

AssetImportParameters requested are different than current active one (requested -> active):
  custom:video-decoder-ogg-theora: a1e56fd34408186e4bbccfd4996cb3dc -> 
  custom:container-muxer-webm: aa71ff27fc2769a1b78a27578f13a17b -> 
  custom:container-demuxer-webm: 4f35f7cbe854078d1ac9338744f61a02 -> 
  custom:video-encoder-webm-vp8: eb34c28f22e8b96e1ab97ce403110664 -> 
  custom:audio-encoder-webm-vorbis: bf7c407c2cedff20999df2af8eb42d56 -> 
  custom:framework-win-MediaFoundation: 216162199b28c13a410421893ffa2e32 -> 
  custom:container-demuxer-ogg: 62fdf1f143b41e24485cea50d1cbac27 -> 
  custom:video-decoder-webm-vp8: 9c59270c3fd7afecdb556c50c9e8de78 -> 
  custom:audio-decoder-ogg-vorbis: bf7c407c2cedff20999df2af8eb42d56 -> 
========================================================================
Received Import Request.
  Time since last request: 84817.292586 seconds.
  path: Assets/Scripts/Progress.cs
  artifactKey: Guid(d95c692f6f0eb1a458ff6829c4865c3a) Importer(815301076,1909f56bfc062723c751e8b465ee728b)
Start importing Assets/Scripts/Progress.cs using Guid(d95c692f6f0eb1a458ff6829c4865c3a) Importer(815301076,1909f56bfc062723c751e8b465ee728b)  -> (artifact id: '98ea7b4f96661860ac063ec26b3ee26d') in 0.022746 seconds 
========================================================================
Received Import Request.
  Time since last request: 1391.775467 seconds.
  path: Assets/Infima Games/Low Poly Shooter Pack/Prefabs/Projectiles/HG_02_Bullet Variant.prefab
  artifactKey: Guid(f612f14fe061ee5499e57683c81e126d) Importer(815301076,1909f56bfc062723c751e8b465ee728b)
Start importing Assets/Infima Games/Low Poly Shooter Pack/Prefabs/Projectiles/HG_02_Bullet Variant.prefab using Guid(f612f14fe061ee5499e57683c81e126d) Importer(815301076,1909f56bfc062723c751e8b465ee728b)  -> (artifact id: '20bbd1fdcefba42cfcdf133b35bd9ecf') in 0.098913 seconds 
========================================================================
Received Import Request.
  Time since last request: 0.000019 seconds.
  path: Assets/Infima Games/Low Poly Shooter Pack/Prefabs/Projectiles/SG_Bullet Variant.prefab
  artifactKey: Guid(c0bc73672a5bf5d4d8fd12accdc4ac3f) Importer(815301076,1909f56bfc062723c751e8b465ee728b)
Start importing Assets/Infima Games/Low Poly Shooter Pack/Prefabs/Projectiles/SG_Bullet Variant.prefab using Guid(c0bc73672a5bf5d4d8fd12accdc4ac3f) Importer(815301076,1909f56bfc062723c751e8b465ee728b)  -> (artifact id: '3a92b4cf3784f84d177829455eb05565') in 0.036419 seconds 
========================================================================
Received Import Request.
  Time since last request: 0.000017 seconds.
  path: Assets/Infima Games/Low Poly Shooter Pack/Prefabs/Projectiles/HG_03_Bullet Variant.prefab
  artifactKey: Guid(8ff4237b74dddae4d8bf4d9b4569601e) Importer(815301076,1909f56bfc062723c751e8b465ee728b)
Start importing Assets/Infima Games/Low Poly Shooter Pack/Prefabs/Projectiles/HG_03_Bullet Variant.prefab using Guid(8ff4237b74dddae4d8bf4d9b4569601e) Importer(815301076,1909f56bfc062723c751e8b465ee728b)  -> (artifact id: '7b9f2a0cf6a78291fdf906ad1e4c8075') in 0.020832 seconds 
========================================================================
Received Import Request.
  Time since last request: 0.000016 seconds.
  path: Assets/Infima Games/Low Poly Shooter Pack/Prefabs/Projectiles/P_LPSP_PROJ_Grenade_01.prefab
  artifactKey: Guid(7b04fe350ed10a741a1e245447860d9e) Importer(815301076,1909f56bfc062723c751e8b465ee728b)
Start importing Assets/Infima Games/Low Poly Shooter Pack/Prefabs/Projectiles/P_LPSP_PROJ_Grenade_01.prefab using Guid(7b04fe350ed10a741a1e245447860d9e) Importer(815301076,1909f56bfc062723c751e8b465ee728b)  -> (artifact id: '73b23ecdf7aad794176ad782cb8cb61c') in 0.044334 seconds 
========================================================================
Received Import Request.
  Time since last request: 0.000029 seconds.
  path: Assets/Infima Games/Low Poly Shooter Pack/Prefabs/Projectiles/P_LPSP_PROJ_GL.prefab
  artifactKey: Guid(edf8c9b19ab77cd458707a7f9b3d825d) Importer(815301076,1909f56bfc062723c751e8b465ee728b)
Start importing Assets/Infima Games/Low Poly Shooter Pack/Prefabs/Projectiles/P_LPSP_PROJ_GL.prefab using Guid(edf8c9b19ab77cd458707a7f9b3d825d) Importer(815301076,1909f56bfc062723c751e8b465ee728b)  -> (artifact id: '4996f55c4347d42cbaef651c00df3176') in 0.021640 seconds 
========================================================================
Received Import Request.
  Time since last request: 0.000015 seconds.
  path: Assets/Infima Games/Low Poly Shooter Pack/Prefabs/Projectiles/P_LPSP_PROJ_RL.prefab
  artifactKey: Guid(6eff2e3f87451484da970b33bbf1411f) Importer(815301076,1909f56bfc062723c751e8b465ee728b)
Start importing Assets/Infima Games/Low Poly Shooter Pack/Prefabs/Projectiles/P_LPSP_PROJ_RL.prefab using Guid(6eff2e3f87451484da970b33bbf1411f) Importer(815301076,1909f56bfc062723c751e8b465ee728b)  -> (artifact id: 'ba1bab4bb9c957fd30c02e656c4b27d1') in 0.025096 seconds 
========================================================================
Received Import Request.
  Time since last request: 0.000014 seconds.
  path: Assets/Infima Games/Low Poly Shooter Pack/Prefabs/Projectiles/SMG_04_Bullet Variant.prefab
  artifactKey: Guid(2805c2e7e987f2d43b655db323c28fbe) Importer(815301076,1909f56bfc062723c751e8b465ee728b)
Start importing Assets/Infima Games/Low Poly Shooter Pack/Prefabs/Projectiles/SMG_04_Bullet Variant.prefab using Guid(2805c2e7e987f2d43b655db323c28fbe) Importer(815301076,1909f56bfc062723c751e8b465ee728b)  -> (artifact id: '0292aea3c4416b2386f69bc3c6309d97') in 0.033348 seconds 
========================================================================
Received Import Request.
  Time since last request: 0.000016 seconds.
  path: Assets/Infima Games/Low Poly Shooter Pack/Prefabs/Projectiles/SMG_5_Bullet Variant.prefab
  artifactKey: Guid(074c7594a10a45741a086d82712bc7a8) Importer(815301076,1909f56bfc062723c751e8b465ee728b)
Start importing Assets/Infima Games/Low Poly Shooter Pack/Prefabs/Projectiles/SMG_5_Bullet Variant.prefab using Guid(074c7594a10a45741a086d82712bc7a8) Importer(815301076,1909f56bfc062723c751e8b465ee728b)  -> (artifact id: '2829e1ee561fb4f48ea1f57cffb9f7b1') in 0.015203 seconds 
========================================================================
Received Import Request.
  Time since last request: 0.000015 seconds.
  path: Assets/Infima Games/Low Poly Shooter Pack/Prefabs/Projectiles/SMG_03_Bullet Variant.prefab
  artifactKey: Guid(1bae8bbedf5da6143b121d99010e799d) Importer(815301076,1909f56bfc062723c751e8b465ee728b)
Start importing Assets/Infima Games/Low Poly Shooter Pack/Prefabs/Projectiles/SMG_03_Bullet Variant.prefab using Guid(1bae8bbedf5da6143b121d99010e799d) Importer(815301076,1909f56bfc062723c751e8b465ee728b)  -> (artifact id: '52db5a0097c52f1b2a2a73f3d6ad1465') in 0.015546 seconds 
========================================================================
Received Import Request.
  Time since last request: 0.000015 seconds.
  path: Assets/Infima Games/Low Poly Shooter Pack/Prefabs/Projectiles/P_LPSP_PROJ_Bullet_01.prefab
  artifactKey: Guid(5953171a59c27394e9ad5cbb564affa8) Importer(815301076,1909f56bfc062723c751e8b465ee728b)
Start importing Assets/Infima Games/Low Poly Shooter Pack/Prefabs/Projectiles/P_LPSP_PROJ_Bullet_01.prefab using Guid(5953171a59c27394e9ad5cbb564affa8) Importer(815301076,1909f56bfc062723c751e8b465ee728b)  -> (artifact id: '91fd33daff403a7418430f5ebe6cf340') in 0.014729 seconds 
========================================================================
Received Import Request.
  Time since last request: 0.000016 seconds.
  path: Assets/Infima Games/Low Poly Shooter Pack/Prefabs/Projectiles/HG_4_Bullet Variant.prefab
  artifactKey: Guid(e4d31b8c867e5b74f8f1c3359134caba) Importer(815301076,1909f56bfc062723c751e8b465ee728b)
Start importing Assets/Infima Games/Low Poly Shooter Pack/Prefabs/Projectiles/HG_4_Bullet Variant.prefab using Guid(e4d31b8c867e5b74f8f1c3359134caba) Importer(815301076,1909f56bfc062723c751e8b465ee728b)  -> (artifact id: 'f06ebbeb69ca7fffc382ab22989c7a91') in 0.014818 seconds 
========================================================================
Received Import Request.
  Time since last request: 0.000019 seconds.
  path: Assets/Infima Games/Low Poly Shooter Pack/Prefabs/Projectiles/SMG_02_Bullet Variant.prefab
  artifactKey: Guid(9c7dae78c34181b46982a6744309b0fe) Importer(815301076,1909f56bfc062723c751e8b465ee728b)
Start importing Assets/Infima Games/Low Poly Shooter Pack/Prefabs/Projectiles/SMG_02_Bullet Variant.prefab using Guid(9c7dae78c34181b46982a6744309b0fe) Importer(815301076,1909f56bfc062723c751e8b465ee728b)  -> (artifact id: 'ecae969af84744e98297823a039cb15d') in 0.014947 seconds 
========================================================================
Received Import Request.
  Time since last request: 0.000018 seconds.
  path: Assets/Infima Games/Low Poly Shooter Pack/Prefabs/Projectiles/SMG_01_Bullet Variant.prefab
  artifactKey: Guid(4845ed84953b4a64bb0993cfb4e8147b) Importer(815301076,1909f56bfc062723c751e8b465ee728b)
Start importing Assets/Infima Games/Low Poly Shooter Pack/Prefabs/Projectiles/SMG_01_Bullet Variant.prefab using Guid(4845ed84953b4a64bb0993cfb4e8147b) Importer(815301076,1909f56bfc062723c751e8b465ee728b)  -> (artifact id: '2f8fa7ab8383d530bf6b763e36941280') in 0.015295 seconds 
========================================================================
Received Prepare
Registering precompiled user dll's ...
Registered in 0.007358 seconds.
Begin MonoManager ReloadAssembly
Symbol file LoadedFromMemory doesn't match image C:\Users\Mikhail\Desktop\Unity\Zombies-shooter\Zombies-shooter\Library\PackageCache\com.unity.visualscripting@1.8.0\Editor\VisualScripting.Core\Dependencies\YamlDotNet\Unity.VisualScripting.YamlDotNet.dll
Symbol file LoadedFromMemory doesn't match image C:\Users\Mikhail\Desktop\Unity\Zombies-shooter\Zombies-shooter\Library\PackageCache\com.unity.visualscripting@1.8.0\Editor\VisualScripting.Core\Dependencies\DotNetZip\Unity.VisualScripting.IonicZip.dll
Native extension for WindowsStandalone target not found
Native extension for WebGL target not found
Refreshing native plugins compatible for Editor in 1.63 ms, found 3 plugins.
Preloading 0 native plugins for Editor in 0.00 ms.
Mono: successfully reloaded assembly
- Completed reload, in  1.107 seconds
Domain Reload Profiling:
	ReloadAssembly (1107ms)
		BeginReloadAssembly (126ms)
			ExecutionOrderSort (0ms)
			DisableScriptedObjects (4ms)
			BackupInstance (0ms)
			ReleaseScriptingObjects (0ms)
			CreateAndSetChildDomain (37ms)
		EndReloadAssembly (885ms)
			LoadAssemblies (79ms)
			RebuildTransferFunctionScriptingTraits (0ms)
			SetupTypeCache (289ms)
			ReleaseScriptCaches (1ms)
			RebuildScriptCaches (37ms)
			SetupLoadedEditorAssemblies (433ms)
				LogAssemblyErrors (0ms)
				InitializePlatformSupportModulesInManaged (13ms)
				SetLoadedEditorAssemblies (0ms)
				RefreshPlugins (2ms)
				BeforeProcessingInitializeOnLoad (75ms)
				ProcessInitializeOnLoadAttributes (229ms)
				ProcessInitializeOnLoadMethodAttributes (107ms)
				AfterProcessingInitializeOnLoad (7ms)
				EditorAssembliesLoaded (0ms)
			ExecutionOrderSort2 (0ms)
			AwakeInstancesAfterBackupRestoration (6ms)
Platform modules already initialized, skipping
Refreshing native plugins compatible for Editor in 3.87 ms, found 3 plugins.
Preloading 0 native plugins for Editor in 0.00 ms.
Unloading 4743 Unused Serialized files (Serialized files now loaded: 0)
Unloading 31 unused Assets / (24.6 KB). Loaded Objects now: 5272.
Memory consumption went from 282.7 MB to 282.7 MB.
Total: 2.941900 ms (FindLiveObjects: 0.325800 ms CreateObjectMapping: 0.267600 ms MarkObjects: 2.325000 ms  DeleteObjects: 0.022700 ms)

AssetImportParameters requested are different than current active one (requested -> active):
  custom:video-decoder-ogg-theora: a1e56fd34408186e4bbccfd4996cb3dc -> 
  custom:container-muxer-webm: aa71ff27fc2769a1b78a27578f13a17b -> 
  custom:container-demuxer-webm: 4f35f7cbe854078d1ac9338744f61a02 -> 
  custom:video-encoder-webm-vp8: eb34c28f22e8b96e1ab97ce403110664 -> 
  custom:audio-encoder-webm-vorbis: bf7c407c2cedff20999df2af8eb42d56 -> 
  custom:framework-win-MediaFoundation: 216162199b28c13a410421893ffa2e32 -> 
  custom:container-demuxer-ogg: 62fdf1f143b41e24485cea50d1cbac27 -> 
  custom:video-decoder-webm-vp8: 9c59270c3fd7afecdb556c50c9e8de78 -> 
  custom:audio-decoder-ogg-vorbis: bf7c407c2cedff20999df2af8eb42d56 -> 
========================================================================
Received Prepare
Registering precompiled user dll's ...
Registered in 0.008667 seconds.
Begin MonoManager ReloadAssembly
Symbol file LoadedFromMemory doesn't match image C:\Users\Mikhail\Desktop\Unity\Zombies-shooter\Zombies-shooter\Library\PackageCache\com.unity.visualscripting@1.8.0\Editor\VisualScripting.Core\Dependencies\YamlDotNet\Unity.VisualScripting.YamlDotNet.dll
Symbol file LoadedFromMemory doesn't match image C:\Users\Mikhail\Desktop\Unity\Zombies-shooter\Zombies-shooter\Library\PackageCache\com.unity.visualscripting@1.8.0\Editor\VisualScripting.Core\Dependencies\DotNetZip\Unity.VisualScripting.IonicZip.dll
Native extension for WindowsStandalone target not found
Native extension for WebGL target not found
Refreshing native plugins compatible for Editor in 1.81 ms, found 3 plugins.
Preloading 0 native plugins for Editor in 0.00 ms.
Mono: successfully reloaded assembly
- Completed reload, in  1.107 seconds
Domain Reload Profiling:
	ReloadAssembly (1107ms)
		BeginReloadAssembly (123ms)
			ExecutionOrderSort (0ms)
			DisableScriptedObjects (5ms)
			BackupInstance (0ms)
			ReleaseScriptingObjects (0ms)
			CreateAndSetChildDomain (34ms)
		EndReloadAssembly (891ms)
			LoadAssemblies (82ms)
			RebuildTransferFunctionScriptingTraits (0ms)
			SetupTypeCache (295ms)
			ReleaseScriptCaches (1ms)
			RebuildScriptCaches (38ms)
			SetupLoadedEditorAssemblies (425ms)
				LogAssemblyErrors (0ms)
				InitializePlatformSupportModulesInManaged (13ms)
				SetLoadedEditorAssemblies (1ms)
				RefreshPlugins (2ms)
				BeforeProcessingInitializeOnLoad (75ms)
				ProcessInitializeOnLoadAttributes (226ms)
				ProcessInitializeOnLoadMethodAttributes (101ms)
				AfterProcessingInitializeOnLoad (7ms)
				EditorAssembliesLoaded (0ms)
			ExecutionOrderSort2 (0ms)
			AwakeInstancesAfterBackupRestoration (7ms)
Platform modules already initialized, skipping
Refreshing native plugins compatible for Editor in 3.63 ms, found 3 plugins.
Preloading 0 native plugins for Editor in 0.00 ms.
Unloading 4743 Unused Serialized files (Serialized files now loaded: 0)
Unloading 31 unused Assets / (25.6 KB). Loaded Objects now: 5275.
Memory consumption went from 282.7 MB to 282.7 MB.
Total: 3.415700 ms (FindLiveObjects: 0.324700 ms CreateObjectMapping: 0.253800 ms MarkObjects: 2.809300 ms  DeleteObjects: 0.027100 ms)

AssetImportParameters requested are different than current active one (requested -> active):
  custom:video-decoder-ogg-theora: a1e56fd34408186e4bbccfd4996cb3dc -> 
  custom:container-muxer-webm: aa71ff27fc2769a1b78a27578f13a17b -> 
  custom:container-demuxer-webm: 4f35f7cbe854078d1ac9338744f61a02 -> 
  custom:video-encoder-webm-vp8: eb34c28f22e8b96e1ab97ce403110664 -> 
  custom:audio-encoder-webm-vorbis: bf7c407c2cedff20999df2af8eb42d56 -> 
  custom:framework-win-MediaFoundation: 216162199b28c13a410421893ffa2e32 -> 
  custom:container-demuxer-ogg: 62fdf1f143b41e24485cea50d1cbac27 -> 
  custom:video-decoder-webm-vp8: 9c59270c3fd7afecdb556c50c9e8de78 -> 
  custom:audio-decoder-ogg-vorbis: bf7c407c2cedff20999df2af8eb42d56 -> 
========================================================================
Received Import Request.
  Time since last request: 362.143529 seconds.
  path: Assets/Infima Games/Low Poly Shooter Pack/Physics Materials/PM_Frictionless.physicMaterial
  artifactKey: Guid(59f700dae9067fd4a979d046ceb0ed04) Importer(815301076,1909f56bfc062723c751e8b465ee728b)
Start importing Assets/Infima Games/Low Poly Shooter Pack/Physics Materials/PM_Frictionless.physicMaterial using Guid(59f700dae9067fd4a979d046ceb0ed04) Importer(815301076,1909f56bfc062723c751e8b465ee728b)  -> (artifact id: '74796b93bfb370f25f70904d5cbc88db') in 0.027433 seconds 
========================================================================
Received Import Request.
  Time since last request: 0.000021 seconds.
  path: Assets/Infima Games/Low Poly Shooter Pack/Physics Materials/PM_Grenade.physicMaterial
  artifactKey: Guid(98422cde6324dcf4c8ad2c756e0516c0) Importer(815301076,1909f56bfc062723c751e8b465ee728b)
Start importing Assets/Infima Games/Low Poly Shooter Pack/Physics Materials/PM_Grenade.physicMaterial using Guid(98422cde6324dcf4c8ad2c756e0516c0) Importer(815301076,1909f56bfc062723c751e8b465ee728b)  -> (artifact id: 'fab579d44f36746eb114d80ac019e990') in 0.005510 seconds 
========================================================================
Received Import Request.
  Time since last request: 73.627670 seconds.
  path: Assets/Infima Games/Low Poly Shooter Pack/Prefabs/Projectiles/P_LPSP_PROJ_Grenade_01.prefab
  artifactKey: Guid(7b04fe350ed10a741a1e245447860d9e) Importer(815301076,1909f56bfc062723c751e8b465ee728b)
Start importing Assets/Infima Games/Low Poly Shooter Pack/Prefabs/Projectiles/P_LPSP_PROJ_Grenade_01.prefab using Guid(7b04fe350ed10a741a1e245447860d9e) Importer(815301076,1909f56bfc062723c751e8b465ee728b)  -> (artifact id: 'c4bc08c87041c40046f85df1660c315a') in 0.083313 seconds 
========================================================================
Received Import Request.
  Time since last request: 8.996436 seconds.
  path: Assets/Infima Games/Low Poly Shooter Pack/Prefabs/Projectiles/P_LPSP_PROJ_Grenade_01.prefab
  artifactKey: Guid(7b04fe350ed10a741a1e245447860d9e) Importer(815301076,1909f56bfc062723c751e8b465ee728b)
Start importing Assets/Infima Games/Low Poly Shooter Pack/Prefabs/Projectiles/P_LPSP_PROJ_Grenade_01.prefab using Guid(7b04fe350ed10a741a1e245447860d9e) Importer(815301076,1909f56bfc062723c751e8b465ee728b)  -> (artifact id: '94df2d4298a2d1ae77a28d2b233e4260') in 0.014982 seconds 
========================================================================
Received Import Request.
  Time since last request: 4.453777 seconds.
  path: Assets/Infima Games/Low Poly Shooter Pack/Prefabs/Projectiles/P_LPSP_PROJ_Grenade_01.prefab
  artifactKey: Guid(7b04fe350ed10a741a1e245447860d9e) Importer(815301076,1909f56bfc062723c751e8b465ee728b)
Start importing Assets/Infima Games/Low Poly Shooter Pack/Prefabs/Projectiles/P_LPSP_PROJ_Grenade_01.prefab using Guid(7b04fe350ed10a741a1e245447860d9e) Importer(815301076,1909f56bfc062723c751e8b465ee728b)  -> (artifact id: 'f55e6281bcaae4d920626789fbe5a45c') in 0.014958 seconds 
