Using pre-set license
Built from '2021.3/staging' branch; Version is '2021.3.16f1 (4016570cf34f) revision 4200023'; Using compiler version '192829333'; Build Type 'Release'
OS: 'Windows 10  (10.0.19045) 64bit Professional' Language: 'ru' Physical Memory: 4087 MB
BatchMode: 1, IsHumanControllingUs: 0, StartBugReporterOnCrash: 0, Is64bit: 1, IsPro: 1

COMMAND LINE ARGUMENTS:
C:\Program Files\Unity\Hub\Editor\2021.3.16f1\Editor\Unity.exe
-adb2
-batchMode
-noUpm
-name
AssetImportWorker9
-projectPath
C:/Users/ykpon/Desktop/Unity/Zombies-shooter/Zombies-shooter
-logFile
Logs/AssetImportWorker9.log
-srvPort
59152
Successfully changed project path to: C:/Users/ykpon/Desktop/Unity/Zombies-shooter/Zombies-shooter
C:/Users/ykpon/Desktop/Unity/Zombies-shooter/Zombies-shooter
[UnityMemory] Configuration Parameters - Can be set up in boot.config
    "memorysetup-bucket-allocator-granularity=16"
    "memorysetup-bucket-allocator-bucket-count=8"
    "memorysetup-bucket-allocator-block-size=33554432"
    "memorysetup-bucket-allocator-block-count=8"
    "memorysetup-main-allocator-block-size=16777216"
    "memorysetup-thread-allocator-block-size=16777216"
    "memorysetup-gfx-main-allocator-block-size=16777216"
    "memorysetup-gfx-thread-allocator-block-size=16777216"
    "memorysetup-cache-allocator-block-size=4194304"
    "memorysetup-typetree-allocator-block-size=2097152"
    "memorysetup-profiler-bucket-allocator-granularity=16"
    "memorysetup-profiler-bucket-allocator-bucket-count=8"
    "memorysetup-profiler-bucket-allocator-block-size=33554432"
    "memorysetup-profiler-bucket-allocator-block-count=8"
    "memorysetup-profiler-allocator-block-size=16777216"
    "memorysetup-profiler-editor-allocator-block-size=1048576"
    "memorysetup-temp-allocator-size-main=16777216"
    "memorysetup-job-temp-allocator-block-size=2097152"
    "memorysetup-job-temp-allocator-block-size-background=1048576"
    "memorysetup-job-temp-allocator-reduction-small-platforms=262144"
    "memorysetup-temp-allocator-size-background-worker=32768"
    "memorysetup-temp-allocator-size-job-worker=262144"
    "memorysetup-temp-allocator-size-preload-manager=33554432"
    "memorysetup-temp-allocator-size-nav-mesh-worker=65536"
    "memorysetup-temp-allocator-size-audio-worker=65536"
    "memorysetup-temp-allocator-size-cloud-worker=32768"
    "memorysetup-temp-allocator-size-gi-baking-worker=262144"
    "memorysetup-temp-allocator-size-gfx=262144"
Player connection [11564] Host "[IP] 192.168.1.5 [Port] 0 [Flags] 2 [Guid] 4242554023 [EditorId] 4242554023 [Version] 1048832 [Id] WindowsEditor(7,DESKTOP-EPQHHOF) [Debug] 1 [PackageName] WindowsEditor [ProjectName] Editor" joined multi-casting on [225.0.0.222:54997]...

Player connection [11564] Host "[IP] 192.168.1.5 [Port] 0 [Flags] 2 [Guid] 4242554023 [EditorId] 4242554023 [Version] 1048832 [Id] WindowsEditor(7,DESKTOP-EPQHHOF) [Debug] 1 [PackageName] WindowsEditor [ProjectName] Editor" joined alternative multi-casting on [225.0.0.222:34997]...

Refreshing native plugins compatible for Editor in 340.45 ms, found 3 plugins.
Preloading 0 native plugins for Editor in 0.00 ms.
Initialize engine version: 2021.3.16f1 (4016570cf34f)
[Subsystems] Discovering subsystems at path C:/Program Files/Unity/Hub/Editor/2021.3.16f1/Editor/Data/Resources/UnitySubsystems
[Subsystems] Discovering subsystems at path C:/Users/ykpon/Desktop/Unity/Zombies-shooter/Zombies-shooter/Assets
GfxDevice: creating device client; threaded=0; jobified=0
Direct3D:
    Version:  Direct3D 11.0 [level 11.0]
    Renderer: NVIDIA GeForce GTS 450 (ID=0x1245)
    Vendor:   NVIDIA
    VRAM:     969 MB
    Driver:   23.21.13.9135
Initialize mono
Mono path[0] = 'C:/Program Files/Unity/Hub/Editor/2021.3.16f1/Editor/Data/Managed'
Mono path[1] = 'C:/Program Files/Unity/Hub/Editor/2021.3.16f1/Editor/Data/MonoBleedingEdge/lib/mono/unityjit-win32'
Mono config path = 'C:/Program Files/Unity/Hub/Editor/2021.3.16f1/Editor/Data/MonoBleedingEdge/etc'
Using monoOptions --debugger-agent=transport=dt_socket,embedding=1,server=y,suspend=n,address=127.0.0.1:56260
Begin MonoManager ReloadAssembly
Registering precompiled unity dll's ...
Register platform support module: C:/Program Files/Unity/Hub/Editor/2021.3.16f1/Editor/Data/PlaybackEngines/WebGLSupport/UnityEditor.WebGL.Extensions.dll
Register platform support module: C:/Program Files/Unity/Hub/Editor/2021.3.16f1/Editor/Data/PlaybackEngines/AndroidPlayer/UnityEditor.Android.Extensions.dll
Register platform support module: C:/Program Files/Unity/Hub/Editor/2021.3.16f1/Editor/Data/PlaybackEngines/iOSSupport/UnityEditor.iOS.Extensions.dll
Register platform support module: C:/Program Files/Unity/Hub/Editor/2021.3.16f1/Editor/Data/PlaybackEngines/WindowsStandaloneSupport/UnityEditor.WindowsStandalone.Extensions.dll
Registered in 0.019419 seconds.
Native extension for WindowsStandalone target not found
[usbmuxd] Start listen thread
[usbmuxd] Listen thread started
Native extension for iOS target not found
Native extension for Android target not found
Native extension for WebGL target not found
Refreshing native plugins compatible for Editor in 292.06 ms, found 3 plugins.
Preloading 0 native plugins for Editor in 0.00 ms.
Mono: successfully reloaded assembly
- Completed reload, in  1.742 seconds
Domain Reload Profiling:
	ReloadAssembly (1744ms)
		BeginReloadAssembly (166ms)
			ExecutionOrderSort (0ms)
			DisableScriptedObjects (0ms)
			BackupInstance (0ms)
			ReleaseScriptingObjects (0ms)
			CreateAndSetChildDomain (2ms)
		EndReloadAssembly (1330ms)
			LoadAssemblies (161ms)
			RebuildTransferFunctionScriptingTraits (0ms)
			SetupTypeCache (211ms)
			ReleaseScriptCaches (0ms)
			RebuildScriptCaches (60ms)
			SetupLoadedEditorAssemblies (935ms)
				LogAssemblyErrors (0ms)
				InitializePlatformSupportModulesInManaged (135ms)
				SetLoadedEditorAssemblies (0ms)
				RefreshPlugins (292ms)
				BeforeProcessingInitializeOnLoad (2ms)
				ProcessInitializeOnLoadAttributes (262ms)
				ProcessInitializeOnLoadMethodAttributes (242ms)
				AfterProcessingInitializeOnLoad (0ms)
				EditorAssembliesLoaded (0ms)
			ExecutionOrderSort2 (0ms)
			AwakeInstancesAfterBackupRestoration (0ms)
Platform modules already initialized, skipping
Registering precompiled user dll's ...
Registered in 0.037310 seconds.
Begin MonoManager ReloadAssembly
Symbol file LoadedFromMemory doesn't match image C:\Users\ykpon\Desktop\Unity\Zombies-shooter\Zombies-shooter\Library\PackageCache\com.unity.visualscripting@1.7.8\Editor\VisualScripting.Core\Dependencies\DotNetZip\Unity.VisualScripting.IonicZip.dll
Symbol file LoadedFromMemory doesn't match image C:\Users\ykpon\Desktop\Unity\Zombies-shooter\Zombies-shooter\Library\PackageCache\com.unity.visualscripting@1.7.8\Editor\VisualScripting.Core\Dependencies\YamlDotNet\Unity.VisualScripting.YamlDotNet.dll
Native extension for WindowsStandalone target not found
Native extension for iOS target not found
Native extension for Android target not found
Native extension for WebGL target not found
Refreshing native plugins compatible for Editor in 320.34 ms, found 3 plugins.
Preloading 0 native plugins for Editor in 0.00 ms.
Mono: successfully reloaded assembly
- Completed reload, in  5.696 seconds
Domain Reload Profiling:
	ReloadAssembly (5697ms)
		BeginReloadAssembly (372ms)
			ExecutionOrderSort (0ms)
			DisableScriptedObjects (20ms)
			BackupInstance (0ms)
			ReleaseScriptingObjects (0ms)
			CreateAndSetChildDomain (150ms)
		EndReloadAssembly (5019ms)
			LoadAssemblies (589ms)
			RebuildTransferFunctionScriptingTraits (0ms)
			SetupTypeCache (1523ms)
			ReleaseScriptCaches (1ms)
			RebuildScriptCaches (111ms)
			SetupLoadedEditorAssemblies (2655ms)
				LogAssemblyErrors (0ms)
				InitializePlatformSupportModulesInManaged (76ms)
				SetLoadedEditorAssemblies (0ms)
				RefreshPlugins (320ms)
				BeforeProcessingInitializeOnLoad (241ms)
				ProcessInitializeOnLoadAttributes (1507ms)
				ProcessInitializeOnLoadMethodAttributes (489ms)
				AfterProcessingInitializeOnLoad (19ms)
				EditorAssembliesLoaded (1ms)
			ExecutionOrderSort2 (0ms)
			AwakeInstancesAfterBackupRestoration (10ms)
Platform modules already initialized, skipping
========================================================================
Worker process is ready to serve import requests
Launched and connected shader compiler UnityShaderCompiler.exe after 0.56 seconds
Refreshing native plugins compatible for Editor in 3.22 ms, found 3 plugins.
Preloading 0 native plugins for Editor in 0.00 ms.
Unloading 4748 Unused Serialized files (Serialized files now loaded: 0)
Unloading 87 unused Assets / (260.3 KB). Loaded Objects now: 5174.
Memory consumption went from 269.3 MB to 269.0 MB.
Total: 8.083300 ms (FindLiveObjects: 1.002400 ms CreateObjectMapping: 0.261700 ms MarkObjects: 6.467600 ms  DeleteObjects: 0.349100 ms)

AssetImportParameters requested are different than current active one (requested -> active):
  custom:video-decoder-ogg-theora: a1e56fd34408186e4bbccfd4996cb3dc -> 
  custom:container-muxer-webm: aa71ff27fc2769a1b78a27578f13a17b -> 
  custom:container-demuxer-webm: 4f35f7cbe854078d1ac9338744f61a02 -> 
  custom:video-encoder-webm-vp8: eb34c28f22e8b96e1ab97ce403110664 -> 
  custom:audio-encoder-webm-vorbis: bf7c407c2cedff20999df2af8eb42d56 -> 
  custom:framework-win-MediaFoundation: 216162199b28c13a410421893ffa2e32 -> 
  custom:container-demuxer-ogg: 62fdf1f143b41e24485cea50d1cbac27 -> 
  custom:video-decoder-webm-vp8: 9c59270c3fd7afecdb556c50c9e8de78 -> 
  custom:audio-decoder-ogg-vorbis: bf7c407c2cedff20999df2af8eb42d56 -> 
========================================================================
Received Import Request.
  Time since last request: 1514.112196 seconds.
  path: Assets/Infima Games/Low Poly Shooter Pack/Prefabs/Weapons/Attachments/Specific/P_LPSP_WEP_ATT_Silencer_02.prefab
  artifactKey: Guid(36b623c00545cdb49a842dc448ffc5b8) Importer(815301076,1909f56bfc062723c751e8b465ee728b)
Start importing Assets/Infima Games/Low Poly Shooter Pack/Prefabs/Weapons/Attachments/Specific/P_LPSP_WEP_ATT_Silencer_02.prefab using Guid(36b623c00545cdb49a842dc448ffc5b8) Importer(815301076,1909f56bfc062723c751e8b465ee728b)  -> (artifact id: 'fb622d5b83246562ae3a1a83dcb5a6a2') in 0.569132 seconds 
========================================================================
Received Import Request.
  Time since last request: 0.000045 seconds.
  path: Assets/Infima Games/Low Poly Shooter Pack/Prefabs/Weapons/P_LPSP_WEP_AR_03.prefab
  artifactKey: Guid(4a4b8a3ad4e704d41951ddfdb2797d07) Importer(815301076,1909f56bfc062723c751e8b465ee728b)
Start importing Assets/Infima Games/Low Poly Shooter Pack/Prefabs/Weapons/P_LPSP_WEP_AR_03.prefab using Guid(4a4b8a3ad4e704d41951ddfdb2797d07) Importer(815301076,1909f56bfc062723c751e8b465ee728b)  -> (artifact id: 'ec350b84e14c970b8ec84c0596f40b94') in 15.285366 seconds 
========================================================================
Received Import Request.
  Time since last request: 0.000087 seconds.
  path: Assets/Infima Games/Low Poly Shooter Pack/Prefabs/Weapons/P_LPSP_WEP_Handgun_02.prefab
  artifactKey: Guid(8e4a73c62bb7a404db9c33a2c4369c16) Importer(815301076,1909f56bfc062723c751e8b465ee728b)
Start importing Assets/Infima Games/Low Poly Shooter Pack/Prefabs/Weapons/P_LPSP_WEP_Handgun_02.prefab using Guid(8e4a73c62bb7a404db9c33a2c4369c16) Importer(815301076,1909f56bfc062723c751e8b465ee728b)  -> (artifact id: '96777117fa02827cefd9cdc31890abba') in 18.175089 seconds 
========================================================================
Received Import Request.
  Time since last request: 0.000060 seconds.
  path: Assets/Infima Games/Low Poly Shooter Pack/Prefabs/Weapons/Attachments/Specific/P_LPSP_WEP_Magazine.prefab
  artifactKey: Guid(32e37db670c44c249b0a036c3e638aa2) Importer(815301076,1909f56bfc062723c751e8b465ee728b)
Start importing Assets/Infima Games/Low Poly Shooter Pack/Prefabs/Weapons/Attachments/Specific/P_LPSP_WEP_Magazine.prefab using Guid(32e37db670c44c249b0a036c3e638aa2) Importer(815301076,1909f56bfc062723c751e8b465ee728b)  -> (artifact id: '149b44498a20798ddb9c1f7002ecc244') in 0.195767 seconds 
========================================================================
Received Import Request.
  Time since last request: 0.000053 seconds.
  path: Assets/Infima Games/Low Poly Shooter Pack/Prefabs/Weapons/P_LPSP_WEP_AR_01.prefab
  artifactKey: Guid(8c7ba79f8ec05794aba7ffdd3d8aba93) Importer(815301076,1909f56bfc062723c751e8b465ee728b)
Start importing Assets/Infima Games/Low Poly Shooter Pack/Prefabs/Weapons/P_LPSP_WEP_AR_01.prefab using Guid(8c7ba79f8ec05794aba7ffdd3d8aba93) Importer(815301076,1909f56bfc062723c751e8b465ee728b)  -> (artifact id: '19e6e30bf2d38e47418497456626ca23') in 38.769149 seconds 
========================================================================
Received Import Request.
  Time since last request: 0.000054 seconds.
  path: Assets/Infima Games/Low Poly Shooter Pack/Prefabs/Weapons/P_LPSP_WEP_SMG_01.prefab
  artifactKey: Guid(f01300d92eca1d34c977ec94fe940f2a) Importer(815301076,1909f56bfc062723c751e8b465ee728b)
Start importing Assets/Infima Games/Low Poly Shooter Pack/Prefabs/Weapons/P_LPSP_WEP_SMG_01.prefab using Guid(f01300d92eca1d34c977ec94fe940f2a) Importer(815301076,1909f56bfc062723c751e8b465ee728b)  -> (artifact id: 'e252d6d0b4f87cc23e91510b94bd8ff4') in 30.502359 seconds 
========================================================================
Received Import Request.
  Time since last request: 0.000087 seconds.
  path: Assets/Infima Games/Low Poly Shooter Pack/Prefabs/Weapons/Attachments/Specific/P_LPSP_WEP_ATT_Silencer_01.prefab
  artifactKey: Guid(209489031a3ced84dbe74e379aae2c76) Importer(815301076,1909f56bfc062723c751e8b465ee728b)
Start importing Assets/Infima Games/Low Poly Shooter Pack/Prefabs/Weapons/Attachments/Specific/P_LPSP_WEP_ATT_Silencer_01.prefab using Guid(209489031a3ced84dbe74e379aae2c76) Importer(815301076,1909f56bfc062723c751e8b465ee728b)  -> (artifact id: '1716b86d3761836e686796e75f4fd497') in 0.060020 seconds 
========================================================================
Received Import Request.
  Time since last request: 0.000047 seconds.
  path: Assets/Infima Games/Low Poly Shooter Pack/Prefabs/Weapons/Attachments/Specific/P_LPSP_WEP_ATT_Silencer_03.prefab
  artifactKey: Guid(232d12e5a30c1684ca33398f69a2f100) Importer(815301076,1909f56bfc062723c751e8b465ee728b)
Start importing Assets/Infima Games/Low Poly Shooter Pack/Prefabs/Weapons/Attachments/Specific/P_LPSP_WEP_ATT_Silencer_03.prefab using Guid(232d12e5a30c1684ca33398f69a2f100) Importer(815301076,1909f56bfc062723c751e8b465ee728b)  -> (artifact id: 'e50891f7cf6d36e04a36c3720000e96a') in 0.072876 seconds 
========================================================================
Received Import Request.
  Time since last request: 0.000046 seconds.
  path: Assets/Infima Games/Low Poly Shooter Pack/Prefabs/Weapons
  artifactKey: Guid(960695526ae71be47ac8c6f48ba65214) Importer(815301076,1909f56bfc062723c751e8b465ee728b)
Start importing Assets/Infima Games/Low Poly Shooter Pack/Prefabs/Weapons using Guid(960695526ae71be47ac8c6f48ba65214) Importer(815301076,1909f56bfc062723c751e8b465ee728b)  -> (artifact id: '5d4bc99d9c149d3b418a3aeec642fb7f') in 0.057270 seconds 
========================================================================
Received Import Request.
  Time since last request: 0.000060 seconds.
  path: Assets/Infima Games/Low Poly Shooter Pack/Prefabs/Weapons/P_LPSP_WEP_Handgun_03.prefab
  artifactKey: Guid(464d2b315a1ed6b408948cc2fc04e8f7) Importer(815301076,1909f56bfc062723c751e8b465ee728b)
Start importing Assets/Infima Games/Low Poly Shooter Pack/Prefabs/Weapons/P_LPSP_WEP_Handgun_03.prefab using Guid(464d2b315a1ed6b408948cc2fc04e8f7) Importer(815301076,1909f56bfc062723c751e8b465ee728b)  -> (artifact id: '0cd1d8fe933f91fc9f121f917db1e971') in 13.112464 seconds 
========================================================================
Received Import Request.
  Time since last request: 0.000075 seconds.
  path: Assets/Infima Games/Low Poly Shooter Pack/Prefabs/P_LPSP_FP_CH.prefab
  artifactKey: Guid(19eadcf8fbed56b4da77ca94c1b4145f) Importer(815301076,1909f56bfc062723c751e8b465ee728b)
Start importing Assets/Infima Games/Low Poly Shooter Pack/Prefabs/P_LPSP_FP_CH.prefab using Guid(19eadcf8fbed56b4da77ca94c1b4145f) Importer(815301076,1909f56bfc062723c751e8b465ee728b)  -> (artifact id: '608a35d8c1b9865b2175c924b7aef7fc') in 69.820107 seconds 
========================================================================
Received Prepare
Registering precompiled user dll's ...
Registered in 0.039130 seconds.
Begin MonoManager ReloadAssembly
Symbol file LoadedFromMemory doesn't match image C:\Users\ykpon\Desktop\Unity\Zombies-shooter\Zombies-shooter\Library\PackageCache\com.unity.visualscripting@1.7.8\Editor\VisualScripting.Core\Dependencies\DotNetZip\Unity.VisualScripting.IonicZip.dll
Symbol file LoadedFromMemory doesn't match image C:\Users\ykpon\Desktop\Unity\Zombies-shooter\Zombies-shooter\Library\PackageCache\com.unity.visualscripting@1.7.8\Editor\VisualScripting.Core\Dependencies\YamlDotNet\Unity.VisualScripting.YamlDotNet.dll
Native extension for WindowsStandalone target not found
Native extension for iOS target not found
Native extension for Android target not found
Native extension for WebGL target not found
Refreshing native plugins compatible for Editor in 4.34 ms, found 3 plugins.
Preloading 0 native plugins for Editor in 0.00 ms.
Mono: successfully reloaded assembly
- Completed reload, in  7.582 seconds
Domain Reload Profiling:
	ReloadAssembly (7602ms)
		BeginReloadAssembly (2475ms)
			ExecutionOrderSort (0ms)
			DisableScriptedObjects (64ms)
			BackupInstance (0ms)
			ReleaseScriptingObjects (0ms)
			CreateAndSetChildDomain (1098ms)
		EndReloadAssembly (3880ms)
			LoadAssemblies (1262ms)
			RebuildTransferFunctionScriptingTraits (35ms)
			SetupTypeCache (1018ms)
			ReleaseScriptCaches (3ms)
			RebuildScriptCaches (118ms)
			SetupLoadedEditorAssemblies (1564ms)
				LogAssemblyErrors (0ms)
				InitializePlatformSupportModulesInManaged (103ms)
				SetLoadedEditorAssemblies (21ms)
				RefreshPlugins (4ms)
				BeforeProcessingInitializeOnLoad (182ms)
				ProcessInitializeOnLoadAttributes (764ms)
				ProcessInitializeOnLoadMethodAttributes (471ms)
				AfterProcessingInitializeOnLoad (18ms)
				EditorAssembliesLoaded (1ms)
			ExecutionOrderSort2 (0ms)
			AwakeInstancesAfterBackupRestoration (12ms)
Platform modules already initialized, skipping
Refreshing native plugins compatible for Editor in 27.16 ms, found 3 plugins.
Preloading 0 native plugins for Editor in 0.00 ms.
Unloading 4696 Unused Serialized files (Serialized files now loaded: 0)
Unloading 79 unused Assets / (227.0 KB). Loaded Objects now: 5192.
Memory consumption went from 278.8 MB to 278.6 MB.
Total: 43.707700 ms (FindLiveObjects: 0.909700 ms CreateObjectMapping: 0.269600 ms MarkObjects: 42.150000 ms  DeleteObjects: 0.374700 ms)

AssetImportParameters requested are different than current active one (requested -> active):
  custom:video-decoder-ogg-theora: a1e56fd34408186e4bbccfd4996cb3dc -> 
  custom:container-muxer-webm: aa71ff27fc2769a1b78a27578f13a17b -> 
  custom:container-demuxer-webm: 4f35f7cbe854078d1ac9338744f61a02 -> 
  custom:video-encoder-webm-vp8: eb34c28f22e8b96e1ab97ce403110664 -> 
  custom:audio-encoder-webm-vorbis: bf7c407c2cedff20999df2af8eb42d56 -> 
  custom:framework-win-MediaFoundation: 216162199b28c13a410421893ffa2e32 -> 
  custom:container-demuxer-ogg: 62fdf1f143b41e24485cea50d1cbac27 -> 
  custom:video-decoder-webm-vp8: 9c59270c3fd7afecdb556c50c9e8de78 -> 
  custom:audio-decoder-ogg-vorbis: bf7c407c2cedff20999df2af8eb42d56 -> 
========================================================================
Received Prepare
Registering precompiled user dll's ...
Registered in 0.077633 seconds.
Begin MonoManager ReloadAssembly
Symbol file LoadedFromMemory doesn't match image C:\Users\ykpon\Desktop\Unity\Zombies-shooter\Zombies-shooter\Library\PackageCache\com.unity.visualscripting@1.7.8\Editor\VisualScripting.Core\Dependencies\DotNetZip\Unity.VisualScripting.IonicZip.dll
Symbol file LoadedFromMemory doesn't match image C:\Users\ykpon\Desktop\Unity\Zombies-shooter\Zombies-shooter\Library\PackageCache\com.unity.visualscripting@1.7.8\Editor\VisualScripting.Core\Dependencies\YamlDotNet\Unity.VisualScripting.YamlDotNet.dll
Native extension for WindowsStandalone target not found
Native extension for iOS target not found
Native extension for Android target not found
Native extension for WebGL target not found
Refreshing native plugins compatible for Editor in 3.29 ms, found 3 plugins.
Preloading 0 native plugins for Editor in 0.00 ms.
Mono: successfully reloaded assembly
- Completed reload, in  2.720 seconds
Domain Reload Profiling:
	ReloadAssembly (2722ms)
		BeginReloadAssembly (339ms)
			ExecutionOrderSort (0ms)
			DisableScriptedObjects (9ms)
			BackupInstance (0ms)
			ReleaseScriptingObjects (0ms)
			CreateAndSetChildDomain (137ms)
		EndReloadAssembly (2179ms)
			LoadAssemblies (209ms)
			RebuildTransferFunctionScriptingTraits (0ms)
			SetupTypeCache (675ms)
			ReleaseScriptCaches (2ms)
			RebuildScriptCaches (97ms)
			SetupLoadedEditorAssemblies (1092ms)
				LogAssemblyErrors (0ms)
				InitializePlatformSupportModulesInManaged (75ms)
				SetLoadedEditorAssemblies (1ms)
				RefreshPlugins (3ms)
				BeforeProcessingInitializeOnLoad (164ms)
				ProcessInitializeOnLoadAttributes (593ms)
				ProcessInitializeOnLoadMethodAttributes (234ms)
				AfterProcessingInitializeOnLoad (21ms)
				EditorAssembliesLoaded (0ms)
			ExecutionOrderSort2 (0ms)
			AwakeInstancesAfterBackupRestoration (10ms)
Platform modules already initialized, skipping
Refreshing native plugins compatible for Editor in 15.13 ms, found 3 plugins.
Preloading 0 native plugins for Editor in 0.00 ms.
Unloading 4696 Unused Serialized files (Serialized files now loaded: 0)
Unloading 78 unused Assets / (226.9 KB). Loaded Objects now: 5195.
Memory consumption went from 278.8 MB to 278.6 MB.
Total: 15.351900 ms (FindLiveObjects: 0.859100 ms CreateObjectMapping: 0.246400 ms MarkObjects: 13.916700 ms  DeleteObjects: 0.326600 ms)

AssetImportParameters requested are different than current active one (requested -> active):
  custom:video-decoder-ogg-theora: a1e56fd34408186e4bbccfd4996cb3dc -> 
  custom:container-muxer-webm: aa71ff27fc2769a1b78a27578f13a17b -> 
  custom:container-demuxer-webm: 4f35f7cbe854078d1ac9338744f61a02 -> 
  custom:video-encoder-webm-vp8: eb34c28f22e8b96e1ab97ce403110664 -> 
  custom:audio-encoder-webm-vorbis: bf7c407c2cedff20999df2af8eb42d56 -> 
  custom:framework-win-MediaFoundation: 216162199b28c13a410421893ffa2e32 -> 
  custom:container-demuxer-ogg: 62fdf1f143b41e24485cea50d1cbac27 -> 
  custom:video-decoder-webm-vp8: 9c59270c3fd7afecdb556c50c9e8de78 -> 
  custom:audio-decoder-ogg-vorbis: bf7c407c2cedff20999df2af8eb42d56 -> 
========================================================================
Received Import Request.
  Time since last request: 119.735253 seconds.
  path: Assets/Infima Games/Low Poly Shooter Pack/Art/Materials/Effects/M_Bullet_Glow.mat
  artifactKey: Guid(a67df17391c315142b37a14f9dffc5a1) Importer(815301076,1909f56bfc062723c751e8b465ee728b)
Start importing Assets/Infima Games/Low Poly Shooter Pack/Art/Materials/Effects/M_Bullet_Glow.mat using Guid(a67df17391c315142b37a14f9dffc5a1) Importer(815301076,1909f56bfc062723c751e8b465ee728b)  -> (artifact id: 'f978f01df257ba1cc30265a73be54074') in 0.554888 seconds 
========================================================================
Received Prepare
Registering precompiled user dll's ...
Registered in 0.196018 seconds.
Begin MonoManager ReloadAssembly
Symbol file LoadedFromMemory doesn't match image C:\Users\ykpon\Desktop\Unity\Zombies-shooter\Zombies-shooter\Library\PackageCache\com.unity.visualscripting@1.7.8\Editor\VisualScripting.Core\Dependencies\DotNetZip\Unity.VisualScripting.IonicZip.dll
Symbol file LoadedFromMemory doesn't match image C:\Users\ykpon\Desktop\Unity\Zombies-shooter\Zombies-shooter\Library\PackageCache\com.unity.visualscripting@1.7.8\Editor\VisualScripting.Core\Dependencies\YamlDotNet\Unity.VisualScripting.YamlDotNet.dll
Native extension for WindowsStandalone target not found
Native extension for iOS target not found
Native extension for Android target not found
Native extension for WebGL target not found
Refreshing native plugins compatible for Editor in 4.11 ms, found 3 plugins.
Preloading 0 native plugins for Editor in 0.00 ms.
Mono: successfully reloaded assembly
- Completed reload, in 19.839 seconds
Domain Reload Profiling:
	ReloadAssembly (19886ms)
		BeginReloadAssembly (10735ms)
			ExecutionOrderSort (0ms)
			DisableScriptedObjects (388ms)
			BackupInstance (0ms)
			ReleaseScriptingObjects (2ms)
			CreateAndSetChildDomain (5688ms)
		EndReloadAssembly (8059ms)
			LoadAssemblies (1976ms)
			RebuildTransferFunctionScriptingTraits (7ms)
			SetupTypeCache (3746ms)
			ReleaseScriptCaches (37ms)
			RebuildScriptCaches (170ms)
			SetupLoadedEditorAssemblies (2617ms)
				LogAssemblyErrors (0ms)
				InitializePlatformSupportModulesInManaged (183ms)
				SetLoadedEditorAssemblies (2ms)
				RefreshPlugins (4ms)
				BeforeProcessingInitializeOnLoad (189ms)
				ProcessInitializeOnLoadAttributes (1344ms)
				ProcessInitializeOnLoadMethodAttributes (872ms)
				AfterProcessingInitializeOnLoad (23ms)
				EditorAssembliesLoaded (0ms)
			ExecutionOrderSort2 (0ms)
			AwakeInstancesAfterBackupRestoration (10ms)
Platform modules already initialized, skipping
Refreshing native plugins compatible for Editor in 46.45 ms, found 3 plugins.
Preloading 0 native plugins for Editor in 0.00 ms.
Unloading 4696 Unused Serialized files (Serialized files now loaded: 0)
Unloading 78 unused Assets / (227.4 KB). Loaded Objects now: 5231.
Memory consumption went from 279.0 MB to 278.8 MB.
Total: 40.334000 ms (FindLiveObjects: 0.902800 ms CreateObjectMapping: 0.250100 ms MarkObjects: 32.403600 ms  DeleteObjects: 6.773600 ms)

AssetImportParameters requested are different than current active one (requested -> active):
  custom:video-decoder-ogg-theora: a1e56fd34408186e4bbccfd4996cb3dc -> 
  custom:container-muxer-webm: aa71ff27fc2769a1b78a27578f13a17b -> 
  custom:container-demuxer-webm: 4f35f7cbe854078d1ac9338744f61a02 -> 
  custom:video-encoder-webm-vp8: eb34c28f22e8b96e1ab97ce403110664 -> 
  custom:audio-encoder-webm-vorbis: bf7c407c2cedff20999df2af8eb42d56 -> 
  custom:framework-win-MediaFoundation: 216162199b28c13a410421893ffa2e32 -> 
  custom:container-demuxer-ogg: 62fdf1f143b41e24485cea50d1cbac27 -> 
  custom:video-decoder-webm-vp8: 9c59270c3fd7afecdb556c50c9e8de78 -> 
  custom:audio-decoder-ogg-vorbis: bf7c407c2cedff20999df2af8eb42d56 -> 
========================================================================
Received Prepare
Registering precompiled user dll's ...
Registered in 0.025448 seconds.
Begin MonoManager ReloadAssembly
Symbol file LoadedFromMemory doesn't match image C:\Users\ykpon\Desktop\Unity\Zombies-shooter\Zombies-shooter\Library\PackageCache\com.unity.visualscripting@1.7.8\Editor\VisualScripting.Core\Dependencies\DotNetZip\Unity.VisualScripting.IonicZip.dll
Symbol file LoadedFromMemory doesn't match image C:\Users\ykpon\Desktop\Unity\Zombies-shooter\Zombies-shooter\Library\PackageCache\com.unity.visualscripting@1.7.8\Editor\VisualScripting.Core\Dependencies\YamlDotNet\Unity.VisualScripting.YamlDotNet.dll
Native extension for WindowsStandalone target not found
Native extension for iOS target not found
Native extension for Android target not found
Native extension for WebGL target not found
Refreshing native plugins compatible for Editor in 3.83 ms, found 3 plugins.
Preloading 0 native plugins for Editor in 0.00 ms.
Mono: successfully reloaded assembly
- Completed reload, in  8.694 seconds
Domain Reload Profiling:
	ReloadAssembly (8750ms)
		BeginReloadAssembly (2395ms)
			ExecutionOrderSort (0ms)
			DisableScriptedObjects (147ms)
			BackupInstance (0ms)
			ReleaseScriptingObjects (15ms)
			CreateAndSetChildDomain (890ms)
		EndReloadAssembly (5787ms)
			LoadAssemblies (2472ms)
			RebuildTransferFunctionScriptingTraits (0ms)
			SetupTypeCache (1942ms)
			ReleaseScriptCaches (34ms)
			RebuildScriptCaches (95ms)
			SetupLoadedEditorAssemblies (1555ms)
				LogAssemblyErrors (0ms)
				InitializePlatformSupportModulesInManaged (184ms)
				SetLoadedEditorAssemblies (30ms)
				RefreshPlugins (4ms)
				BeforeProcessingInitializeOnLoad (155ms)
				ProcessInitializeOnLoadAttributes (737ms)
				ProcessInitializeOnLoadMethodAttributes (419ms)
				AfterProcessingInitializeOnLoad (26ms)
				EditorAssembliesLoaded (0ms)
			ExecutionOrderSort2 (0ms)
			AwakeInstancesAfterBackupRestoration (11ms)
Platform modules already initialized, skipping
Refreshing native plugins compatible for Editor in 27.75 ms, found 3 plugins.
Preloading 0 native plugins for Editor in 0.00 ms.
Unloading 4696 Unused Serialized files (Serialized files now loaded: 0)
Unloading 78 unused Assets / (227.3 KB). Loaded Objects now: 5234.
Memory consumption went from 279.1 MB to 278.8 MB.
Total: 38.649800 ms (FindLiveObjects: 1.344600 ms CreateObjectMapping: 0.583600 ms MarkObjects: 32.421000 ms  DeleteObjects: 4.295900 ms)

AssetImportParameters requested are different than current active one (requested -> active):
  custom:video-decoder-ogg-theora: a1e56fd34408186e4bbccfd4996cb3dc -> 
  custom:container-muxer-webm: aa71ff27fc2769a1b78a27578f13a17b -> 
  custom:container-demuxer-webm: 4f35f7cbe854078d1ac9338744f61a02 -> 
  custom:video-encoder-webm-vp8: eb34c28f22e8b96e1ab97ce403110664 -> 
  custom:audio-encoder-webm-vorbis: bf7c407c2cedff20999df2af8eb42d56 -> 
  custom:framework-win-MediaFoundation: 216162199b28c13a410421893ffa2e32 -> 
  custom:container-demuxer-ogg: 62fdf1f143b41e24485cea50d1cbac27 -> 
  custom:video-decoder-webm-vp8: 9c59270c3fd7afecdb556c50c9e8de78 -> 
  custom:audio-decoder-ogg-vorbis: bf7c407c2cedff20999df2af8eb42d56 -> 
========================================================================
Received Prepare
Registering precompiled user dll's ...
Registered in 0.216060 seconds.
Begin MonoManager ReloadAssembly
Symbol file LoadedFromMemory doesn't match image C:\Users\ykpon\Desktop\Unity\Zombies-shooter\Zombies-shooter\Library\PackageCache\com.unity.visualscripting@1.7.8\Editor\VisualScripting.Core\Dependencies\DotNetZip\Unity.VisualScripting.IonicZip.dll
Symbol file LoadedFromMemory doesn't match image C:\Users\ykpon\Desktop\Unity\Zombies-shooter\Zombies-shooter\Library\PackageCache\com.unity.visualscripting@1.7.8\Editor\VisualScripting.Core\Dependencies\YamlDotNet\Unity.VisualScripting.YamlDotNet.dll
Native extension for WindowsStandalone target not found
Native extension for iOS target not found
Native extension for Android target not found
Native extension for WebGL target not found
Refreshing native plugins compatible for Editor in 3.62 ms, found 3 plugins.
Preloading 0 native plugins for Editor in 0.00 ms.
Mono: successfully reloaded assembly
- Completed reload, in  4.454 seconds
Domain Reload Profiling:
	ReloadAssembly (4455ms)
		BeginReloadAssembly (848ms)
			ExecutionOrderSort (0ms)
			DisableScriptedObjects (10ms)
			BackupInstance (0ms)
			ReleaseScriptingObjects (0ms)
			CreateAndSetChildDomain (73ms)
		EndReloadAssembly (3336ms)
			LoadAssemblies (1715ms)
			RebuildTransferFunctionScriptingTraits (0ms)
			SetupTypeCache (730ms)
			ReleaseScriptCaches (3ms)
			RebuildScriptCaches (82ms)
			SetupLoadedEditorAssemblies (1213ms)
				LogAssemblyErrors (0ms)
				InitializePlatformSupportModulesInManaged (72ms)
				SetLoadedEditorAssemblies (1ms)
				RefreshPlugins (4ms)
				BeforeProcessingInitializeOnLoad (143ms)
				ProcessInitializeOnLoadAttributes (583ms)
				ProcessInitializeOnLoadMethodAttributes (393ms)
				AfterProcessingInitializeOnLoad (18ms)
				EditorAssembliesLoaded (0ms)
			ExecutionOrderSort2 (0ms)
			AwakeInstancesAfterBackupRestoration (39ms)
Platform modules already initialized, skipping
Refreshing native plugins compatible for Editor in 44.63 ms, found 3 plugins.
Preloading 0 native plugins for Editor in 0.00 ms.
Unloading 4696 Unused Serialized files (Serialized files now loaded: 0)
Unloading 78 unused Assets / (227.3 KB). Loaded Objects now: 5237.
Memory consumption went from 278.9 MB to 278.6 MB.
Total: 19.478200 ms (FindLiveObjects: 0.906300 ms CreateObjectMapping: 0.264100 ms MarkObjects: 17.882600 ms  DeleteObjects: 0.422500 ms)

AssetImportParameters requested are different than current active one (requested -> active):
  custom:video-decoder-ogg-theora: a1e56fd34408186e4bbccfd4996cb3dc -> 
  custom:container-muxer-webm: aa71ff27fc2769a1b78a27578f13a17b -> 
  custom:container-demuxer-webm: 4f35f7cbe854078d1ac9338744f61a02 -> 
  custom:video-encoder-webm-vp8: eb34c28f22e8b96e1ab97ce403110664 -> 
  custom:audio-encoder-webm-vorbis: bf7c407c2cedff20999df2af8eb42d56 -> 
  custom:framework-win-MediaFoundation: 216162199b28c13a410421893ffa2e32 -> 
  custom:container-demuxer-ogg: 62fdf1f143b41e24485cea50d1cbac27 -> 
  custom:video-decoder-webm-vp8: 9c59270c3fd7afecdb556c50c9e8de78 -> 
  custom:audio-decoder-ogg-vorbis: bf7c407c2cedff20999df2af8eb42d56 -> 
========================================================================
Received Prepare
Registering precompiled user dll's ...
Registered in 0.030979 seconds.
Begin MonoManager ReloadAssembly
Symbol file LoadedFromMemory doesn't match image C:\Users\ykpon\Desktop\Unity\Zombies-shooter\Zombies-shooter\Library\PackageCache\com.unity.visualscripting@1.7.8\Editor\VisualScripting.Core\Dependencies\DotNetZip\Unity.VisualScripting.IonicZip.dll
Symbol file LoadedFromMemory doesn't match image C:\Users\ykpon\Desktop\Unity\Zombies-shooter\Zombies-shooter\Library\PackageCache\com.unity.visualscripting@1.7.8\Editor\VisualScripting.Core\Dependencies\YamlDotNet\Unity.VisualScripting.YamlDotNet.dll
Native extension for WindowsStandalone target not found
Native extension for iOS target not found
Native extension for Android target not found
Native extension for WebGL target not found
Refreshing native plugins compatible for Editor in 4.32 ms, found 3 plugins.
Preloading 0 native plugins for Editor in 0.00 ms.
Mono: successfully reloaded assembly
- Completed reload, in  3.183 seconds
Domain Reload Profiling:
	ReloadAssembly (3184ms)
		BeginReloadAssembly (674ms)
			ExecutionOrderSort (0ms)
			DisableScriptedObjects (99ms)
			BackupInstance (0ms)
			ReleaseScriptingObjects (0ms)
			CreateAndSetChildDomain (112ms)
		EndReloadAssembly (2266ms)
			LoadAssemblies (545ms)
			RebuildTransferFunctionScriptingTraits (0ms)
			SetupTypeCache (684ms)
			ReleaseScriptCaches (4ms)
			RebuildScriptCaches (87ms)
			SetupLoadedEditorAssemblies (1088ms)
				LogAssemblyErrors (0ms)
				InitializePlatformSupportModulesInManaged (70ms)
				SetLoadedEditorAssemblies (1ms)
				RefreshPlugins (4ms)
				BeforeProcessingInitializeOnLoad (156ms)
				ProcessInitializeOnLoadAttributes (608ms)
				ProcessInitializeOnLoadMethodAttributes (219ms)
				AfterProcessingInitializeOnLoad (28ms)
				EditorAssembliesLoaded (1ms)
			ExecutionOrderSort2 (0ms)
			AwakeInstancesAfterBackupRestoration (15ms)
Platform modules already initialized, skipping
Refreshing native plugins compatible for Editor in 25.54 ms, found 3 plugins.
Preloading 0 native plugins for Editor in 0.00 ms.
Unloading 4696 Unused Serialized files (Serialized files now loaded: 0)
Unloading 78 unused Assets / (227.3 KB). Loaded Objects now: 5240.
Memory consumption went from 278.9 MB to 278.7 MB.
Total: 12.482700 ms (FindLiveObjects: 1.076100 ms CreateObjectMapping: 0.562300 ms MarkObjects: 10.433600 ms  DeleteObjects: 0.407800 ms)

AssetImportParameters requested are different than current active one (requested -> active):
  custom:video-decoder-ogg-theora: a1e56fd34408186e4bbccfd4996cb3dc -> 
  custom:container-muxer-webm: aa71ff27fc2769a1b78a27578f13a17b -> 
  custom:container-demuxer-webm: 4f35f7cbe854078d1ac9338744f61a02 -> 
  custom:video-encoder-webm-vp8: eb34c28f22e8b96e1ab97ce403110664 -> 
  custom:audio-encoder-webm-vorbis: bf7c407c2cedff20999df2af8eb42d56 -> 
  custom:framework-win-MediaFoundation: 216162199b28c13a410421893ffa2e32 -> 
  custom:container-demuxer-ogg: 62fdf1f143b41e24485cea50d1cbac27 -> 
  custom:video-decoder-webm-vp8: 9c59270c3fd7afecdb556c50c9e8de78 -> 
  custom:audio-decoder-ogg-vorbis: bf7c407c2cedff20999df2af8eb42d56 -> 
========================================================================
Received Prepare
Registering precompiled user dll's ...
Registered in 0.038848 seconds.
Begin MonoManager ReloadAssembly
Symbol file LoadedFromMemory doesn't match image C:\Users\ykpon\Desktop\Unity\Zombies-shooter\Zombies-shooter\Library\PackageCache\com.unity.visualscripting@1.7.8\Editor\VisualScripting.Core\Dependencies\DotNetZip\Unity.VisualScripting.IonicZip.dll
Symbol file LoadedFromMemory doesn't match image C:\Users\ykpon\Desktop\Unity\Zombies-shooter\Zombies-shooter\Library\PackageCache\com.unity.visualscripting@1.7.8\Editor\VisualScripting.Core\Dependencies\YamlDotNet\Unity.VisualScripting.YamlDotNet.dll
Native extension for WindowsStandalone target not found
Native extension for iOS target not found
Native extension for Android target not found
Native extension for WebGL target not found
Refreshing native plugins compatible for Editor in 3.34 ms, found 3 plugins.
Preloading 0 native plugins for Editor in 0.00 ms.
Mono: successfully reloaded assembly
- Completed reload, in  2.574 seconds
Domain Reload Profiling:
	ReloadAssembly (2576ms)
		BeginReloadAssembly (247ms)
			ExecutionOrderSort (0ms)
			DisableScriptedObjects (11ms)
			BackupInstance (0ms)
			ReleaseScriptingObjects (0ms)
			CreateAndSetChildDomain (73ms)
		EndReloadAssembly (2147ms)
			LoadAssemblies (182ms)
			RebuildTransferFunctionScriptingTraits (0ms)
			SetupTypeCache (658ms)
			ReleaseScriptCaches (2ms)
			RebuildScriptCaches (78ms)
			SetupLoadedEditorAssemblies (1106ms)
				LogAssemblyErrors (0ms)
				InitializePlatformSupportModulesInManaged (67ms)
				SetLoadedEditorAssemblies (1ms)
				RefreshPlugins (3ms)
				BeforeProcessingInitializeOnLoad (136ms)
				ProcessInitializeOnLoadAttributes (619ms)
				ProcessInitializeOnLoadMethodAttributes (256ms)
				AfterProcessingInitializeOnLoad (23ms)
				EditorAssembliesLoaded (1ms)
			ExecutionOrderSort2 (0ms)
			AwakeInstancesAfterBackupRestoration (11ms)
Platform modules already initialized, skipping
Refreshing native plugins compatible for Editor in 49.62 ms, found 3 plugins.
Preloading 0 native plugins for Editor in 0.00 ms.
Unloading 4696 Unused Serialized files (Serialized files now loaded: 0)
Unloading 78 unused Assets / (227.3 KB). Loaded Objects now: 5243.
Memory consumption went from 278.9 MB to 278.7 MB.
Total: 8.254600 ms (FindLiveObjects: 0.896400 ms CreateObjectMapping: 0.305200 ms MarkObjects: 6.647500 ms  DeleteObjects: 0.402600 ms)

AssetImportParameters requested are different than current active one (requested -> active):
  custom:video-decoder-ogg-theora: a1e56fd34408186e4bbccfd4996cb3dc -> 
  custom:container-muxer-webm: aa71ff27fc2769a1b78a27578f13a17b -> 
  custom:container-demuxer-webm: 4f35f7cbe854078d1ac9338744f61a02 -> 
  custom:video-encoder-webm-vp8: eb34c28f22e8b96e1ab97ce403110664 -> 
  custom:audio-encoder-webm-vorbis: bf7c407c2cedff20999df2af8eb42d56 -> 
  custom:framework-win-MediaFoundation: 216162199b28c13a410421893ffa2e32 -> 
  custom:container-demuxer-ogg: 62fdf1f143b41e24485cea50d1cbac27 -> 
  custom:video-decoder-webm-vp8: 9c59270c3fd7afecdb556c50c9e8de78 -> 
  custom:audio-decoder-ogg-vorbis: bf7c407c2cedff20999df2af8eb42d56 -> 
========================================================================
Received Prepare
Registering precompiled user dll's ...
Registered in 0.027028 seconds.
Begin MonoManager ReloadAssembly
Symbol file LoadedFromMemory doesn't match image C:\Users\ykpon\Desktop\Unity\Zombies-shooter\Zombies-shooter\Library\PackageCache\com.unity.visualscripting@1.7.8\Editor\VisualScripting.Core\Dependencies\DotNetZip\Unity.VisualScripting.IonicZip.dll
Symbol file LoadedFromMemory doesn't match image C:\Users\ykpon\Desktop\Unity\Zombies-shooter\Zombies-shooter\Library\PackageCache\com.unity.visualscripting@1.7.8\Editor\VisualScripting.Core\Dependencies\YamlDotNet\Unity.VisualScripting.YamlDotNet.dll
Native extension for WindowsStandalone target not found
Native extension for iOS target not found
Native extension for Android target not found
Native extension for WebGL target not found
Refreshing native plugins compatible for Editor in 3.71 ms, found 3 plugins.
Preloading 0 native plugins for Editor in 0.00 ms.
Mono: successfully reloaded assembly
- Completed reload, in  3.076 seconds
Domain Reload Profiling:
	ReloadAssembly (3078ms)
		BeginReloadAssembly (272ms)
			ExecutionOrderSort (0ms)
			DisableScriptedObjects (9ms)
			BackupInstance (0ms)
			ReleaseScriptingObjects (0ms)
			CreateAndSetChildDomain (75ms)
		EndReloadAssembly (2581ms)
			LoadAssemblies (218ms)
			RebuildTransferFunctionScriptingTraits (0ms)
			SetupTypeCache (701ms)
			ReleaseScriptCaches (4ms)
			RebuildScriptCaches (112ms)
			SetupLoadedEditorAssemblies (1416ms)
				LogAssemblyErrors (0ms)
				InitializePlatformSupportModulesInManaged (76ms)
				SetLoadedEditorAssemblies (1ms)
				RefreshPlugins (4ms)
				BeforeProcessingInitializeOnLoad (160ms)
				ProcessInitializeOnLoadAttributes (929ms)
				ProcessInitializeOnLoadMethodAttributes (224ms)
				AfterProcessingInitializeOnLoad (22ms)
				EditorAssembliesLoaded (1ms)
			ExecutionOrderSort2 (0ms)
			AwakeInstancesAfterBackupRestoration (16ms)
Platform modules already initialized, skipping
Refreshing native plugins compatible for Editor in 17.24 ms, found 3 plugins.
Preloading 0 native plugins for Editor in 0.00 ms.
Unloading 4696 Unused Serialized files (Serialized files now loaded: 0)
Unloading 78 unused Assets / (227.4 KB). Loaded Objects now: 5246.
Memory consumption went from 279.1 MB to 278.9 MB.
Total: 8.614700 ms (FindLiveObjects: 1.108800 ms CreateObjectMapping: 0.367200 ms MarkObjects: 6.815000 ms  DeleteObjects: 0.320800 ms)

AssetImportParameters requested are different than current active one (requested -> active):
  custom:video-decoder-ogg-theora: a1e56fd34408186e4bbccfd4996cb3dc -> 
  custom:container-muxer-webm: aa71ff27fc2769a1b78a27578f13a17b -> 
  custom:container-demuxer-webm: 4f35f7cbe854078d1ac9338744f61a02 -> 
  custom:video-encoder-webm-vp8: eb34c28f22e8b96e1ab97ce403110664 -> 
  custom:audio-encoder-webm-vorbis: bf7c407c2cedff20999df2af8eb42d56 -> 
  custom:framework-win-MediaFoundation: 216162199b28c13a410421893ffa2e32 -> 
  custom:container-demuxer-ogg: 62fdf1f143b41e24485cea50d1cbac27 -> 
  custom:video-decoder-webm-vp8: 9c59270c3fd7afecdb556c50c9e8de78 -> 
  custom:audio-decoder-ogg-vorbis: bf7c407c2cedff20999df2af8eb42d56 -> 
========================================================================
Received Import Request.
  Time since last request: 1082.472495 seconds.
  path: Assets/Infima Games/Low Poly Shooter Pack/Prefabs/Projectiles/P_LPSP_PROJ_Bullet_01.prefab
  artifactKey: Guid(5953171a59c27394e9ad5cbb564affa8) Importer(815301076,1909f56bfc062723c751e8b465ee728b)
Start importing Assets/Infima Games/Low Poly Shooter Pack/Prefabs/Projectiles/P_LPSP_PROJ_Bullet_01.prefab using Guid(5953171a59c27394e9ad5cbb564affa8) Importer(815301076,1909f56bfc062723c751e8b465ee728b)  -> (artifact id: 'e284f7b178384c59b4c4e7aac8a365d8') in 1.461742 seconds 
========================================================================
Received Import Request.
  Time since last request: 6.700791 seconds.
  path: Assets/Infima Games/Low Poly Shooter Pack/Prefabs/Projectiles/P_LPSP_PROJ_Bullet_01.prefab
  artifactKey: Guid(5953171a59c27394e9ad5cbb564affa8) Importer(815301076,1909f56bfc062723c751e8b465ee728b)
Start importing Assets/Infima Games/Low Poly Shooter Pack/Prefabs/Projectiles/P_LPSP_PROJ_Bullet_01.prefab using Guid(5953171a59c27394e9ad5cbb564affa8) Importer(815301076,1909f56bfc062723c751e8b465ee728b)  -> (artifact id: '778ad12e8e0d7b3240430238711fa986') in 0.106433 seconds 
========================================================================
Received Import Request.
  Time since last request: 111.783912 seconds.
  path: Assets/Infima Games/Low Poly Shooter Pack/Prefabs/Projectiles/P_LPSP_PROJ_Bullet_01.prefab
  artifactKey: Guid(5953171a59c27394e9ad5cbb564affa8) Importer(815301076,1909f56bfc062723c751e8b465ee728b)
Start importing Assets/Infima Games/Low Poly Shooter Pack/Prefabs/Projectiles/P_LPSP_PROJ_Bullet_01.prefab using Guid(5953171a59c27394e9ad5cbb564affa8) Importer(815301076,1909f56bfc062723c751e8b465ee728b)  -> (artifact id: '82d719acf6bc32f5826bad54592441b8') in 0.181003 seconds 
========================================================================
Received Import Request.
  Time since last request: 15.812635 seconds.
  path: Assets/Infima Games/Low Poly Shooter Pack/Prefabs/Projectiles/P_LPSP_PROJ_Bullet_01.prefab
  artifactKey: Guid(5953171a59c27394e9ad5cbb564affa8) Importer(815301076,1909f56bfc062723c751e8b465ee728b)
Start importing Assets/Infima Games/Low Poly Shooter Pack/Prefabs/Projectiles/P_LPSP_PROJ_Bullet_01.prefab using Guid(5953171a59c27394e9ad5cbb564affa8) Importer(815301076,1909f56bfc062723c751e8b465ee728b)  -> (artifact id: '0e7dc26e43f7494f3bd77531e302978b') in 0.106504 seconds 
========================================================================
Received Prepare
Registering precompiled user dll's ...
Registered in 0.027956 seconds.
Begin MonoManager ReloadAssembly
Symbol file LoadedFromMemory doesn't match image C:\Users\ykpon\Desktop\Unity\Zombies-shooter\Zombies-shooter\Library\PackageCache\com.unity.visualscripting@1.7.8\Editor\VisualScripting.Core\Dependencies\DotNetZip\Unity.VisualScripting.IonicZip.dll
Symbol file LoadedFromMemory doesn't match image C:\Users\ykpon\Desktop\Unity\Zombies-shooter\Zombies-shooter\Library\PackageCache\com.unity.visualscripting@1.7.8\Editor\VisualScripting.Core\Dependencies\YamlDotNet\Unity.VisualScripting.YamlDotNet.dll
Native extension for WindowsStandalone target not found
Native extension for iOS target not found
Native extension for Android target not found
Native extension for WebGL target not found
Refreshing native plugins compatible for Editor in 3.67 ms, found 3 plugins.
Preloading 0 native plugins for Editor in 0.00 ms.
Mono: successfully reloaded assembly
- Completed reload, in  5.910 seconds
Domain Reload Profiling:
	ReloadAssembly (5920ms)
		BeginReloadAssembly (1444ms)
			ExecutionOrderSort (0ms)
			DisableScriptedObjects (52ms)
			BackupInstance (0ms)
			ReleaseScriptingObjects (9ms)
			CreateAndSetChildDomain (572ms)
		EndReloadAssembly (4144ms)
			LoadAssemblies (1319ms)
			RebuildTransferFunctionScriptingTraits (0ms)
			SetupTypeCache (1054ms)
			ReleaseScriptCaches (46ms)
			RebuildScriptCaches (85ms)
			SetupLoadedEditorAssemblies (1785ms)
				LogAssemblyErrors (0ms)
				InitializePlatformSupportModulesInManaged (86ms)
				SetLoadedEditorAssemblies (1ms)
				RefreshPlugins (4ms)
				BeforeProcessingInitializeOnLoad (229ms)
				ProcessInitializeOnLoadAttributes (894ms)
				ProcessInitializeOnLoadMethodAttributes (518ms)
				AfterProcessingInitializeOnLoad (51ms)
				EditorAssembliesLoaded (1ms)
			ExecutionOrderSort2 (0ms)
			AwakeInstancesAfterBackupRestoration (10ms)
Platform modules already initialized, skipping
Refreshing native plugins compatible for Editor in 17.54 ms, found 3 plugins.
Preloading 0 native plugins for Editor in 0.00 ms.
Unloading 4696 Unused Serialized files (Serialized files now loaded: 0)
Unloading 78 unused Assets / (227.3 KB). Loaded Objects now: 5249.
Memory consumption went from 279.1 MB to 278.9 MB.
Total: 41.070400 ms (FindLiveObjects: 1.100000 ms CreateObjectMapping: 0.473400 ms MarkObjects: 30.225000 ms  DeleteObjects: 9.268100 ms)

AssetImportParameters requested are different than current active one (requested -> active):
  custom:video-decoder-ogg-theora: a1e56fd34408186e4bbccfd4996cb3dc -> 
  custom:container-muxer-webm: aa71ff27fc2769a1b78a27578f13a17b -> 
  custom:container-demuxer-webm: 4f35f7cbe854078d1ac9338744f61a02 -> 
  custom:video-encoder-webm-vp8: eb34c28f22e8b96e1ab97ce403110664 -> 
  custom:audio-encoder-webm-vorbis: bf7c407c2cedff20999df2af8eb42d56 -> 
  custom:framework-win-MediaFoundation: 216162199b28c13a410421893ffa2e32 -> 
  custom:container-demuxer-ogg: 62fdf1f143b41e24485cea50d1cbac27 -> 
  custom:video-decoder-webm-vp8: 9c59270c3fd7afecdb556c50c9e8de78 -> 
  custom:audio-decoder-ogg-vorbis: bf7c407c2cedff20999df2af8eb42d56 -> 
========================================================================
Received Prepare
Registering precompiled user dll's ...
Registered in 0.026339 seconds.
Begin MonoManager ReloadAssembly
Symbol file LoadedFromMemory doesn't match image C:\Users\ykpon\Desktop\Unity\Zombies-shooter\Zombies-shooter\Library\PackageCache\com.unity.visualscripting@1.7.8\Editor\VisualScripting.Core\Dependencies\DotNetZip\Unity.VisualScripting.IonicZip.dll
Symbol file LoadedFromMemory doesn't match image C:\Users\ykpon\Desktop\Unity\Zombies-shooter\Zombies-shooter\Library\PackageCache\com.unity.visualscripting@1.7.8\Editor\VisualScripting.Core\Dependencies\YamlDotNet\Unity.VisualScripting.YamlDotNet.dll
Native extension for WindowsStandalone target not found
Native extension for iOS target not found
Native extension for Android target not found
Native extension for WebGL target not found
Refreshing native plugins compatible for Editor in 4.58 ms, found 3 plugins.
Preloading 0 native plugins for Editor in 0.00 ms.
Mono: successfully reloaded assembly
- Completed reload, in  3.766 seconds
Domain Reload Profiling:
	ReloadAssembly (3768ms)
		BeginReloadAssembly (617ms)
			ExecutionOrderSort (0ms)
			DisableScriptedObjects (13ms)
			BackupInstance (0ms)
			ReleaseScriptingObjects (0ms)
			CreateAndSetChildDomain (100ms)
		EndReloadAssembly (2866ms)
			LoadAssemblies (832ms)
			RebuildTransferFunctionScriptingTraits (0ms)
			SetupTypeCache (815ms)
			ReleaseScriptCaches (3ms)
			RebuildScriptCaches (107ms)
			SetupLoadedEditorAssemblies (1257ms)
				LogAssemblyErrors (0ms)
				InitializePlatformSupportModulesInManaged (91ms)
				SetLoadedEditorAssemblies (2ms)
				RefreshPlugins (5ms)
				BeforeProcessingInitializeOnLoad (191ms)
				ProcessInitializeOnLoadAttributes (686ms)
				ProcessInitializeOnLoadMethodAttributes (250ms)
				AfterProcessingInitializeOnLoad (32ms)
				EditorAssembliesLoaded (1ms)
			ExecutionOrderSort2 (0ms)
			AwakeInstancesAfterBackupRestoration (17ms)
Platform modules already initialized, skipping
Refreshing native plugins compatible for Editor in 13.18 ms, found 3 plugins.
Preloading 0 native plugins for Editor in 0.00 ms.
Unloading 4696 Unused Serialized files (Serialized files now loaded: 0)
Unloading 78 unused Assets / (227.4 KB). Loaded Objects now: 5252.
Memory consumption went from 279.1 MB to 278.9 MB.
Total: 10.069000 ms (FindLiveObjects: 1.042100 ms CreateObjectMapping: 0.449500 ms MarkObjects: 7.755900 ms  DeleteObjects: 0.818800 ms)

AssetImportParameters requested are different than current active one (requested -> active):
  custom:video-decoder-ogg-theora: a1e56fd34408186e4bbccfd4996cb3dc -> 
  custom:container-muxer-webm: aa71ff27fc2769a1b78a27578f13a17b -> 
  custom:container-demuxer-webm: 4f35f7cbe854078d1ac9338744f61a02 -> 
  custom:video-encoder-webm-vp8: eb34c28f22e8b96e1ab97ce403110664 -> 
  custom:audio-encoder-webm-vorbis: bf7c407c2cedff20999df2af8eb42d56 -> 
  custom:framework-win-MediaFoundation: 216162199b28c13a410421893ffa2e32 -> 
  custom:container-demuxer-ogg: 62fdf1f143b41e24485cea50d1cbac27 -> 
  custom:video-decoder-webm-vp8: 9c59270c3fd7afecdb556c50c9e8de78 -> 
  custom:audio-decoder-ogg-vorbis: bf7c407c2cedff20999df2af8eb42d56 -> 
========================================================================
Received Import Request.
  Time since last request: 213.458431 seconds.
  path: Assets/Infima Games/Low Poly Shooter Pack/Prefabs/Projectiles/P_LPSP_PROJ_Bullet_01.prefab
  artifactKey: Guid(5953171a59c27394e9ad5cbb564affa8) Importer(815301076,1909f56bfc062723c751e8b465ee728b)
Start importing Assets/Infima Games/Low Poly Shooter Pack/Prefabs/Projectiles/P_LPSP_PROJ_Bullet_01.prefab using Guid(5953171a59c27394e9ad5cbb564affa8) Importer(815301076,1909f56bfc062723c751e8b465ee728b)  -> (artifact id: '4547ea11de18ee399e837a1209556b3a') in 0.320324 seconds 
========================================================================
Received Import Request.
  Time since last request: 56.262145 seconds.
  path: Assets/Infima Games/Low Poly Shooter Pack/Prefabs/Projectiles/P_LPSP_PROJ_Bullet_01.prefab
  artifactKey: Guid(5953171a59c27394e9ad5cbb564affa8) Importer(815301076,1909f56bfc062723c751e8b465ee728b)
Start importing Assets/Infima Games/Low Poly Shooter Pack/Prefabs/Projectiles/P_LPSP_PROJ_Bullet_01.prefab using Guid(5953171a59c27394e9ad5cbb564affa8) Importer(815301076,1909f56bfc062723c751e8b465ee728b)  -> (artifact id: 'a269e9aaf959c68be2d80cd92e9ccd9c') in 0.091898 seconds 
========================================================================
Received Prepare
Registering precompiled user dll's ...
Registered in 0.019760 seconds.
Begin MonoManager ReloadAssembly
Symbol file LoadedFromMemory doesn't match image C:\Users\ykpon\Desktop\Unity\Zombies-shooter\Zombies-shooter\Library\PackageCache\com.unity.visualscripting@1.7.8\Editor\VisualScripting.Core\Dependencies\DotNetZip\Unity.VisualScripting.IonicZip.dll
Symbol file LoadedFromMemory doesn't match image C:\Users\ykpon\Desktop\Unity\Zombies-shooter\Zombies-shooter\Library\PackageCache\com.unity.visualscripting@1.7.8\Editor\VisualScripting.Core\Dependencies\YamlDotNet\Unity.VisualScripting.YamlDotNet.dll
Native extension for WindowsStandalone target not found
Native extension for iOS target not found
Native extension for Android target not found
Native extension for WebGL target not found
Refreshing native plugins compatible for Editor in 4.23 ms, found 3 plugins.
Preloading 0 native plugins for Editor in 0.00 ms.
Mono: successfully reloaded assembly
- Completed reload, in  4.290 seconds
Domain Reload Profiling:
	ReloadAssembly (4293ms)
		BeginReloadAssembly (1008ms)
			ExecutionOrderSort (0ms)
			DisableScriptedObjects (19ms)
			BackupInstance (0ms)
			ReleaseScriptingObjects (0ms)
			CreateAndSetChildDomain (249ms)
		EndReloadAssembly (3069ms)
			LoadAssemblies (863ms)
			RebuildTransferFunctionScriptingTraits (0ms)
			SetupTypeCache (1071ms)
			ReleaseScriptCaches (3ms)
			RebuildScriptCaches (92ms)
			SetupLoadedEditorAssemblies (1156ms)
				LogAssemblyErrors (0ms)
				InitializePlatformSupportModulesInManaged (98ms)
				SetLoadedEditorAssemblies (1ms)
				RefreshPlugins (4ms)
				BeforeProcessingInitializeOnLoad (143ms)
				ProcessInitializeOnLoadAttributes (557ms)
				ProcessInitializeOnLoadMethodAttributes (330ms)
				AfterProcessingInitializeOnLoad (22ms)
				EditorAssembliesLoaded (1ms)
			ExecutionOrderSort2 (0ms)
			AwakeInstancesAfterBackupRestoration (13ms)
Platform modules already initialized, skipping
Refreshing native plugins compatible for Editor in 16.36 ms, found 3 plugins.
Preloading 0 native plugins for Editor in 0.00 ms.
Unloading 4696 Unused Serialized files (Serialized files now loaded: 0)
Unloading 78 unused Assets / (227.3 KB). Loaded Objects now: 5255.
Memory consumption went from 279.1 MB to 278.9 MB.
Total: 10.217400 ms (FindLiveObjects: 0.891600 ms CreateObjectMapping: 0.262500 ms MarkObjects: 7.979500 ms  DeleteObjects: 1.080700 ms)

AssetImportParameters requested are different than current active one (requested -> active):
  custom:video-decoder-ogg-theora: a1e56fd34408186e4bbccfd4996cb3dc -> 
  custom:container-muxer-webm: aa71ff27fc2769a1b78a27578f13a17b -> 
  custom:container-demuxer-webm: 4f35f7cbe854078d1ac9338744f61a02 -> 
  custom:video-encoder-webm-vp8: eb34c28f22e8b96e1ab97ce403110664 -> 
  custom:audio-encoder-webm-vorbis: bf7c407c2cedff20999df2af8eb42d56 -> 
  custom:framework-win-MediaFoundation: 216162199b28c13a410421893ffa2e32 -> 
  custom:container-demuxer-ogg: 62fdf1f143b41e24485cea50d1cbac27 -> 
  custom:video-decoder-webm-vp8: 9c59270c3fd7afecdb556c50c9e8de78 -> 
  custom:audio-decoder-ogg-vorbis: bf7c407c2cedff20999df2af8eb42d56 -> 
========================================================================
Received Prepare
Registering precompiled user dll's ...
Registered in 0.023340 seconds.
Begin MonoManager ReloadAssembly
Symbol file LoadedFromMemory doesn't match image C:\Users\ykpon\Desktop\Unity\Zombies-shooter\Zombies-shooter\Library\PackageCache\com.unity.visualscripting@1.7.8\Editor\VisualScripting.Core\Dependencies\DotNetZip\Unity.VisualScripting.IonicZip.dll
Symbol file LoadedFromMemory doesn't match image C:\Users\ykpon\Desktop\Unity\Zombies-shooter\Zombies-shooter\Library\PackageCache\com.unity.visualscripting@1.7.8\Editor\VisualScripting.Core\Dependencies\YamlDotNet\Unity.VisualScripting.YamlDotNet.dll
Native extension for WindowsStandalone target not found
Native extension for iOS target not found
Native extension for Android target not found
Native extension for WebGL target not found
Refreshing native plugins compatible for Editor in 4.25 ms, found 3 plugins.
Preloading 0 native plugins for Editor in 0.00 ms.
Mono: successfully reloaded assembly
- Completed reload, in  3.631 seconds
Domain Reload Profiling:
	ReloadAssembly (3632ms)
		BeginReloadAssembly (501ms)
			ExecutionOrderSort (0ms)
			DisableScriptedObjects (13ms)
			BackupInstance (0ms)
			ReleaseScriptingObjects (0ms)
			CreateAndSetChildDomain (100ms)
		EndReloadAssembly (2862ms)
			LoadAssemblies (971ms)
			RebuildTransferFunctionScriptingTraits (0ms)
			SetupTypeCache (677ms)
			ReleaseScriptCaches (3ms)
			RebuildScriptCaches (95ms)
			SetupLoadedEditorAssemblies (1164ms)
				LogAssemblyErrors (0ms)
				InitializePlatformSupportModulesInManaged (90ms)
				SetLoadedEditorAssemblies (1ms)
				RefreshPlugins (4ms)
				BeforeProcessingInitializeOnLoad (180ms)
				ProcessInitializeOnLoadAttributes (624ms)
				ProcessInitializeOnLoadMethodAttributes (242ms)
				AfterProcessingInitializeOnLoad (22ms)
				EditorAssembliesLoaded (1ms)
			ExecutionOrderSort2 (0ms)
			AwakeInstancesAfterBackupRestoration (13ms)
Platform modules already initialized, skipping
Refreshing native plugins compatible for Editor in 26.07 ms, found 3 plugins.
Preloading 0 native plugins for Editor in 0.00 ms.
Unloading 4696 Unused Serialized files (Serialized files now loaded: 0)
Unloading 78 unused Assets / (227.5 KB). Loaded Objects now: 5258.
Memory consumption went from 278.9 MB to 278.7 MB.
Total: 9.993000 ms (FindLiveObjects: 1.217900 ms CreateObjectMapping: 0.563800 ms MarkObjects: 7.361500 ms  DeleteObjects: 0.846800 ms)

AssetImportParameters requested are different than current active one (requested -> active):
  custom:video-decoder-ogg-theora: a1e56fd34408186e4bbccfd4996cb3dc -> 
  custom:container-muxer-webm: aa71ff27fc2769a1b78a27578f13a17b -> 
  custom:container-demuxer-webm: 4f35f7cbe854078d1ac9338744f61a02 -> 
  custom:video-encoder-webm-vp8: eb34c28f22e8b96e1ab97ce403110664 -> 
  custom:audio-encoder-webm-vorbis: bf7c407c2cedff20999df2af8eb42d56 -> 
  custom:framework-win-MediaFoundation: 216162199b28c13a410421893ffa2e32 -> 
  custom:container-demuxer-ogg: 62fdf1f143b41e24485cea50d1cbac27 -> 
  custom:video-decoder-webm-vp8: 9c59270c3fd7afecdb556c50c9e8de78 -> 
  custom:audio-decoder-ogg-vorbis: bf7c407c2cedff20999df2af8eb42d56 -> 
========================================================================
Received Import Request.
  Time since last request: 96.862965 seconds.
  path: Assets/Characters/Bot/Prefabs/Enemy 3 Animation Variant.prefab
  artifactKey: Guid(f7e0b4ea79028d243a58b922af5a1ac7) Importer(815301076,1909f56bfc062723c751e8b465ee728b)
Start importing Assets/Characters/Bot/Prefabs/Enemy 3 Animation Variant.prefab using Guid(f7e0b4ea79028d243a58b922af5a1ac7) Importer(815301076,1909f56bfc062723c751e8b465ee728b)  -> (artifact id: '457534eebd0570cd966f51a3d1d06f10') in 3.075410 seconds 
========================================================================
Received Prepare
Registering precompiled user dll's ...
Registered in 0.172927 seconds.
Begin MonoManager ReloadAssembly
Symbol file LoadedFromMemory doesn't match image C:\Users\ykpon\Desktop\Unity\Zombies-shooter\Zombies-shooter\Library\PackageCache\com.unity.visualscripting@1.7.8\Editor\VisualScripting.Core\Dependencies\DotNetZip\Unity.VisualScripting.IonicZip.dll
Symbol file LoadedFromMemory doesn't match image C:\Users\ykpon\Desktop\Unity\Zombies-shooter\Zombies-shooter\Library\PackageCache\com.unity.visualscripting@1.7.8\Editor\VisualScripting.Core\Dependencies\YamlDotNet\Unity.VisualScripting.YamlDotNet.dll
Native extension for WindowsStandalone target not found
Native extension for iOS target not found
Native extension for Android target not found
Native extension for WebGL target not found
Refreshing native plugins compatible for Editor in 4.78 ms, found 3 plugins.
Preloading 0 native plugins for Editor in 0.00 ms.
Mono: successfully reloaded assembly
- Completed reload, in  3.013 seconds
Domain Reload Profiling:
	ReloadAssembly (3014ms)
		BeginReloadAssembly (391ms)
			ExecutionOrderSort (0ms)
			DisableScriptedObjects (13ms)
			BackupInstance (0ms)
			ReleaseScriptingObjects (0ms)
			CreateAndSetChildDomain (106ms)
		EndReloadAssembly (2369ms)
			LoadAssemblies (239ms)
			RebuildTransferFunctionScriptingTraits (0ms)
			SetupTypeCache (705ms)
			ReleaseScriptCaches (3ms)
			RebuildScriptCaches (103ms)
			SetupLoadedEditorAssemblies (1209ms)
				LogAssemblyErrors (0ms)
				InitializePlatformSupportModulesInManaged (83ms)
				SetLoadedEditorAssemblies (2ms)
				RefreshPlugins (5ms)
				BeforeProcessingInitializeOnLoad (180ms)
				ProcessInitializeOnLoadAttributes (672ms)
				ProcessInitializeOnLoadMethodAttributes (244ms)
				AfterProcessingInitializeOnLoad (23ms)
				EditorAssembliesLoaded (1ms)
			ExecutionOrderSort2 (0ms)
			AwakeInstancesAfterBackupRestoration (9ms)
Platform modules already initialized, skipping
Refreshing native plugins compatible for Editor in 35.60 ms, found 3 plugins.
Preloading 0 native plugins for Editor in 0.00 ms.
Unloading 4696 Unused Serialized files (Serialized files now loaded: 0)
Unloading 78 unused Assets / (227.4 KB). Loaded Objects now: 5261.
Memory consumption went from 279.2 MB to 279.0 MB.
Total: 10.760100 ms (FindLiveObjects: 0.940600 ms CreateObjectMapping: 0.249700 ms MarkObjects: 9.248800 ms  DeleteObjects: 0.318200 ms)

AssetImportParameters requested are different than current active one (requested -> active):
  custom:video-decoder-ogg-theora: a1e56fd34408186e4bbccfd4996cb3dc -> 
  custom:container-muxer-webm: aa71ff27fc2769a1b78a27578f13a17b -> 
  custom:container-demuxer-webm: 4f35f7cbe854078d1ac9338744f61a02 -> 
  custom:video-encoder-webm-vp8: eb34c28f22e8b96e1ab97ce403110664 -> 
  custom:audio-encoder-webm-vorbis: bf7c407c2cedff20999df2af8eb42d56 -> 
  custom:framework-win-MediaFoundation: 216162199b28c13a410421893ffa2e32 -> 
  custom:container-demuxer-ogg: 62fdf1f143b41e24485cea50d1cbac27 -> 
  custom:video-decoder-webm-vp8: 9c59270c3fd7afecdb556c50c9e8de78 -> 
  custom:audio-decoder-ogg-vorbis: bf7c407c2cedff20999df2af8eb42d56 -> 
========================================================================
Received Prepare
Registering precompiled user dll's ...
Registered in 0.264526 seconds.
Begin MonoManager ReloadAssembly
Symbol file LoadedFromMemory doesn't match image C:\Users\ykpon\Desktop\Unity\Zombies-shooter\Zombies-shooter\Library\PackageCache\com.unity.visualscripting@1.7.8\Editor\VisualScripting.Core\Dependencies\DotNetZip\Unity.VisualScripting.IonicZip.dll
Symbol file LoadedFromMemory doesn't match image C:\Users\ykpon\Desktop\Unity\Zombies-shooter\Zombies-shooter\Library\PackageCache\com.unity.visualscripting@1.7.8\Editor\VisualScripting.Core\Dependencies\YamlDotNet\Unity.VisualScripting.YamlDotNet.dll
Native extension for WindowsStandalone target not found
Native extension for iOS target not found
Native extension for Android target not found
Native extension for WebGL target not found
Refreshing native plugins compatible for Editor in 464.34 ms, found 3 plugins.
Preloading 0 native plugins for Editor in 0.00 ms.
Mono: successfully reloaded assembly
- Completed reload, in 56.883 seconds
Domain Reload Profiling:
	ReloadAssembly (56975ms)
		BeginReloadAssembly (24526ms)
			ExecutionOrderSort (1ms)
			DisableScriptedObjects (940ms)
			BackupInstance (0ms)
			ReleaseScriptingObjects (10ms)
			CreateAndSetChildDomain (16382ms)
		EndReloadAssembly (30249ms)
			LoadAssemblies (7063ms)
			RebuildTransferFunctionScriptingTraits (201ms)
			SetupTypeCache (10145ms)
			ReleaseScriptCaches (648ms)
			RebuildScriptCaches (395ms)
			SetupLoadedEditorAssemblies (11596ms)
				LogAssemblyErrors (0ms)
				InitializePlatformSupportModulesInManaged (474ms)
				SetLoadedEditorAssemblies (16ms)
				RefreshPlugins (482ms)
				BeforeProcessingInitializeOnLoad (789ms)
				ProcessInitializeOnLoadAttributes (4428ms)
				ProcessInitializeOnLoadMethodAttributes (5251ms)
				AfterProcessingInitializeOnLoad (93ms)
				EditorAssembliesLoaded (63ms)
			ExecutionOrderSort2 (0ms)
			AwakeInstancesAfterBackupRestoration (337ms)
Platform modules already initialized, skipping
Refreshing native plugins compatible for Editor in 455.35 ms, found 3 plugins.
Preloading 0 native plugins for Editor in 0.00 ms.
Unloading 4696 Unused Serialized files (Serialized files now loaded: 0)
Unloading 78 unused Assets / (227.0 KB). Loaded Objects now: 5264.
Memory consumption went from 279.2 MB to 279.0 MB.
Total: 350.954400 ms (FindLiveObjects: 37.827500 ms CreateObjectMapping: 0.752100 ms MarkObjects: 259.237700 ms  DeleteObjects: 53.127200 ms)

AssetImportParameters requested are different than current active one (requested -> active):
  custom:video-decoder-ogg-theora: a1e56fd34408186e4bbccfd4996cb3dc -> 
  custom:container-muxer-webm: aa71ff27fc2769a1b78a27578f13a17b -> 
  custom:container-demuxer-webm: 4f35f7cbe854078d1ac9338744f61a02 -> 
  custom:video-encoder-webm-vp8: eb34c28f22e8b96e1ab97ce403110664 -> 
  custom:audio-encoder-webm-vorbis: bf7c407c2cedff20999df2af8eb42d56 -> 
  custom:framework-win-MediaFoundation: 216162199b28c13a410421893ffa2e32 -> 
  custom:container-demuxer-ogg: 62fdf1f143b41e24485cea50d1cbac27 -> 
  custom:video-decoder-webm-vp8: 9c59270c3fd7afecdb556c50c9e8de78 -> 
  custom:audio-decoder-ogg-vorbis: bf7c407c2cedff20999df2af8eb42d56 -> 
========================================================================
Received Prepare
Registering precompiled user dll's ...
Registered in 0.025668 seconds.
Begin MonoManager ReloadAssembly
Symbol file LoadedFromMemory doesn't match image C:\Users\ykpon\Desktop\Unity\Zombies-shooter\Zombies-shooter\Library\PackageCache\com.unity.visualscripting@1.7.8\Editor\VisualScripting.Core\Dependencies\DotNetZip\Unity.VisualScripting.IonicZip.dll
Symbol file LoadedFromMemory doesn't match image C:\Users\ykpon\Desktop\Unity\Zombies-shooter\Zombies-shooter\Library\PackageCache\com.unity.visualscripting@1.7.8\Editor\VisualScripting.Core\Dependencies\YamlDotNet\Unity.VisualScripting.YamlDotNet.dll
Native extension for WindowsStandalone target not found
Native extension for iOS target not found
Native extension for Android target not found
Native extension for WebGL target not found
Refreshing native plugins compatible for Editor in 3.33 ms, found 3 plugins.
Preloading 0 native plugins for Editor in 0.00 ms.
Mono: successfully reloaded assembly
- Completed reload, in 13.948 seconds
Domain Reload Profiling:
	ReloadAssembly (13956ms)
		BeginReloadAssembly (2598ms)
			ExecutionOrderSort (0ms)
			DisableScriptedObjects (47ms)
			BackupInstance (0ms)
			ReleaseScriptingObjects (0ms)
			CreateAndSetChildDomain (391ms)
		EndReloadAssembly (10535ms)
			LoadAssemblies (6239ms)
			RebuildTransferFunctionScriptingTraits (0ms)
			SetupTypeCache (3257ms)
			ReleaseScriptCaches (21ms)
			RebuildScriptCaches (96ms)
			SetupLoadedEditorAssemblies (2307ms)
				LogAssemblyErrors (0ms)
				InitializePlatformSupportModulesInManaged (98ms)
				SetLoadedEditorAssemblies (1ms)
				RefreshPlugins (3ms)
				BeforeProcessingInitializeOnLoad (230ms)
				ProcessInitializeOnLoadAttributes (1221ms)
				ProcessInitializeOnLoadMethodAttributes (723ms)
				AfterProcessingInitializeOnLoad (31ms)
				EditorAssembliesLoaded (0ms)
			ExecutionOrderSort2 (0ms)
			AwakeInstancesAfterBackupRestoration (12ms)
Platform modules already initialized, skipping
Refreshing native plugins compatible for Editor in 1556.01 ms, found 3 plugins.
Preloading 0 native plugins for Editor in 0.00 ms.
Unloading 4696 Unused Serialized files (Serialized files now loaded: 0)
Unloading 78 unused Assets / (227.3 KB). Loaded Objects now: 5267.
Memory consumption went from 279.2 MB to 279.0 MB.
Total: 110.918400 ms (FindLiveObjects: 41.736300 ms CreateObjectMapping: 0.558800 ms MarkObjects: 29.985800 ms  DeleteObjects: 38.633300 ms)

AssetImportParameters requested are different than current active one (requested -> active):
  custom:video-decoder-ogg-theora: a1e56fd34408186e4bbccfd4996cb3dc -> 
  custom:container-muxer-webm: aa71ff27fc2769a1b78a27578f13a17b -> 
  custom:container-demuxer-webm: 4f35f7cbe854078d1ac9338744f61a02 -> 
  custom:video-encoder-webm-vp8: eb34c28f22e8b96e1ab97ce403110664 -> 
  custom:audio-encoder-webm-vorbis: bf7c407c2cedff20999df2af8eb42d56 -> 
  custom:framework-win-MediaFoundation: 216162199b28c13a410421893ffa2e32 -> 
  custom:container-demuxer-ogg: 62fdf1f143b41e24485cea50d1cbac27 -> 
  custom:video-decoder-webm-vp8: 9c59270c3fd7afecdb556c50c9e8de78 -> 
  custom:audio-decoder-ogg-vorbis: bf7c407c2cedff20999df2af8eb42d56 -> 
========================================================================
Received Prepare
