Using pre-set license
Built from '2021.3/staging' branch; Version is '2021.3.16f1 (4016570cf34f) revision 4200023'; Using compiler version '192829333'; Build Type 'Release'
OS: 'Windows 10  (10.0.19045) 64bit Professional' Language: 'ru' Physical Memory: 4087 MB
BatchMode: 1, IsHumanControllingUs: 0, StartBugReporterOnCrash: 0, Is64bit: 1, IsPro: 1

COMMAND LINE ARGUMENTS:
C:\Program Files\Unity\Hub\Editor\2021.3.16f1\Editor\Unity.exe
-adb2
-batchMode
-noUpm
-name
AssetImportWorker19
-projectPath
C:/Users/ykpon/Desktop/Unity/Zombies-shooter/Zombies-shooter
-logFile
Logs/AssetImportWorker19.log
-srvPort
61736
Successfully changed project path to: C:/Users/ykpon/Desktop/Unity/Zombies-shooter/Zombies-shooter
C:/Users/ykpon/Desktop/Unity/Zombies-shooter/Zombies-shooter
[UnityMemory] Configuration Parameters - Can be set up in boot.config
    "memorysetup-bucket-allocator-granularity=16"
    "memorysetup-bucket-allocator-bucket-count=8"
    "memorysetup-bucket-allocator-block-size=33554432"
    "memorysetup-bucket-allocator-block-count=8"
    "memorysetup-main-allocator-block-size=16777216"
    "memorysetup-thread-allocator-block-size=16777216"
    "memorysetup-gfx-main-allocator-block-size=16777216"
    "memorysetup-gfx-thread-allocator-block-size=16777216"
    "memorysetup-cache-allocator-block-size=4194304"
    "memorysetup-typetree-allocator-block-size=2097152"
    "memorysetup-profiler-bucket-allocator-granularity=16"
    "memorysetup-profiler-bucket-allocator-bucket-count=8"
    "memorysetup-profiler-bucket-allocator-block-size=33554432"
    "memorysetup-profiler-bucket-allocator-block-count=8"
    "memorysetup-profiler-allocator-block-size=16777216"
    "memorysetup-profiler-editor-allocator-block-size=1048576"
    "memorysetup-temp-allocator-size-main=16777216"
    "memorysetup-job-temp-allocator-block-size=2097152"
    "memorysetup-job-temp-allocator-block-size-background=1048576"
    "memorysetup-job-temp-allocator-reduction-small-platforms=262144"
    "memorysetup-temp-allocator-size-background-worker=32768"
    "memorysetup-temp-allocator-size-job-worker=262144"
    "memorysetup-temp-allocator-size-preload-manager=33554432"
    "memorysetup-temp-allocator-size-nav-mesh-worker=65536"
    "memorysetup-temp-allocator-size-audio-worker=65536"
    "memorysetup-temp-allocator-size-cloud-worker=32768"
    "memorysetup-temp-allocator-size-gi-baking-worker=262144"
    "memorysetup-temp-allocator-size-gfx=262144"
Player connection [23676] Host "[IP] 192.168.1.2 [Port] 0 [Flags] 2 [Guid] 3259174930 [EditorId] 3259174930 [Version] 1048832 [Id] WindowsEditor(7,DESKTOP-EPQHHOF) [Debug] 1 [PackageName] WindowsEditor [ProjectName] Editor" joined multi-casting on [225.0.0.222:54997]...

Player connection [23676] Host "[IP] 192.168.1.2 [Port] 0 [Flags] 2 [Guid] 3259174930 [EditorId] 3259174930 [Version] 1048832 [Id] WindowsEditor(7,DESKTOP-EPQHHOF) [Debug] 1 [PackageName] WindowsEditor [ProjectName] Editor" joined alternative multi-casting on [225.0.0.222:34997]...

Refreshing native plugins compatible for Editor in 2691.94 ms, found 3 plugins.
Preloading 0 native plugins for Editor in 0.00 ms.
Initialize engine version: 2021.3.16f1 (4016570cf34f)
[Subsystems] Discovering subsystems at path C:/Program Files/Unity/Hub/Editor/2021.3.16f1/Editor/Data/Resources/UnitySubsystems
[Subsystems] Discovering subsystems at path C:/Users/ykpon/Desktop/Unity/Zombies-shooter/Zombies-shooter/Assets
GfxDevice: creating device client; threaded=0; jobified=0
Direct3D:
    Version:  Direct3D 11.0 [level 11.0]
    Renderer: NVIDIA GeForce GTS 450 (ID=0x1245)
    Vendor:   NVIDIA
    VRAM:     969 MB
    Driver:   23.21.13.9135
Initialize mono
Mono path[0] = 'C:/Program Files/Unity/Hub/Editor/2021.3.16f1/Editor/Data/Managed'
Mono path[1] = 'C:/Program Files/Unity/Hub/Editor/2021.3.16f1/Editor/Data/MonoBleedingEdge/lib/mono/unityjit-win32'
Mono config path = 'C:/Program Files/Unity/Hub/Editor/2021.3.16f1/Editor/Data/MonoBleedingEdge/etc'
Using monoOptions --debugger-agent=transport=dt_socket,embedding=1,server=y,suspend=n,address=127.0.0.1:56872
Begin MonoManager ReloadAssembly
Registering precompiled unity dll's ...
Register platform support module: C:/Program Files/Unity/Hub/Editor/2021.3.16f1/Editor/Data/PlaybackEngines/WebGLSupport/UnityEditor.WebGL.Extensions.dll
Register platform support module: C:/Program Files/Unity/Hub/Editor/2021.3.16f1/Editor/Data/PlaybackEngines/AndroidPlayer/UnityEditor.Android.Extensions.dll
Register platform support module: C:/Program Files/Unity/Hub/Editor/2021.3.16f1/Editor/Data/PlaybackEngines/iOSSupport/UnityEditor.iOS.Extensions.dll
Register platform support module: C:/Program Files/Unity/Hub/Editor/2021.3.16f1/Editor/Data/PlaybackEngines/WindowsStandaloneSupport/UnityEditor.WindowsStandalone.Extensions.dll
Registered in 1.119143 seconds.
Native extension for WindowsStandalone target not found
[usbmuxd] Start listen thread
[usbmuxd] Listen thread started
Native extension for iOS target not found
Native extension for Android target not found
Native extension for WebGL target not found
Refreshing native plugins compatible for Editor in 317.52 ms, found 3 plugins.
Preloading 0 native plugins for Editor in 0.00 ms.
Mono: successfully reloaded assembly
- Completed reload, in  4.346 seconds
Domain Reload Profiling:
	ReloadAssembly (4348ms)
		BeginReloadAssembly (516ms)
			ExecutionOrderSort (0ms)
			DisableScriptedObjects (0ms)
			BackupInstance (0ms)
			ReleaseScriptingObjects (0ms)
			CreateAndSetChildDomain (1ms)
		EndReloadAssembly (1418ms)
			LoadAssemblies (651ms)
			RebuildTransferFunctionScriptingTraits (0ms)
			SetupTypeCache (306ms)
			ReleaseScriptCaches (0ms)
			RebuildScriptCaches (50ms)
			SetupLoadedEditorAssemblies (804ms)
				LogAssemblyErrors (0ms)
				InitializePlatformSupportModulesInManaged (228ms)
				SetLoadedEditorAssemblies (0ms)
				RefreshPlugins (318ms)
				BeforeProcessingInitializeOnLoad (2ms)
				ProcessInitializeOnLoadAttributes (172ms)
				ProcessInitializeOnLoadMethodAttributes (83ms)
				AfterProcessingInitializeOnLoad (0ms)
				EditorAssembliesLoaded (0ms)
			ExecutionOrderSort2 (0ms)
			AwakeInstancesAfterBackupRestoration (0ms)
Platform modules already initialized, skipping
Registering precompiled user dll's ...
Registered in 0.368410 seconds.
Android Extension - Scanning For ADB Devices 6348 ms
Begin MonoManager ReloadAssembly
Symbol file LoadedFromMemory doesn't match image C:\Users\ykpon\Desktop\Unity\Zombies-shooter\Zombies-shooter\Library\PackageCache\com.unity.visualscripting@1.7.8\Editor\VisualScripting.Core\Dependencies\DotNetZip\Unity.VisualScripting.IonicZip.dll
Symbol file LoadedFromMemory doesn't match image C:\Users\ykpon\Desktop\Unity\Zombies-shooter\Zombies-shooter\Library\PackageCache\com.unity.visualscripting@1.7.8\Editor\VisualScripting.Core\Dependencies\YamlDotNet\Unity.VisualScripting.YamlDotNet.dll
Native extension for WindowsStandalone target not found
Native extension for iOS target not found
Native extension for Android target not found
Native extension for WebGL target not found
Refreshing native plugins compatible for Editor in 306.81 ms, found 3 plugins.
Preloading 0 native plugins for Editor in 0.00 ms.
Mono: successfully reloaded assembly
- Completed reload, in  6.054 seconds
Domain Reload Profiling:
	ReloadAssembly (6055ms)
		BeginReloadAssembly (485ms)
			ExecutionOrderSort (0ms)
			DisableScriptedObjects (11ms)
			BackupInstance (0ms)
			ReleaseScriptingObjects (0ms)
			CreateAndSetChildDomain (37ms)
		EndReloadAssembly (5324ms)
			LoadAssemblies (1144ms)
			RebuildTransferFunctionScriptingTraits (0ms)
			SetupTypeCache (1236ms)
			ReleaseScriptCaches (2ms)
			RebuildScriptCaches (156ms)
			SetupLoadedEditorAssemblies (2951ms)
				LogAssemblyErrors (0ms)
				InitializePlatformSupportModulesInManaged (53ms)
				SetLoadedEditorAssemblies (0ms)
				RefreshPlugins (307ms)
				BeforeProcessingInitializeOnLoad (185ms)
				ProcessInitializeOnLoadAttributes (2175ms)
				ProcessInitializeOnLoadMethodAttributes (216ms)
				AfterProcessingInitializeOnLoad (16ms)
				EditorAssembliesLoaded (0ms)
			ExecutionOrderSort2 (0ms)
			AwakeInstancesAfterBackupRestoration (9ms)
Platform modules already initialized, skipping
========================================================================
Worker process is ready to serve import requests
Launched and connected shader compiler UnityShaderCompiler.exe after 0.41 seconds
Refreshing native plugins compatible for Editor in 3.49 ms, found 3 plugins.
Preloading 0 native plugins for Editor in 0.00 ms.
Unloading 4761 Unused Serialized files (Serialized files now loaded: 0)
Unloading 87 unused Assets / (260.1 KB). Loaded Objects now: 5187.
Memory consumption went from 271.8 MB to 271.6 MB.
Total: 17.379500 ms (FindLiveObjects: 1.100100 ms CreateObjectMapping: 0.359300 ms MarkObjects: 14.740100 ms  DeleteObjects: 1.177200 ms)

AssetImportParameters requested are different than current active one (requested -> active):
  custom:video-decoder-ogg-theora: a1e56fd34408186e4bbccfd4996cb3dc -> 
  custom:container-muxer-webm: aa71ff27fc2769a1b78a27578f13a17b -> 
  custom:container-demuxer-webm: 4f35f7cbe854078d1ac9338744f61a02 -> 
  custom:video-encoder-webm-vp8: eb34c28f22e8b96e1ab97ce403110664 -> 
  custom:audio-encoder-webm-vorbis: bf7c407c2cedff20999df2af8eb42d56 -> 
  custom:framework-win-MediaFoundation: 216162199b28c13a410421893ffa2e32 -> 
  custom:container-demuxer-ogg: 62fdf1f143b41e24485cea50d1cbac27 -> 
  custom:video-decoder-webm-vp8: 9c59270c3fd7afecdb556c50c9e8de78 -> 
  custom:audio-decoder-ogg-vorbis: bf7c407c2cedff20999df2af8eb42d56 -> 
========================================================================
Received Import Request.
  Time since last request: 150960.940261 seconds.
  path: Assets/UI/Scripts/MobileUIController.cs
  artifactKey: Guid(4a67fdd9fe6993348a3d1d96e3e25a25) Importer(815301076,1909f56bfc062723c751e8b465ee728b)
Start importing Assets/UI/Scripts/MobileUIController.cs using Guid(4a67fdd9fe6993348a3d1d96e3e25a25) Importer(815301076,1909f56bfc062723c751e8b465ee728b)  -> (artifact id: '7a01b7f09c237aed84dfe7f69952d966') in 0.393822 seconds 
========================================================================
Received Prepare
Registering precompiled user dll's ...
Registered in 0.042098 seconds.
Begin MonoManager ReloadAssembly
Symbol file LoadedFromMemory doesn't match image C:\Users\ykpon\Desktop\Unity\Zombies-shooter\Zombies-shooter\Library\PackageCache\com.unity.visualscripting@1.7.8\Editor\VisualScripting.Core\Dependencies\DotNetZip\Unity.VisualScripting.IonicZip.dll
Symbol file LoadedFromMemory doesn't match image C:\Users\ykpon\Desktop\Unity\Zombies-shooter\Zombies-shooter\Library\PackageCache\com.unity.visualscripting@1.7.8\Editor\VisualScripting.Core\Dependencies\YamlDotNet\Unity.VisualScripting.YamlDotNet.dll
Native extension for WindowsStandalone target not found
Native extension for iOS target not found
Native extension for Android target not found
Native extension for WebGL target not found
Refreshing native plugins compatible for Editor in 3.78 ms, found 3 plugins.
Preloading 0 native plugins for Editor in 0.00 ms.
Mono: successfully reloaded assembly
- Completed reload, in  2.747 seconds
Domain Reload Profiling:
	ReloadAssembly (2757ms)
		BeginReloadAssembly (342ms)
			ExecutionOrderSort (0ms)
			DisableScriptedObjects (11ms)
			BackupInstance (0ms)
			ReleaseScriptingObjects (0ms)
			CreateAndSetChildDomain (92ms)
		EndReloadAssembly (2204ms)
			LoadAssemblies (191ms)
			RebuildTransferFunctionScriptingTraits (0ms)
			SetupTypeCache (612ms)
			ReleaseScriptCaches (2ms)
			RebuildScriptCaches (98ms)
			SetupLoadedEditorAssemblies (1198ms)
				LogAssemblyErrors (0ms)
				InitializePlatformSupportModulesInManaged (79ms)
				SetLoadedEditorAssemblies (1ms)
				RefreshPlugins (4ms)
				BeforeProcessingInitializeOnLoad (167ms)
				ProcessInitializeOnLoadAttributes (549ms)
				ProcessInitializeOnLoadMethodAttributes (376ms)
				AfterProcessingInitializeOnLoad (21ms)
				EditorAssembliesLoaded (0ms)
			ExecutionOrderSort2 (0ms)
			AwakeInstancesAfterBackupRestoration (10ms)
Platform modules already initialized, skipping
Refreshing native plugins compatible for Editor in 26.94 ms, found 3 plugins.
Preloading 0 native plugins for Editor in 0.00 ms.
Unloading 4709 Unused Serialized files (Serialized files now loaded: 0)
Unloading 78 unused Assets / (226.7 KB). Loaded Objects now: 5190.
Memory consumption went from 276.8 MB to 276.6 MB.
Total: 22.180100 ms (FindLiveObjects: 0.851200 ms CreateObjectMapping: 0.251000 ms MarkObjects: 7.228200 ms  DeleteObjects: 13.847200 ms)

AssetImportParameters requested are different than current active one (requested -> active):
  custom:video-decoder-ogg-theora: a1e56fd34408186e4bbccfd4996cb3dc -> 
  custom:container-muxer-webm: aa71ff27fc2769a1b78a27578f13a17b -> 
  custom:container-demuxer-webm: 4f35f7cbe854078d1ac9338744f61a02 -> 
  custom:video-encoder-webm-vp8: eb34c28f22e8b96e1ab97ce403110664 -> 
  custom:audio-encoder-webm-vorbis: bf7c407c2cedff20999df2af8eb42d56 -> 
  custom:framework-win-MediaFoundation: 216162199b28c13a410421893ffa2e32 -> 
  custom:container-demuxer-ogg: 62fdf1f143b41e24485cea50d1cbac27 -> 
  custom:video-decoder-webm-vp8: 9c59270c3fd7afecdb556c50c9e8de78 -> 
  custom:audio-decoder-ogg-vorbis: bf7c407c2cedff20999df2af8eb42d56 -> 
========================================================================
Received Prepare
Registering precompiled user dll's ...
Registered in 0.021042 seconds.
Begin MonoManager ReloadAssembly
Symbol file LoadedFromMemory doesn't match image C:\Users\ykpon\Desktop\Unity\Zombies-shooter\Zombies-shooter\Library\PackageCache\com.unity.visualscripting@1.7.8\Editor\VisualScripting.Core\Dependencies\DotNetZip\Unity.VisualScripting.IonicZip.dll
Symbol file LoadedFromMemory doesn't match image C:\Users\ykpon\Desktop\Unity\Zombies-shooter\Zombies-shooter\Library\PackageCache\com.unity.visualscripting@1.7.8\Editor\VisualScripting.Core\Dependencies\YamlDotNet\Unity.VisualScripting.YamlDotNet.dll
Native extension for WindowsStandalone target not found
Native extension for iOS target not found
Native extension for Android target not found
Native extension for WebGL target not found
Refreshing native plugins compatible for Editor in 3.64 ms, found 3 plugins.
Preloading 0 native plugins for Editor in 0.00 ms.
Mono: successfully reloaded assembly
- Completed reload, in  2.580 seconds
Domain Reload Profiling:
	ReloadAssembly (2581ms)
		BeginReloadAssembly (290ms)
			ExecutionOrderSort (0ms)
			DisableScriptedObjects (11ms)
			BackupInstance (0ms)
			ReleaseScriptingObjects (0ms)
			CreateAndSetChildDomain (84ms)
		EndReloadAssembly (2060ms)
			LoadAssemblies (210ms)
			RebuildTransferFunctionScriptingTraits (0ms)
			SetupTypeCache (660ms)
			ReleaseScriptCaches (3ms)
			RebuildScriptCaches (80ms)
			SetupLoadedEditorAssemblies (1013ms)
				LogAssemblyErrors (0ms)
				InitializePlatformSupportModulesInManaged (74ms)
				SetLoadedEditorAssemblies (1ms)
				RefreshPlugins (4ms)
				BeforeProcessingInitializeOnLoad (143ms)
				ProcessInitializeOnLoadAttributes (504ms)
				ProcessInitializeOnLoadMethodAttributes (266ms)
				AfterProcessingInitializeOnLoad (22ms)
				EditorAssembliesLoaded (0ms)
			ExecutionOrderSort2 (0ms)
			AwakeInstancesAfterBackupRestoration (10ms)
Platform modules already initialized, skipping
Refreshing native plugins compatible for Editor in 12.45 ms, found 3 plugins.
Preloading 0 native plugins for Editor in 0.00 ms.
Unloading 4709 Unused Serialized files (Serialized files now loaded: 0)
Unloading 78 unused Assets / (226.8 KB). Loaded Objects now: 5193.
Memory consumption went from 276.8 MB to 276.6 MB.
Total: 6.318800 ms (FindLiveObjects: 0.858100 ms CreateObjectMapping: 0.261600 ms MarkObjects: 4.961000 ms  DeleteObjects: 0.235600 ms)

AssetImportParameters requested are different than current active one (requested -> active):
  custom:video-decoder-ogg-theora: a1e56fd34408186e4bbccfd4996cb3dc -> 
  custom:container-muxer-webm: aa71ff27fc2769a1b78a27578f13a17b -> 
  custom:container-demuxer-webm: 4f35f7cbe854078d1ac9338744f61a02 -> 
  custom:video-encoder-webm-vp8: eb34c28f22e8b96e1ab97ce403110664 -> 
  custom:audio-encoder-webm-vorbis: bf7c407c2cedff20999df2af8eb42d56 -> 
  custom:framework-win-MediaFoundation: 216162199b28c13a410421893ffa2e32 -> 
  custom:container-demuxer-ogg: 62fdf1f143b41e24485cea50d1cbac27 -> 
  custom:video-decoder-webm-vp8: 9c59270c3fd7afecdb556c50c9e8de78 -> 
  custom:audio-decoder-ogg-vorbis: bf7c407c2cedff20999df2af8eb42d56 -> 
========================================================================
Received Prepare
Registering precompiled user dll's ...
Registered in 0.021297 seconds.
Begin MonoManager ReloadAssembly
Symbol file LoadedFromMemory doesn't match image C:\Users\ykpon\Desktop\Unity\Zombies-shooter\Zombies-shooter\Library\PackageCache\com.unity.visualscripting@1.7.8\Editor\VisualScripting.Core\Dependencies\DotNetZip\Unity.VisualScripting.IonicZip.dll
Symbol file LoadedFromMemory doesn't match image C:\Users\ykpon\Desktop\Unity\Zombies-shooter\Zombies-shooter\Library\PackageCache\com.unity.visualscripting@1.7.8\Editor\VisualScripting.Core\Dependencies\YamlDotNet\Unity.VisualScripting.YamlDotNet.dll
Native extension for WindowsStandalone target not found
Native extension for iOS target not found
Native extension for Android target not found
Native extension for WebGL target not found
Refreshing native plugins compatible for Editor in 3.87 ms, found 3 plugins.
Preloading 0 native plugins for Editor in 0.00 ms.
Mono: successfully reloaded assembly
- Completed reload, in  2.703 seconds
Domain Reload Profiling:
	ReloadAssembly (2705ms)
		BeginReloadAssembly (308ms)
			ExecutionOrderSort (0ms)
			DisableScriptedObjects (10ms)
			BackupInstance (0ms)
			ReleaseScriptingObjects (0ms)
			CreateAndSetChildDomain (87ms)
		EndReloadAssembly (2138ms)
			LoadAssemblies (229ms)
			RebuildTransferFunctionScriptingTraits (0ms)
			SetupTypeCache (730ms)
			ReleaseScriptCaches (2ms)
			RebuildScriptCaches (92ms)
			SetupLoadedEditorAssemblies (996ms)
				LogAssemblyErrors (0ms)
				InitializePlatformSupportModulesInManaged (66ms)
				SetLoadedEditorAssemblies (1ms)
				RefreshPlugins (4ms)
				BeforeProcessingInitializeOnLoad (165ms)
				ProcessInitializeOnLoadAttributes (526ms)
				ProcessInitializeOnLoadMethodAttributes (216ms)
				AfterProcessingInitializeOnLoad (17ms)
				EditorAssembliesLoaded (0ms)
			ExecutionOrderSort2 (0ms)
			AwakeInstancesAfterBackupRestoration (10ms)
Platform modules already initialized, skipping
Refreshing native plugins compatible for Editor in 12.70 ms, found 3 plugins.
Preloading 0 native plugins for Editor in 0.00 ms.
Unloading 4709 Unused Serialized files (Serialized files now loaded: 0)
Unloading 78 unused Assets / (226.8 KB). Loaded Objects now: 5196.
Memory consumption went from 276.9 MB to 276.6 MB.
Total: 7.064300 ms (FindLiveObjects: 0.979200 ms CreateObjectMapping: 0.262700 ms MarkObjects: 5.573800 ms  DeleteObjects: 0.246300 ms)

AssetImportParameters requested are different than current active one (requested -> active):
  custom:video-decoder-ogg-theora: a1e56fd34408186e4bbccfd4996cb3dc -> 
  custom:container-muxer-webm: aa71ff27fc2769a1b78a27578f13a17b -> 
  custom:container-demuxer-webm: 4f35f7cbe854078d1ac9338744f61a02 -> 
  custom:video-encoder-webm-vp8: eb34c28f22e8b96e1ab97ce403110664 -> 
  custom:audio-encoder-webm-vorbis: bf7c407c2cedff20999df2af8eb42d56 -> 
  custom:framework-win-MediaFoundation: 216162199b28c13a410421893ffa2e32 -> 
  custom:container-demuxer-ogg: 62fdf1f143b41e24485cea50d1cbac27 -> 
  custom:video-decoder-webm-vp8: 9c59270c3fd7afecdb556c50c9e8de78 -> 
  custom:audio-decoder-ogg-vorbis: bf7c407c2cedff20999df2af8eb42d56 -> 
========================================================================
Received Prepare
Registering precompiled user dll's ...
Registered in 0.489696 seconds.
Begin MonoManager ReloadAssembly
Symbol file LoadedFromMemory doesn't match image C:\Users\ykpon\Desktop\Unity\Zombies-shooter\Zombies-shooter\Library\PackageCache\com.unity.visualscripting@1.7.8\Editor\VisualScripting.Core\Dependencies\DotNetZip\Unity.VisualScripting.IonicZip.dll
Symbol file LoadedFromMemory doesn't match image C:\Users\ykpon\Desktop\Unity\Zombies-shooter\Zombies-shooter\Library\PackageCache\com.unity.visualscripting@1.7.8\Editor\VisualScripting.Core\Dependencies\YamlDotNet\Unity.VisualScripting.YamlDotNet.dll
Native extension for WindowsStandalone target not found
Native extension for iOS target not found
Native extension for Android target not found
Native extension for WebGL target not found
Refreshing native plugins compatible for Editor in 12.56 ms, found 3 plugins.
Preloading 0 native plugins for Editor in 0.00 ms.
Mono: successfully reloaded assembly
- Completed reload, in 61.043 seconds
Domain Reload Profiling:
	ReloadAssembly (61234ms)
		BeginReloadAssembly (25781ms)
			ExecutionOrderSort (1ms)
			DisableScriptedObjects (1516ms)
			BackupInstance (0ms)
			ReleaseScriptingObjects (0ms)
			CreateAndSetChildDomain (13813ms)
		EndReloadAssembly (33153ms)
			LoadAssemblies (7672ms)
			RebuildTransferFunctionScriptingTraits (31ms)
			SetupTypeCache (10790ms)
			ReleaseScriptCaches (109ms)
			RebuildScriptCaches (510ms)
			SetupLoadedEditorAssemblies (14873ms)
				LogAssemblyErrors (0ms)
				InitializePlatformSupportModulesInManaged (845ms)
				SetLoadedEditorAssemblies (68ms)
				RefreshPlugins (13ms)
				BeforeProcessingInitializeOnLoad (617ms)
				ProcessInitializeOnLoadAttributes (6149ms)
				ProcessInitializeOnLoadMethodAttributes (7143ms)
				AfterProcessingInitializeOnLoad (38ms)
				EditorAssembliesLoaded (1ms)
			ExecutionOrderSort2 (0ms)
			AwakeInstancesAfterBackupRestoration (34ms)
Platform modules already initialized, skipping
Refreshing native plugins compatible for Editor in 593.90 ms, found 3 plugins.
Preloading 0 native plugins for Editor in 0.00 ms.
Unloading 4709 Unused Serialized files (Serialized files now loaded: 0)
Unloading 78 unused Assets / (227.2 KB). Loaded Objects now: 5199.
Memory consumption went from 276.8 MB to 276.6 MB.
Total: 203.468900 ms (FindLiveObjects: 0.995000 ms CreateObjectMapping: 0.255800 ms MarkObjects: 183.617200 ms  DeleteObjects: 18.597300 ms)

AssetImportParameters requested are different than current active one (requested -> active):
  custom:video-decoder-ogg-theora: a1e56fd34408186e4bbccfd4996cb3dc -> 
  custom:container-muxer-webm: aa71ff27fc2769a1b78a27578f13a17b -> 
  custom:container-demuxer-webm: 4f35f7cbe854078d1ac9338744f61a02 -> 
  custom:video-encoder-webm-vp8: eb34c28f22e8b96e1ab97ce403110664 -> 
  custom:audio-encoder-webm-vorbis: bf7c407c2cedff20999df2af8eb42d56 -> 
  custom:framework-win-MediaFoundation: 216162199b28c13a410421893ffa2e32 -> 
  custom:container-demuxer-ogg: 62fdf1f143b41e24485cea50d1cbac27 -> 
  custom:video-decoder-webm-vp8: 9c59270c3fd7afecdb556c50c9e8de78 -> 
  custom:audio-decoder-ogg-vorbis: bf7c407c2cedff20999df2af8eb42d56 -> 
========================================================================
Received Prepare
Registering precompiled user dll's ...
Registered in 0.106168 seconds.
Begin MonoManager ReloadAssembly
Symbol file LoadedFromMemory doesn't match image C:\Users\ykpon\Desktop\Unity\Zombies-shooter\Zombies-shooter\Library\PackageCache\com.unity.visualscripting@1.7.8\Editor\VisualScripting.Core\Dependencies\DotNetZip\Unity.VisualScripting.IonicZip.dll
Symbol file LoadedFromMemory doesn't match image C:\Users\ykpon\Desktop\Unity\Zombies-shooter\Zombies-shooter\Library\PackageCache\com.unity.visualscripting@1.7.8\Editor\VisualScripting.Core\Dependencies\YamlDotNet\Unity.VisualScripting.YamlDotNet.dll
Native extension for WindowsStandalone target not found
Native extension for iOS target not found
Native extension for Android target not found
Native extension for WebGL target not found
Refreshing native plugins compatible for Editor in 4.00 ms, found 3 plugins.
Preloading 0 native plugins for Editor in 0.00 ms.
Mono: successfully reloaded assembly
- Completed reload, in  4.981 seconds
Domain Reload Profiling:
	ReloadAssembly (4983ms)
		BeginReloadAssembly (1074ms)
			ExecutionOrderSort (0ms)
			DisableScriptedObjects (16ms)
			BackupInstance (0ms)
			ReleaseScriptingObjects (0ms)
			CreateAndSetChildDomain (547ms)
		EndReloadAssembly (3352ms)
			LoadAssemblies (393ms)
			RebuildTransferFunctionScriptingTraits (0ms)
			SetupTypeCache (858ms)
			ReleaseScriptCaches (3ms)
			RebuildScriptCaches (80ms)
			SetupLoadedEditorAssemblies (1718ms)
				LogAssemblyErrors (0ms)
				InitializePlatformSupportModulesInManaged (241ms)
				SetLoadedEditorAssemblies (13ms)
				RefreshPlugins (4ms)
				BeforeProcessingInitializeOnLoad (135ms)
				ProcessInitializeOnLoadAttributes (992ms)
				ProcessInitializeOnLoadMethodAttributes (313ms)
				AfterProcessingInitializeOnLoad (19ms)
				EditorAssembliesLoaded (0ms)
			ExecutionOrderSort2 (0ms)
			AwakeInstancesAfterBackupRestoration (14ms)
Platform modules already initialized, skipping
Refreshing native plugins compatible for Editor in 298.56 ms, found 3 plugins.
Preloading 0 native plugins for Editor in 0.00 ms.
Unloading 4709 Unused Serialized files (Serialized files now loaded: 0)
Unloading 78 unused Assets / (227.1 KB). Loaded Objects now: 5202.
Memory consumption went from 276.7 MB to 276.4 MB.
Total: 30.863600 ms (FindLiveObjects: 0.931300 ms CreateObjectMapping: 0.255000 ms MarkObjects: 29.216800 ms  DeleteObjects: 0.457900 ms)

AssetImportParameters requested are different than current active one (requested -> active):
  custom:video-decoder-ogg-theora: a1e56fd34408186e4bbccfd4996cb3dc -> 
  custom:container-muxer-webm: aa71ff27fc2769a1b78a27578f13a17b -> 
  custom:container-demuxer-webm: 4f35f7cbe854078d1ac9338744f61a02 -> 
  custom:video-encoder-webm-vp8: eb34c28f22e8b96e1ab97ce403110664 -> 
  custom:audio-encoder-webm-vorbis: bf7c407c2cedff20999df2af8eb42d56 -> 
  custom:framework-win-MediaFoundation: 216162199b28c13a410421893ffa2e32 -> 
  custom:container-demuxer-ogg: 62fdf1f143b41e24485cea50d1cbac27 -> 
  custom:video-decoder-webm-vp8: 9c59270c3fd7afecdb556c50c9e8de78 -> 
  custom:audio-decoder-ogg-vorbis: bf7c407c2cedff20999df2af8eb42d56 -> 
========================================================================
Received Prepare
Registering precompiled user dll's ...
Registered in 1.042967 seconds.
Begin MonoManager ReloadAssembly
Symbol file LoadedFromMemory doesn't match image C:\Users\ykpon\Desktop\Unity\Zombies-shooter\Zombies-shooter\Library\PackageCache\com.unity.visualscripting@1.7.8\Editor\VisualScripting.Core\Dependencies\DotNetZip\Unity.VisualScripting.IonicZip.dll
Symbol file LoadedFromMemory doesn't match image C:\Users\ykpon\Desktop\Unity\Zombies-shooter\Zombies-shooter\Library\PackageCache\com.unity.visualscripting@1.7.8\Editor\VisualScripting.Core\Dependencies\YamlDotNet\Unity.VisualScripting.YamlDotNet.dll
Native extension for WindowsStandalone target not found
Native extension for iOS target not found
Native extension for Android target not found
Native extension for WebGL target not found
Refreshing native plugins compatible for Editor in 7.43 ms, found 3 plugins.
Preloading 0 native plugins for Editor in 0.00 ms.
Mono: successfully reloaded assembly
- Completed reload, in 38.194 seconds
Domain Reload Profiling:
	ReloadAssembly (38268ms)
		BeginReloadAssembly (17583ms)
			ExecutionOrderSort (16ms)
			DisableScriptedObjects (344ms)
			BackupInstance (0ms)
			ReleaseScriptingObjects (0ms)
			CreateAndSetChildDomain (4703ms)
		EndReloadAssembly (17092ms)
			LoadAssemblies (14351ms)
			RebuildTransferFunctionScriptingTraits (9ms)
			SetupTypeCache (5868ms)
			ReleaseScriptCaches (4ms)
			RebuildScriptCaches (251ms)
			SetupLoadedEditorAssemblies (4976ms)
				LogAssemblyErrors (0ms)
				InitializePlatformSupportModulesInManaged (790ms)
				SetLoadedEditorAssemblies (77ms)
				RefreshPlugins (8ms)
				BeforeProcessingInitializeOnLoad (644ms)
				ProcessInitializeOnLoadAttributes (1943ms)
				ProcessInitializeOnLoadMethodAttributes (1453ms)
				AfterProcessingInitializeOnLoad (19ms)
				EditorAssembliesLoaded (42ms)
			ExecutionOrderSort2 (0ms)
			AwakeInstancesAfterBackupRestoration (62ms)
Platform modules already initialized, skipping
Refreshing native plugins compatible for Editor in 1158.47 ms, found 3 plugins.
Preloading 0 native plugins for Editor in 0.00 ms.
Unloading 4709 Unused Serialized files (Serialized files now loaded: 0)
Unloading 78 unused Assets / (227.1 KB). Loaded Objects now: 5205.
Memory consumption went from 276.9 MB to 276.6 MB.
Total: 1091.613100 ms (FindLiveObjects: 1.099700 ms CreateObjectMapping: 0.379900 ms MarkObjects: 1046.184800 ms  DeleteObjects: 43.943700 ms)

AssetImportParameters requested are different than current active one (requested -> active):
  custom:video-decoder-ogg-theora: a1e56fd34408186e4bbccfd4996cb3dc -> 
  custom:container-muxer-webm: aa71ff27fc2769a1b78a27578f13a17b -> 
  custom:container-demuxer-webm: 4f35f7cbe854078d1ac9338744f61a02 -> 
  custom:video-encoder-webm-vp8: eb34c28f22e8b96e1ab97ce403110664 -> 
  custom:audio-encoder-webm-vorbis: bf7c407c2cedff20999df2af8eb42d56 -> 
  custom:framework-win-MediaFoundation: 216162199b28c13a410421893ffa2e32 -> 
  custom:container-demuxer-ogg: 62fdf1f143b41e24485cea50d1cbac27 -> 
  custom:video-decoder-webm-vp8: 9c59270c3fd7afecdb556c50c9e8de78 -> 
  custom:audio-decoder-ogg-vorbis: bf7c407c2cedff20999df2af8eb42d56 -> 
========================================================================
Received Prepare
Registering precompiled user dll's ...
Registered in 0.069574 seconds.
Begin MonoManager ReloadAssembly
Symbol file LoadedFromMemory doesn't match image C:\Users\ykpon\Desktop\Unity\Zombies-shooter\Zombies-shooter\Library\PackageCache\com.unity.visualscripting@1.7.8\Editor\VisualScripting.Core\Dependencies\DotNetZip\Unity.VisualScripting.IonicZip.dll
Symbol file LoadedFromMemory doesn't match image C:\Users\ykpon\Desktop\Unity\Zombies-shooter\Zombies-shooter\Library\PackageCache\com.unity.visualscripting@1.7.8\Editor\VisualScripting.Core\Dependencies\YamlDotNet\Unity.VisualScripting.YamlDotNet.dll
Native extension for WindowsStandalone target not found
Native extension for iOS target not found
Native extension for Android target not found
Native extension for WebGL target not found
Refreshing native plugins compatible for Editor in 257.62 ms, found 3 plugins.
Preloading 0 native plugins for Editor in 0.00 ms.
Mono: successfully reloaded assembly
- Completed reload, in 106.060 seconds
Domain Reload Profiling:
	ReloadAssembly (106457ms)
		BeginReloadAssembly (46260ms)
			ExecutionOrderSort (0ms)
			DisableScriptedObjects (1349ms)
			BackupInstance (0ms)
			ReleaseScriptingObjects (0ms)
			CreateAndSetChildDomain (34294ms)
		EndReloadAssembly (53723ms)
			LoadAssemblies (3418ms)
			RebuildTransferFunctionScriptingTraits (0ms)
			SetupTypeCache (12081ms)
			ReleaseScriptCaches (3158ms)
			RebuildScriptCaches (800ms)
			SetupLoadedEditorAssemblies (31964ms)
				LogAssemblyErrors (0ms)
				InitializePlatformSupportModulesInManaged (1204ms)
				SetLoadedEditorAssemblies (7ms)
				RefreshPlugins (258ms)
				BeforeProcessingInitializeOnLoad (5212ms)
				ProcessInitializeOnLoadAttributes (9259ms)
				ProcessInitializeOnLoadMethodAttributes (15974ms)
				AfterProcessingInitializeOnLoad (43ms)
				EditorAssembliesLoaded (7ms)
			ExecutionOrderSort2 (0ms)
			AwakeInstancesAfterBackupRestoration (217ms)
Platform modules already initialized, skipping
Refreshing native plugins compatible for Editor in 334.70 ms, found 3 plugins.
Preloading 0 native plugins for Editor in 0.00 ms.
Unloading 4653 Unused Serialized files (Serialized files now loaded: 0)
Unloading 97 unused Assets / (226.2 KB). Loaded Objects now: 5153.
Memory consumption went from 275.5 MB to 275.3 MB.
Total: 187.542700 ms (FindLiveObjects: 2.880900 ms CreateObjectMapping: 0.281100 ms MarkObjects: 183.862400 ms  DeleteObjects: 0.513900 ms)

AssetImportParameters requested are different than current active one (requested -> active):
  custom:video-decoder-ogg-theora: a1e56fd34408186e4bbccfd4996cb3dc -> 
  custom:container-muxer-webm: aa71ff27fc2769a1b78a27578f13a17b -> 
  custom:container-demuxer-webm: 4f35f7cbe854078d1ac9338744f61a02 -> 
  custom:video-encoder-webm-vp8: eb34c28f22e8b96e1ab97ce403110664 -> 
  custom:audio-encoder-webm-vorbis: bf7c407c2cedff20999df2af8eb42d56 -> 
  custom:framework-win-MediaFoundation: 216162199b28c13a410421893ffa2e32 -> 
  custom:container-demuxer-ogg: 62fdf1f143b41e24485cea50d1cbac27 -> 
  custom:video-decoder-webm-vp8: 9c59270c3fd7afecdb556c50c9e8de78 -> 
  custom:audio-decoder-ogg-vorbis: bf7c407c2cedff20999df2af8eb42d56 -> 
========================================================================
Received Prepare
Registering precompiled user dll's ...
Registered in 0.017066 seconds.
Begin MonoManager ReloadAssembly
Symbol file LoadedFromMemory doesn't match image C:\Users\ykpon\Desktop\Unity\Zombies-shooter\Zombies-shooter\Library\PackageCache\com.unity.visualscripting@1.7.8\Editor\VisualScripting.Core\Dependencies\DotNetZip\Unity.VisualScripting.IonicZip.dll
Symbol file LoadedFromMemory doesn't match image C:\Users\ykpon\Desktop\Unity\Zombies-shooter\Zombies-shooter\Library\PackageCache\com.unity.visualscripting@1.7.8\Editor\VisualScripting.Core\Dependencies\YamlDotNet\Unity.VisualScripting.YamlDotNet.dll
Native extension for WindowsStandalone target not found
Native extension for iOS target not found
Native extension for Android target not found
Native extension for WebGL target not found
Refreshing native plugins compatible for Editor in 4.80 ms, found 3 plugins.
Preloading 0 native plugins for Editor in 0.00 ms.
Mono: successfully reloaded assembly
- Completed reload, in 42.163 seconds
Domain Reload Profiling:
	ReloadAssembly (42181ms)
		BeginReloadAssembly (4067ms)
			ExecutionOrderSort (0ms)
			DisableScriptedObjects (176ms)
			BackupInstance (0ms)
			ReleaseScriptingObjects (0ms)
			CreateAndSetChildDomain (2352ms)
		EndReloadAssembly (37464ms)
			LoadAssemblies (4751ms)
			RebuildTransferFunctionScriptingTraits (0ms)
			SetupTypeCache (4627ms)
			ReleaseScriptCaches (3ms)
			RebuildScriptCaches (347ms)
			SetupLoadedEditorAssemblies (25358ms)
				LogAssemblyErrors (0ms)
				InitializePlatformSupportModulesInManaged (1090ms)
				SetLoadedEditorAssemblies (58ms)
				RefreshPlugins (5ms)
				BeforeProcessingInitializeOnLoad (772ms)
				ProcessInitializeOnLoadAttributes (2559ms)
				ProcessInitializeOnLoadMethodAttributes (20715ms)
				AfterProcessingInitializeOnLoad (116ms)
				EditorAssembliesLoaded (42ms)
			ExecutionOrderSort2 (0ms)
			AwakeInstancesAfterBackupRestoration (94ms)
Platform modules already initialized, skipping
Refreshing native plugins compatible for Editor in 114.97 ms, found 3 plugins.
Preloading 0 native plugins for Editor in 0.00 ms.
Unloading 4615 Unused Serialized files (Serialized files now loaded: 0)
Unloading 44 unused Assets / (226.8 KB). Loaded Objects now: 5154.
Memory consumption went from 274.3 MB to 274.1 MB.
Total: 49.006900 ms (FindLiveObjects: 0.882100 ms CreateObjectMapping: 0.241000 ms MarkObjects: 47.143400 ms  DeleteObjects: 0.736500 ms)

AssetImportParameters requested are different than current active one (requested -> active):
  custom:video-decoder-ogg-theora: a1e56fd34408186e4bbccfd4996cb3dc -> 
  custom:container-muxer-webm: aa71ff27fc2769a1b78a27578f13a17b -> 
  custom:container-demuxer-webm: 4f35f7cbe854078d1ac9338744f61a02 -> 
  custom:video-encoder-webm-vp8: eb34c28f22e8b96e1ab97ce403110664 -> 
  custom:audio-encoder-webm-vorbis: bf7c407c2cedff20999df2af8eb42d56 -> 
  custom:framework-win-MediaFoundation: 216162199b28c13a410421893ffa2e32 -> 
  custom:container-demuxer-ogg: 62fdf1f143b41e24485cea50d1cbac27 -> 
  custom:video-decoder-webm-vp8: 9c59270c3fd7afecdb556c50c9e8de78 -> 
  custom:audio-decoder-ogg-vorbis: bf7c407c2cedff20999df2af8eb42d56 -> 
========================================================================
Received Import Request.
  Time since last request: 2701.568215 seconds.
  path: Assets/Mirra GamePush SDK/MirraAssets
  artifactKey: Guid(8858305a9b6e5c048855269e6180f723) Importer(815301076,1909f56bfc062723c751e8b465ee728b)
Start importing Assets/Mirra GamePush SDK/MirraAssets using Guid(8858305a9b6e5c048855269e6180f723) Importer(815301076,1909f56bfc062723c751e8b465ee728b)  -> (artifact id: '69e37d4b8e6b0a2d5d0028a897ed6cfb') in 0.061062 seconds 
========================================================================
Received Import Request.
  Time since last request: 0.552349 seconds.
  path: Assets/Mirra GamePush SDK/WebGLTemplates
  artifactKey: Guid(b4dd8e208ff63be4dac3c634c5fc38a0) Importer(815301076,1909f56bfc062723c751e8b465ee728b)
Start importing Assets/Mirra GamePush SDK/WebGLTemplates using Guid(b4dd8e208ff63be4dac3c634c5fc38a0) Importer(815301076,1909f56bfc062723c751e8b465ee728b)  -> (artifact id: 'f4a7ecfed006b3c0bef859cd82a75cbf') in 0.003889 seconds 
========================================================================
Received Import Request.
  Time since last request: 0.569631 seconds.
  path: Assets/Mirra GamePush SDK/GameScore
  artifactKey: Guid(907fd3949314bd4499dacecc944289af) Importer(815301076,1909f56bfc062723c751e8b465ee728b)
Start importing Assets/Mirra GamePush SDK/GameScore using Guid(907fd3949314bd4499dacecc944289af) Importer(815301076,1909f56bfc062723c751e8b465ee728b)  -> (artifact id: '5c8455819546160639017b01d6815919') in 0.004881 seconds 
========================================================================
Received Import Request.
  Time since last request: 0.577023 seconds.
  path: Assets/Mirra GamePush SDK/Plugins
  artifactKey: Guid(336b3cd02dfdb9047a70c4990c7e8c4f) Importer(815301076,1909f56bfc062723c751e8b465ee728b)
Start importing Assets/Mirra GamePush SDK/Plugins using Guid(336b3cd02dfdb9047a70c4990c7e8c4f) Importer(815301076,1909f56bfc062723c751e8b465ee728b)  -> (artifact id: 'a198e32361ee2f692f502b33054f65a9') in 0.003311 seconds 
========================================================================
Received Import Request.
  Time since last request: 436.553487 seconds.
  path: Assets/Mirra GamePush SDK/MirraAssets/loading.png
  artifactKey: Guid(d63f463bd68531e449e6bd1751ca0d8a) Importer(815301076,1909f56bfc062723c751e8b465ee728b)
Start importing Assets/Mirra GamePush SDK/MirraAssets/loading.png using Guid(d63f463bd68531e449e6bd1751ca0d8a) Importer(815301076,1909f56bfc062723c751e8b465ee728b)  -> (artifact id: 'c9dbf73a45444638c65d586405a5757d') in 15.871991 seconds 
========================================================================
Received Import Request.
  Time since last request: 0.000169 seconds.
  path: Assets/Mirra GamePush SDK/GameScore/Modules
  artifactKey: Guid(1c4d72475836d0b4485d16c385356297) Importer(815301076,1909f56bfc062723c751e8b465ee728b)
Start importing Assets/Mirra GamePush SDK/GameScore/Modules using Guid(1c4d72475836d0b4485d16c385356297) Importer(815301076,1909f56bfc062723c751e8b465ee728b)  -> (artifact id: 'bd208d5df1ada952fe2ce33d6ecb8262') in 0.031714 seconds 
========================================================================
Received Import Request.
  Time since last request: 0.000071 seconds.
  path: Assets/Mirra GamePush SDK/GameScore/GameScoreSDK.prefab
  artifactKey: Guid(06397a34dc2257d42bcf9493444bc7e1) Importer(815301076,1909f56bfc062723c751e8b465ee728b)
Start importing Assets/Mirra GamePush SDK/GameScore/GameScoreSDK.prefab using Guid(06397a34dc2257d42bcf9493444bc7e1) Importer(815301076,1909f56bfc062723c751e8b465ee728b)  -> (artifact id: '933c163724c54326905a590a8b408081') in 2.246459 seconds 
========================================================================
Received Import Request.
  Time since last request: 23.226047 seconds.
  path: Assets/gamescore_unity-master-Demo-Assets-Scripts/Demo/Assets/Scripts/Application.cs
  artifactKey: Guid(839d299a6dc48fd4982f9665cbcfd609) Importer(815301076,1909f56bfc062723c751e8b465ee728b)
Start importing Assets/gamescore_unity-master-Demo-Assets-Scripts/Demo/Assets/Scripts/Application.cs using Guid(839d299a6dc48fd4982f9665cbcfd609) Importer(815301076,1909f56bfc062723c751e8b465ee728b)  -> (artifact id: '41e67b92a8af32462135c7bb93a5e8a7') in 0.030358 seconds 
========================================================================
Received Import Request.
  Time since last request: 138.013720 seconds.
  path: Assets/gamescore_unity-master-Demo-Assets-Scripts/Demo/Assets/Scripts/ApplicationPlus.cs
  artifactKey: Guid(839d299a6dc48fd4982f9665cbcfd609) Importer(815301076,1909f56bfc062723c751e8b465ee728b)
Start importing Assets/gamescore_unity-master-Demo-Assets-Scripts/Demo/Assets/Scripts/ApplicationPlus.cs using Guid(839d299a6dc48fd4982f9665cbcfd609) Importer(815301076,1909f56bfc062723c751e8b465ee728b)  -> (artifact id: '7e0e62cead73bf109c2526959ee766ba') in 1.253575 seconds 
========================================================================
Received Import Request.
  Time since last request: 79.911546 seconds.
  path: Assets/gamescore_unity-master-Demo-Assets-Scripts/Demo/Assets/Scripts/ApplicationPlus.cs
  artifactKey: Guid(839d299a6dc48fd4982f9665cbcfd609) Importer(815301076,1909f56bfc062723c751e8b465ee728b)
Start importing Assets/gamescore_unity-master-Demo-Assets-Scripts/Demo/Assets/Scripts/ApplicationPlus.cs using Guid(839d299a6dc48fd4982f9665cbcfd609) Importer(815301076,1909f56bfc062723c751e8b465ee728b)  -> (artifact id: '7e0e62cead73bf109c2526959ee766ba') in 0.322859 seconds 
========================================================================
Received Import Request.
  Time since last request: 158.126365 seconds.
  path: Assets/gamescore_unity-master-Demo-Assets-Scripts/Demo/Assets/Scripts/Application.cs
  artifactKey: Guid(839d299a6dc48fd4982f9665cbcfd609) Importer(815301076,1909f56bfc062723c751e8b465ee728b)
Start importing Assets/gamescore_unity-master-Demo-Assets-Scripts/Demo/Assets/Scripts/Application.cs using Guid(839d299a6dc48fd4982f9665cbcfd609) Importer(815301076,1909f56bfc062723c751e8b465ee728b)  -> (artifact id: '993d3f0c17155c4e9e9c0a35ac0b4415') in 0.242649 seconds 
========================================================================
Received Import Request.
  Time since last request: 243.225991 seconds.
  path: Assets/Infima Games/Tools
  artifactKey: Guid(1d8fee9cf0e937a4e9848837859cf73c) Importer(815301076,1909f56bfc062723c751e8b465ee728b)
Start importing Assets/Infima Games/Tools using Guid(1d8fee9cf0e937a4e9848837859cf73c) Importer(815301076,1909f56bfc062723c751e8b465ee728b)  -> (artifact id: 'ad5457586ea4bb6d87092e6977e03bb9') in 0.421565 seconds 
========================================================================
Received Import Request.
  Time since last request: 11.043829 seconds.
  path: Assets/Mirra GamePush SDK/WebGLTemplates/MirraRelease
  artifactKey: Guid(1d3de6f24301c314489022e194f82574) Importer(815301076,1909f56bfc062723c751e8b465ee728b)
Start importing Assets/Mirra GamePush SDK/WebGLTemplates/MirraRelease using Guid(1d3de6f24301c314489022e194f82574) Importer(815301076,1909f56bfc062723c751e8b465ee728b)  -> (artifact id: '5a102961bffb73ba7b0923b383001818') in 0.093548 seconds 
========================================================================
Received Import Request.
  Time since last request: 0.378358 seconds.
  path: Assets/Mirra GamePush SDK/WebGLTemplates/MirraRelease/logo.png
  artifactKey: Guid(a91ad0b200454b844aab6884e5b8a179) Importer(815301076,1909f56bfc062723c751e8b465ee728b)
Start importing Assets/Mirra GamePush SDK/WebGLTemplates/MirraRelease/logo.png using Guid(a91ad0b200454b844aab6884e5b8a179) Importer(815301076,1909f56bfc062723c751e8b465ee728b)  -> (artifact id: '6187056ccd7ca49f329be96ab1adee29') in 6.966131 seconds 
========================================================================
Received Import Request.
  Time since last request: 0.000077 seconds.
  path: Assets/Mirra GamePush SDK/WebGLTemplates/GameScore/logo.png
  artifactKey: Guid(f7d01106ef5c0d744bcbe2e220491ec7) Importer(815301076,1909f56bfc062723c751e8b465ee728b)
Start importing Assets/Mirra GamePush SDK/WebGLTemplates/GameScore/logo.png using Guid(f7d01106ef5c0d744bcbe2e220491ec7) Importer(815301076,1909f56bfc062723c751e8b465ee728b)  -> (artifact id: '2ccd6cc9830cf96956f316a64a0df61b') in 0.324902 seconds 
========================================================================
Received Import Request.
  Time since last request: 0.000106 seconds.
  path: Assets/Mirra GamePush SDK/WebGLTemplates/MirraRelease/thumbnail.png
  artifactKey: Guid(4ebea9c061cc0cb4c9a56a2ba11529b7) Importer(815301076,1909f56bfc062723c751e8b465ee728b)
Start importing Assets/Mirra GamePush SDK/WebGLTemplates/MirraRelease/thumbnail.png using Guid(4ebea9c061cc0cb4c9a56a2ba11529b7) Importer(815301076,1909f56bfc062723c751e8b465ee728b)  -> (artifact id: 'ac4ba007a8c4e4df7676a36fe668dda0') in 0.240058 seconds 
========================================================================
Received Import Request.
  Time since last request: 0.000063 seconds.
  path: Assets/Mirra GamePush SDK/WebGLTemplates/GameScore/thumbnail.png
  artifactKey: Guid(af92382227717464793243bab7e866b6) Importer(815301076,1909f56bfc062723c751e8b465ee728b)
Start importing Assets/Mirra GamePush SDK/WebGLTemplates/GameScore/thumbnail.png using Guid(af92382227717464793243bab7e866b6) Importer(815301076,1909f56bfc062723c751e8b465ee728b)  -> (artifact id: 'cf6eac07a2a122f5cbf4354295a2e540') in 0.369509 seconds 
========================================================================
Received Import Request.
  Time since last request: 0.000076 seconds.
  path: Assets/Mirra GamePush SDK/WebGLTemplates/GameScore/TemplateData
  artifactKey: Guid(34447909d95af7942a937e37573e6190) Importer(815301076,1909f56bfc062723c751e8b465ee728b)
Start importing Assets/Mirra GamePush SDK/WebGLTemplates/GameScore/TemplateData using Guid(34447909d95af7942a937e37573e6190) Importer(815301076,1909f56bfc062723c751e8b465ee728b)  -> (artifact id: 'f05c8c2186899b322e571cc9c000411c') in 0.019410 seconds 
========================================================================
Received Import Request.
  Time since last request: 1.159385 seconds.
  path: Assets/gamescore_unity-master-Demo-Assets-Scripts/Demo
  artifactKey: Guid(8b92b538e5102e742854ae986e449c12) Importer(815301076,1909f56bfc062723c751e8b465ee728b)
Start importing Assets/gamescore_unity-master-Demo-Assets-Scripts/Demo using Guid(8b92b538e5102e742854ae986e449c12) Importer(815301076,1909f56bfc062723c751e8b465ee728b)  -> (artifact id: 'dbbf60b34426ca99862cb4381c71561a') in 0.093088 seconds 
========================================================================
Received Import Request.
  Time since last request: 1.060580 seconds.
  path: Assets/gamescore_unity-master-Demo-Assets-Scripts/Demo/Assets
  artifactKey: Guid(3a99c04bf7d20684cb18e51541f6e630) Importer(815301076,1909f56bfc062723c751e8b465ee728b)
Start importing Assets/gamescore_unity-master-Demo-Assets-Scripts/Demo/Assets using Guid(3a99c04bf7d20684cb18e51541f6e630) Importer(815301076,1909f56bfc062723c751e8b465ee728b)  -> (artifact id: '0c4418b2f1c85e78bde153c89ed8f4eb') in 0.014131 seconds 
========================================================================
Received Import Request.
  Time since last request: 16.476407 seconds.
  path: Assets/gamescore_unity-master-Demo-Assets-Scripts/Demo/Assets/Scripts
  artifactKey: Guid(4d78e400c93de4d4686a79e7241f33d4) Importer(815301076,1909f56bfc062723c751e8b465ee728b)
Start importing Assets/gamescore_unity-master-Demo-Assets-Scripts/Demo/Assets/Scripts using Guid(4d78e400c93de4d4686a79e7241f33d4) Importer(815301076,1909f56bfc062723c751e8b465ee728b)  -> (artifact id: '00ba81b2aa268d6e03d76d99b4c425fb') in 0.033259 seconds 
========================================================================
Received Import Request.
  Time since last request: 11.302647 seconds.
  path: Assets/gamescore_unity-master-Demo-Assets-Scripts/Demo/Assets/Scripts/Ads.cs
  artifactKey: Guid(ee1ee95077bd9fe499cc023c8179d7e0) Importer(815301076,1909f56bfc062723c751e8b465ee728b)
Start importing Assets/gamescore_unity-master-Demo-Assets-Scripts/Demo/Assets/Scripts/Ads.cs using Guid(ee1ee95077bd9fe499cc023c8179d7e0) Importer(815301076,1909f56bfc062723c751e8b465ee728b)  -> (artifact id: '3561d8a21dddca87091fa626d7d4cc64') in 0.127704 seconds 
========================================================================
Received Import Request.
  Time since last request: 3.128618 seconds.
  path: Assets/gamescore_unity-master-Demo-Assets-Scripts/Demo/Assets/Scripts/Player.cs
  artifactKey: Guid(f1a616b591b26f74685e13086626813e) Importer(815301076,1909f56bfc062723c751e8b465ee728b)
Start importing Assets/gamescore_unity-master-Demo-Assets-Scripts/Demo/Assets/Scripts/Player.cs using Guid(f1a616b591b26f74685e13086626813e) Importer(815301076,1909f56bfc062723c751e8b465ee728b)  -> (artifact id: 'dd42cc41b0838167189c5a2ca8ce0bcc') in 0.021642 seconds 
========================================================================
Received Import Request.
  Time since last request: 0.651684 seconds.
  path: Assets/gamescore_unity-master-Demo-Assets-Scripts/Demo/Assets/Scripts/Server.cs
  artifactKey: Guid(d73a7a07c4e335c4abb88fa102540532) Importer(815301076,1909f56bfc062723c751e8b465ee728b)
Start importing Assets/gamescore_unity-master-Demo-Assets-Scripts/Demo/Assets/Scripts/Server.cs using Guid(d73a7a07c4e335c4abb88fa102540532) Importer(815301076,1909f56bfc062723c751e8b465ee728b)  -> (artifact id: 'cd9ee5f4f233ccbcca67a782647398cd') in 0.036303 seconds 
========================================================================
Received Import Request.
  Time since last request: 0.253195 seconds.
  path: Assets/gamescore_unity-master-Demo-Assets-Scripts/Demo/Assets/Scripts/Payments.cs
  artifactKey: Guid(fdd5323b375a25d49a671fd25f35e79e) Importer(815301076,1909f56bfc062723c751e8b465ee728b)
Start importing Assets/gamescore_unity-master-Demo-Assets-Scripts/Demo/Assets/Scripts/Payments.cs using Guid(fdd5323b375a25d49a671fd25f35e79e) Importer(815301076,1909f56bfc062723c751e8b465ee728b)  -> (artifact id: '907650eda382b85b1ddc3b73048d74e6') in 0.018708 seconds 
========================================================================
Received Import Request.
  Time since last request: 0.429986 seconds.
  path: Assets/gamescore_unity-master-Demo-Assets-Scripts/Demo/Assets/Scripts/LeaderboardScoped.cs
  artifactKey: Guid(1b49435fc3b16d14ab9ab45f609baac0) Importer(815301076,1909f56bfc062723c751e8b465ee728b)
Start importing Assets/gamescore_unity-master-Demo-Assets-Scripts/Demo/Assets/Scripts/LeaderboardScoped.cs using Guid(1b49435fc3b16d14ab9ab45f609baac0) Importer(815301076,1909f56bfc062723c751e8b465ee728b)  -> (artifact id: '150053801e28a90c1972d6d192735dd6') in 0.024583 seconds 
========================================================================
Received Import Request.
  Time since last request: 0.559589 seconds.
  path: Assets/gamescore_unity-master-Demo-Assets-Scripts/Demo/Assets/Scripts/LanguageContoller.cs
  artifactKey: Guid(f2f8e27e3851987458d10b7a0f940547) Importer(815301076,1909f56bfc062723c751e8b465ee728b)
Start importing Assets/gamescore_unity-master-Demo-Assets-Scripts/Demo/Assets/Scripts/LanguageContoller.cs using Guid(f2f8e27e3851987458d10b7a0f940547) Importer(815301076,1909f56bfc062723c751e8b465ee728b)  -> (artifact id: 'f4706b7affc70df4747c59e583d047c4') in 0.025200 seconds 
========================================================================
Received Import Request.
  Time since last request: 0.547823 seconds.
  path: Assets/gamescore_unity-master-Demo-Assets-Scripts/Demo/Assets/Scripts/Leaderboard.cs
  artifactKey: Guid(3fc62e850e4c45449afb7a5a3a5258b8) Importer(815301076,1909f56bfc062723c751e8b465ee728b)
Start importing Assets/gamescore_unity-master-Demo-Assets-Scripts/Demo/Assets/Scripts/Leaderboard.cs using Guid(3fc62e850e4c45449afb7a5a3a5258b8) Importer(815301076,1909f56bfc062723c751e8b465ee728b)  -> (artifact id: '7713cc0bba994dc6ddfd779ddcc95154') in 0.033662 seconds 
========================================================================
Received Prepare
Registering precompiled user dll's ...
Registered in 0.845756 seconds.
Begin MonoManager ReloadAssembly
Symbol file LoadedFromMemory doesn't match image C:\Users\ykpon\Desktop\Unity\Zombies-shooter\Zombies-shooter\Library\PackageCache\com.unity.visualscripting@1.7.8\Editor\VisualScripting.Core\Dependencies\DotNetZip\Unity.VisualScripting.IonicZip.dll
Symbol file LoadedFromMemory doesn't match image C:\Users\ykpon\Desktop\Unity\Zombies-shooter\Zombies-shooter\Library\PackageCache\com.unity.visualscripting@1.7.8\Editor\VisualScripting.Core\Dependencies\YamlDotNet\Unity.VisualScripting.YamlDotNet.dll
Native extension for WindowsStandalone target not found
Native extension for iOS target not found
Native extension for Android target not found
Native extension for WebGL target not found
Refreshing native plugins compatible for Editor in 277.99 ms, found 3 plugins.
Preloading 0 native plugins for Editor in 0.00 ms.
Mono: successfully reloaded assembly
- Completed reload, in 95.449 seconds
Domain Reload Profiling:
	ReloadAssembly (95718ms)
		BeginReloadAssembly (53880ms)
			ExecutionOrderSort (12ms)
			DisableScriptedObjects (3219ms)
			BackupInstance (0ms)
			ReleaseScriptingObjects (0ms)
			CreateAndSetChildDomain (29244ms)
		EndReloadAssembly (39630ms)
			LoadAssemblies (2723ms)
			RebuildTransferFunctionScriptingTraits (28ms)
			SetupTypeCache (10529ms)
			ReleaseScriptCaches (739ms)
			RebuildScriptCaches (350ms)
			SetupLoadedEditorAssemblies (24811ms)
				LogAssemblyErrors (0ms)
				InitializePlatformSupportModulesInManaged (666ms)
				SetLoadedEditorAssemblies (19ms)
				RefreshPlugins (278ms)
				BeforeProcessingInitializeOnLoad (562ms)
				ProcessInitializeOnLoadAttributes (3574ms)
				ProcessInitializeOnLoadMethodAttributes (19590ms)
				AfterProcessingInitializeOnLoad (89ms)
				EditorAssembliesLoaded (34ms)
			ExecutionOrderSort2 (0ms)
			AwakeInstancesAfterBackupRestoration (233ms)
Platform modules already initialized, skipping
Refreshing native plugins compatible for Editor in 339.16 ms, found 3 plugins.
Preloading 0 native plugins for Editor in 0.00 ms.
Unloading 4657 Unused Serialized files (Serialized files now loaded: 0)
Unloading 43 unused Assets / (225.7 KB). Loaded Objects now: 5234.
Memory consumption went from 279.8 MB to 279.6 MB.
Total: 261.932200 ms (FindLiveObjects: 1.403200 ms CreateObjectMapping: 0.355700 ms MarkObjects: 236.820700 ms  DeleteObjects: 23.346300 ms)

AssetImportParameters requested are different than current active one (requested -> active):
  custom:video-decoder-ogg-theora: a1e56fd34408186e4bbccfd4996cb3dc -> 
  custom:container-muxer-webm: aa71ff27fc2769a1b78a27578f13a17b -> 
  custom:container-demuxer-webm: 4f35f7cbe854078d1ac9338744f61a02 -> 
  custom:video-encoder-webm-vp8: eb34c28f22e8b96e1ab97ce403110664 -> 
  custom:audio-encoder-webm-vorbis: bf7c407c2cedff20999df2af8eb42d56 -> 
  custom:framework-win-MediaFoundation: 216162199b28c13a410421893ffa2e32 -> 
  custom:container-demuxer-ogg: 62fdf1f143b41e24485cea50d1cbac27 -> 
  custom:video-decoder-webm-vp8: 9c59270c3fd7afecdb556c50c9e8de78 -> 
  custom:audio-decoder-ogg-vorbis: bf7c407c2cedff20999df2af8eb42d56 -> 
========================================================================
Received Prepare
Registering precompiled user dll's ...
Registered in 0.949050 seconds.
Begin MonoManager ReloadAssembly
Symbol file LoadedFromMemory doesn't match image C:\Users\ykpon\Desktop\Unity\Zombies-shooter\Zombies-shooter\Library\PackageCache\com.unity.visualscripting@1.7.8\Editor\VisualScripting.Core\Dependencies\DotNetZip\Unity.VisualScripting.IonicZip.dll
Symbol file LoadedFromMemory doesn't match image C:\Users\ykpon\Desktop\Unity\Zombies-shooter\Zombies-shooter\Library\PackageCache\com.unity.visualscripting@1.7.8\Editor\VisualScripting.Core\Dependencies\YamlDotNet\Unity.VisualScripting.YamlDotNet.dll
Native extension for WindowsStandalone target not found
Native extension for iOS target not found
Native extension for Android target not found
Native extension for WebGL target not found
Refreshing native plugins compatible for Editor in 7.76 ms, found 3 plugins.
Preloading 0 native plugins for Editor in 0.00 ms.
Mono: successfully reloaded assembly
- Completed reload, in 28.308 seconds
Domain Reload Profiling:
	ReloadAssembly (28311ms)
		BeginReloadAssembly (6971ms)
			ExecutionOrderSort (0ms)
			DisableScriptedObjects (64ms)
			BackupInstance (0ms)
			ReleaseScriptingObjects (0ms)
			CreateAndSetChildDomain (3774ms)
		EndReloadAssembly (20201ms)
			LoadAssemblies (4579ms)
			RebuildTransferFunctionScriptingTraits (63ms)
			SetupTypeCache (6135ms)
			ReleaseScriptCaches (4ms)
			RebuildScriptCaches (106ms)
			SetupLoadedEditorAssemblies (10051ms)
				LogAssemblyErrors (0ms)
				InitializePlatformSupportModulesInManaged (363ms)
				SetLoadedEditorAssemblies (3ms)
				RefreshPlugins (8ms)
				BeforeProcessingInitializeOnLoad (307ms)
				ProcessInitializeOnLoadAttributes (3476ms)
				ProcessInitializeOnLoadMethodAttributes (5790ms)
				AfterProcessingInitializeOnLoad (104ms)
				EditorAssembliesLoaded (1ms)
			ExecutionOrderSort2 (0ms)
			AwakeInstancesAfterBackupRestoration (74ms)
Platform modules already initialized, skipping
Refreshing native plugins compatible for Editor in 23.19 ms, found 3 plugins.
Preloading 0 native plugins for Editor in 0.00 ms.
Unloading 4657 Unused Serialized files (Serialized files now loaded: 0)
Unloading 43 unused Assets / (226.9 KB). Loaded Objects now: 5237.
Memory consumption went from 279.6 MB to 279.4 MB.
Total: 19.340600 ms (FindLiveObjects: 0.941300 ms CreateObjectMapping: 0.298800 ms MarkObjects: 17.793800 ms  DeleteObjects: 0.304200 ms)

AssetImportParameters requested are different than current active one (requested -> active):
  custom:video-decoder-ogg-theora: a1e56fd34408186e4bbccfd4996cb3dc -> 
  custom:container-muxer-webm: aa71ff27fc2769a1b78a27578f13a17b -> 
  custom:container-demuxer-webm: 4f35f7cbe854078d1ac9338744f61a02 -> 
  custom:video-encoder-webm-vp8: eb34c28f22e8b96e1ab97ce403110664 -> 
  custom:audio-encoder-webm-vorbis: bf7c407c2cedff20999df2af8eb42d56 -> 
  custom:framework-win-MediaFoundation: 216162199b28c13a410421893ffa2e32 -> 
  custom:container-demuxer-ogg: 62fdf1f143b41e24485cea50d1cbac27 -> 
  custom:video-decoder-webm-vp8: 9c59270c3fd7afecdb556c50c9e8de78 -> 
  custom:audio-decoder-ogg-vorbis: bf7c407c2cedff20999df2af8eb42d56 -> 
========================================================================
Received Prepare
Registering precompiled user dll's ...
Registered in 0.029114 seconds.
Begin MonoManager ReloadAssembly
Symbol file LoadedFromMemory doesn't match image C:\Users\ykpon\Desktop\Unity\Zombies-shooter\Zombies-shooter\Library\PackageCache\com.unity.visualscripting@1.7.8\Editor\VisualScripting.Core\Dependencies\DotNetZip\Unity.VisualScripting.IonicZip.dll
Symbol file LoadedFromMemory doesn't match image C:\Users\ykpon\Desktop\Unity\Zombies-shooter\Zombies-shooter\Library\PackageCache\com.unity.visualscripting@1.7.8\Editor\VisualScripting.Core\Dependencies\YamlDotNet\Unity.VisualScripting.YamlDotNet.dll
Native extension for WindowsStandalone target not found
Native extension for iOS target not found
Native extension for Android target not found
Native extension for WebGL target not found
Refreshing native plugins compatible for Editor in 3.65 ms, found 3 plugins.
Preloading 0 native plugins for Editor in 0.00 ms.
Mono: successfully reloaded assembly
- Completed reload, in 56.696 seconds
Domain Reload Profiling:
	ReloadAssembly (56720ms)
		BeginReloadAssembly (15796ms)
			ExecutionOrderSort (9ms)
			DisableScriptedObjects (368ms)
			BackupInstance (0ms)
			ReleaseScriptingObjects (0ms)
			CreateAndSetChildDomain (9512ms)
		EndReloadAssembly (38965ms)
			LoadAssemblies (6216ms)
			RebuildTransferFunctionScriptingTraits (0ms)
			SetupTypeCache (5168ms)
			ReleaseScriptCaches (4ms)
			RebuildScriptCaches (119ms)
			SetupLoadedEditorAssemblies (29146ms)
				LogAssemblyErrors (0ms)
				InitializePlatformSupportModulesInManaged (1183ms)
				SetLoadedEditorAssemblies (61ms)
				RefreshPlugins (4ms)
				BeforeProcessingInitializeOnLoad (6045ms)
				ProcessInitializeOnLoadAttributes (3406ms)
				ProcessInitializeOnLoadMethodAttributes (18413ms)
				AfterProcessingInitializeOnLoad (34ms)
				EditorAssembliesLoaded (0ms)
			ExecutionOrderSort2 (0ms)
			AwakeInstancesAfterBackupRestoration (39ms)
Platform modules already initialized, skipping
Refreshing native plugins compatible for Editor in 113.78 ms, found 3 plugins.
Preloading 0 native plugins for Editor in 0.00 ms.
Unloading 4657 Unused Serialized files (Serialized files now loaded: 0)
Unloading 43 unused Assets / (225.7 KB). Loaded Objects now: 5240.
Memory consumption went from 279.8 MB to 279.6 MB.
Total: 101.820100 ms (FindLiveObjects: 0.921500 ms CreateObjectMapping: 0.261000 ms MarkObjects: 76.336900 ms  DeleteObjects: 24.296600 ms)

AssetImportParameters requested are different than current active one (requested -> active):
  custom:video-decoder-ogg-theora: a1e56fd34408186e4bbccfd4996cb3dc -> 
  custom:container-muxer-webm: aa71ff27fc2769a1b78a27578f13a17b -> 
  custom:container-demuxer-webm: 4f35f7cbe854078d1ac9338744f61a02 -> 
  custom:video-encoder-webm-vp8: eb34c28f22e8b96e1ab97ce403110664 -> 
  custom:audio-encoder-webm-vorbis: bf7c407c2cedff20999df2af8eb42d56 -> 
  custom:framework-win-MediaFoundation: 216162199b28c13a410421893ffa2e32 -> 
  custom:container-demuxer-ogg: 62fdf1f143b41e24485cea50d1cbac27 -> 
  custom:video-decoder-webm-vp8: 9c59270c3fd7afecdb556c50c9e8de78 -> 
  custom:audio-decoder-ogg-vorbis: bf7c407c2cedff20999df2af8eb42d56 -> 
========================================================================
Received Import Request.
  Time since last request: 36830.515657 seconds.
  path: Assets/Mirra GamePush SDK/MirraAssets/GSLoader.unity
  artifactKey: Guid(488c749ca8ae15e4bbe20ab148307a2e) Importer(815301076,1909f56bfc062723c751e8b465ee728b)
Start importing Assets/Mirra GamePush SDK/MirraAssets/GSLoader.unity using Guid(488c749ca8ae15e4bbe20ab148307a2e) Importer(815301076,1909f56bfc062723c751e8b465ee728b)  -> (artifact id: 'b7c2568683a7ab1f2c92e1b1ea636148') in 7.535807 seconds 
========================================================================
Received Import Request.
  Time since last request: 0.015738 seconds.
  path: Assets/Mirra GamePush SDK/GameScore/GameScoreSDK.prefab
  artifactKey: Guid(06397a34dc2257d42bcf9493444bc7e1) Importer(815301076,1909f56bfc062723c751e8b465ee728b)
Start importing Assets/Mirra GamePush SDK/GameScore/GameScoreSDK.prefab using Guid(06397a34dc2257d42bcf9493444bc7e1) Importer(815301076,1909f56bfc062723c751e8b465ee728b)  -> (artifact id: 'd80b50c4872d34b44d247f4af102a710') in 7.240207 seconds 
========================================================================
Received Prepare
Registering precompiled user dll's ...
Registered in 0.102732 seconds.
Begin MonoManager ReloadAssembly
Symbol file LoadedFromMemory doesn't match image C:\Users\ykpon\Desktop\Unity\Zombies-shooter\Zombies-shooter\Library\PackageCache\com.unity.visualscripting@1.7.8\Editor\VisualScripting.Core\Dependencies\DotNetZip\Unity.VisualScripting.IonicZip.dll
Symbol file LoadedFromMemory doesn't match image C:\Users\ykpon\Desktop\Unity\Zombies-shooter\Zombies-shooter\Library\PackageCache\com.unity.visualscripting@1.7.8\Editor\VisualScripting.Core\Dependencies\YamlDotNet\Unity.VisualScripting.YamlDotNet.dll
Native extension for WindowsStandalone target not found
Native extension for iOS target not found
Native extension for Android target not found
Native extension for WebGL target not found
Refreshing native plugins compatible for Editor in 6.04 ms, found 3 plugins.
Preloading 0 native plugins for Editor in 0.00 ms.
Mono: successfully reloaded assembly
- Completed reload, in 51.976 seconds
Domain Reload Profiling:
	ReloadAssembly (52072ms)
		BeginReloadAssembly (33776ms)
			ExecutionOrderSort (6ms)
			DisableScriptedObjects (1541ms)
			BackupInstance (0ms)
			ReleaseScriptingObjects (9ms)
			CreateAndSetChildDomain (16516ms)
		EndReloadAssembly (15547ms)
			LoadAssemblies (11499ms)
			RebuildTransferFunctionScriptingTraits (4ms)
			SetupTypeCache (3811ms)
			ReleaseScriptCaches (156ms)
			RebuildScriptCaches (219ms)
			SetupLoadedEditorAssemblies (4863ms)
				LogAssemblyErrors (0ms)
				InitializePlatformSupportModulesInManaged (322ms)
				SetLoadedEditorAssemblies (13ms)
				RefreshPlugins (7ms)
				BeforeProcessingInitializeOnLoad (276ms)
				ProcessInitializeOnLoadAttributes (1975ms)
				ProcessInitializeOnLoadMethodAttributes (2207ms)
				AfterProcessingInitializeOnLoad (23ms)
				EditorAssembliesLoaded (39ms)
			ExecutionOrderSort2 (0ms)
			AwakeInstancesAfterBackupRestoration (139ms)
Platform modules already initialized, skipping
Refreshing native plugins compatible for Editor in 56.37 ms, found 3 plugins.
Preloading 0 native plugins for Editor in 0.00 ms.
Unloading 4657 Unused Serialized files (Serialized files now loaded: 0)
Unloading 43 unused Assets / (226.7 KB). Loaded Objects now: 5243.
Memory consumption went from 279.9 MB to 279.6 MB.
Total: 333.473600 ms (FindLiveObjects: 47.905000 ms CreateObjectMapping: 1.116400 ms MarkObjects: 275.930200 ms  DeleteObjects: 8.517000 ms)

AssetImportParameters requested are different than current active one (requested -> active):
  custom:video-decoder-ogg-theora: a1e56fd34408186e4bbccfd4996cb3dc -> 
  custom:container-muxer-webm: aa71ff27fc2769a1b78a27578f13a17b -> 
  custom:container-demuxer-webm: 4f35f7cbe854078d1ac9338744f61a02 -> 
  custom:video-encoder-webm-vp8: eb34c28f22e8b96e1ab97ce403110664 -> 
  custom:audio-encoder-webm-vorbis: bf7c407c2cedff20999df2af8eb42d56 -> 
  custom:framework-win-MediaFoundation: 216162199b28c13a410421893ffa2e32 -> 
  custom:container-demuxer-ogg: 62fdf1f143b41e24485cea50d1cbac27 -> 
  custom:video-decoder-webm-vp8: 9c59270c3fd7afecdb556c50c9e8de78 -> 
  custom:audio-decoder-ogg-vorbis: bf7c407c2cedff20999df2af8eb42d56 -> 
========================================================================
Received Prepare
Registering precompiled user dll's ...
Registered in 0.042929 seconds.
Begin MonoManager ReloadAssembly
Symbol file LoadedFromMemory doesn't match image C:\Users\ykpon\Desktop\Unity\Zombies-shooter\Zombies-shooter\Library\PackageCache\com.unity.visualscripting@1.7.8\Editor\VisualScripting.Core\Dependencies\DotNetZip\Unity.VisualScripting.IonicZip.dll
Symbol file LoadedFromMemory doesn't match image C:\Users\ykpon\Desktop\Unity\Zombies-shooter\Zombies-shooter\Library\PackageCache\com.unity.visualscripting@1.7.8\Editor\VisualScripting.Core\Dependencies\YamlDotNet\Unity.VisualScripting.YamlDotNet.dll
Native extension for WindowsStandalone target not found
Native extension for iOS target not found
Native extension for Android target not found
Native extension for WebGL target not found
Refreshing native plugins compatible for Editor in 6.01 ms, found 3 plugins.
Preloading 0 native plugins for Editor in 0.00 ms.
Mono: successfully reloaded assembly
- Completed reload, in 13.159 seconds
Domain Reload Profiling:
	ReloadAssembly (13212ms)
		BeginReloadAssembly (6507ms)
			ExecutionOrderSort (0ms)
			DisableScriptedObjects (257ms)
			BackupInstance (0ms)
			ReleaseScriptingObjects (0ms)
			CreateAndSetChildDomain (2268ms)
		EndReloadAssembly (5754ms)
			LoadAssemblies (2243ms)
			RebuildTransferFunctionScriptingTraits (0ms)
			SetupTypeCache (1829ms)
			ReleaseScriptCaches (5ms)
			RebuildScriptCaches (144ms)
			SetupLoadedEditorAssemblies (2136ms)
				LogAssemblyErrors (0ms)
				InitializePlatformSupportModulesInManaged (111ms)
				SetLoadedEditorAssemblies (8ms)
				RefreshPlugins (6ms)
				BeforeProcessingInitializeOnLoad (321ms)
				ProcessInitializeOnLoadAttributes (1019ms)
				ProcessInitializeOnLoadMethodAttributes (652ms)
				AfterProcessingInitializeOnLoad (18ms)
				EditorAssembliesLoaded (1ms)
			ExecutionOrderSort2 (0ms)
			AwakeInstancesAfterBackupRestoration (23ms)
Platform modules already initialized, skipping
Refreshing native plugins compatible for Editor in 25.49 ms, found 3 plugins.
Preloading 0 native plugins for Editor in 0.00 ms.
Unloading 4657 Unused Serialized files (Serialized files now loaded: 0)
Unloading 43 unused Assets / (225.8 KB). Loaded Objects now: 5246.
Memory consumption went from 279.9 MB to 279.6 MB.
Total: 26.068000 ms (FindLiveObjects: 1.353900 ms CreateObjectMapping: 0.365500 ms MarkObjects: 23.523300 ms  DeleteObjects: 0.821600 ms)

AssetImportParameters requested are different than current active one (requested -> active):
  custom:video-decoder-ogg-theora: a1e56fd34408186e4bbccfd4996cb3dc -> 
  custom:container-muxer-webm: aa71ff27fc2769a1b78a27578f13a17b -> 
  custom:container-demuxer-webm: 4f35f7cbe854078d1ac9338744f61a02 -> 
  custom:video-encoder-webm-vp8: eb34c28f22e8b96e1ab97ce403110664 -> 
  custom:audio-encoder-webm-vorbis: bf7c407c2cedff20999df2af8eb42d56 -> 
  custom:framework-win-MediaFoundation: 216162199b28c13a410421893ffa2e32 -> 
  custom:container-demuxer-ogg: 62fdf1f143b41e24485cea50d1cbac27 -> 
  custom:video-decoder-webm-vp8: 9c59270c3fd7afecdb556c50c9e8de78 -> 
  custom:audio-decoder-ogg-vorbis: bf7c407c2cedff20999df2af8eb42d56 -> 
========================================================================
Received Prepare
Registering precompiled user dll's ...
Registered in 0.418394 seconds.
Begin MonoManager ReloadAssembly
Symbol file LoadedFromMemory doesn't match image C:\Users\ykpon\Desktop\Unity\Zombies-shooter\Zombies-shooter\Library\PackageCache\com.unity.visualscripting@1.7.8\Editor\VisualScripting.Core\Dependencies\DotNetZip\Unity.VisualScripting.IonicZip.dll
Symbol file LoadedFromMemory doesn't match image C:\Users\ykpon\Desktop\Unity\Zombies-shooter\Zombies-shooter\Library\PackageCache\com.unity.visualscripting@1.7.8\Editor\VisualScripting.Core\Dependencies\YamlDotNet\Unity.VisualScripting.YamlDotNet.dll
Native extension for WindowsStandalone target not found
Native extension for iOS target not found
Native extension for Android target not found
Native extension for WebGL target not found
Refreshing native plugins compatible for Editor in 1272.24 ms, found 3 plugins.
Preloading 0 native plugins for Editor in 0.00 ms.
Mono: successfully reloaded assembly
- Completed reload, in 277.058 seconds
Domain Reload Profiling:
	ReloadAssembly (278341ms)
		BeginReloadAssembly (96881ms)
			ExecutionOrderSort (104ms)
			DisableScriptedObjects (5115ms)
			BackupInstance (0ms)
			ReleaseScriptingObjects (24ms)
			CreateAndSetChildDomain (30798ms)
		EndReloadAssembly (172695ms)
			LoadAssemblies (22858ms)
			RebuildTransferFunctionScriptingTraits (204ms)
			SetupTypeCache (17122ms)
			ReleaseScriptCaches (3226ms)
			RebuildScriptCaches (2995ms)
			SetupLoadedEditorAssemblies (133702ms)
				LogAssemblyErrors (0ms)
				InitializePlatformSupportModulesInManaged (1385ms)
				SetLoadedEditorAssemblies (70ms)
				RefreshPlugins (1295ms)
				BeforeProcessingInitializeOnLoad (3880ms)
				ProcessInitializeOnLoadAttributes (5800ms)
				ProcessInitializeOnLoadMethodAttributes (120286ms)
				AfterProcessingInitializeOnLoad (463ms)
				EditorAssembliesLoaded (296ms)
			ExecutionOrderSort2 (41ms)
			AwakeInstancesAfterBackupRestoration (3377ms)
Platform modules already initialized, skipping
Refreshing native plugins compatible for Editor in 814.40 ms, found 3 plugins.
Preloading 0 native plugins for Editor in 0.00 ms.
Unloading 4657 Unused Serialized files (Serialized files now loaded: 0)
Unloading 43 unused Assets / (225.8 KB). Loaded Objects now: 5249.
Memory consumption went from 279.9 MB to 279.6 MB.
Total: 6214.022900 ms (FindLiveObjects: 64.468000 ms CreateObjectMapping: 3.237600 ms MarkObjects: 5873.697100 ms  DeleteObjects: 272.613400 ms)

AssetImportParameters requested are different than current active one (requested -> active):
  custom:video-decoder-ogg-theora: a1e56fd34408186e4bbccfd4996cb3dc -> 
  custom:container-muxer-webm: aa71ff27fc2769a1b78a27578f13a17b -> 
  custom:container-demuxer-webm: 4f35f7cbe854078d1ac9338744f61a02 -> 
  custom:video-encoder-webm-vp8: eb34c28f22e8b96e1ab97ce403110664 -> 
  custom:audio-encoder-webm-vorbis: bf7c407c2cedff20999df2af8eb42d56 -> 
  custom:framework-win-MediaFoundation: 216162199b28c13a410421893ffa2e32 -> 
  custom:container-demuxer-ogg: 62fdf1f143b41e24485cea50d1cbac27 -> 
  custom:video-decoder-webm-vp8: 9c59270c3fd7afecdb556c50c9e8de78 -> 
  custom:audio-decoder-ogg-vorbis: bf7c407c2cedff20999df2af8eb42d56 -> 
========================================================================
Received Prepare
Registering precompiled user dll's ...
Registered in 0.092301 seconds.
Begin MonoManager ReloadAssembly
Symbol file LoadedFromMemory doesn't match image C:\Users\ykpon\Desktop\Unity\Zombies-shooter\Zombies-shooter\Library\PackageCache\com.unity.visualscripting@1.7.8\Editor\VisualScripting.Core\Dependencies\DotNetZip\Unity.VisualScripting.IonicZip.dll
Symbol file LoadedFromMemory doesn't match image C:\Users\ykpon\Desktop\Unity\Zombies-shooter\Zombies-shooter\Library\PackageCache\com.unity.visualscripting@1.7.8\Editor\VisualScripting.Core\Dependencies\YamlDotNet\Unity.VisualScripting.YamlDotNet.dll
Native extension for WindowsStandalone target not found
Native extension for iOS target not found
Native extension for Android target not found
Native extension for WebGL target not found
Refreshing native plugins compatible for Editor in 32.30 ms, found 3 plugins.
Preloading 0 native plugins for Editor in 0.00 ms.
Mono: successfully reloaded assembly
- Completed reload, in 25.462 seconds
Domain Reload Profiling:
	ReloadAssembly (25499ms)
		BeginReloadAssembly (11243ms)
			ExecutionOrderSort (25ms)
			DisableScriptedObjects (606ms)
			BackupInstance (0ms)
			ReleaseScriptingObjects (0ms)
			CreateAndSetChildDomain (5272ms)
		EndReloadAssembly (12940ms)
			LoadAssemblies (3496ms)
			RebuildTransferFunctionScriptingTraits (61ms)
			SetupTypeCache (6513ms)
			ReleaseScriptCaches (6ms)
			RebuildScriptCaches (212ms)
			SetupLoadedEditorAssemblies (4035ms)
				LogAssemblyErrors (0ms)
				InitializePlatformSupportModulesInManaged (227ms)
				SetLoadedEditorAssemblies (3ms)
				RefreshPlugins (33ms)
				BeforeProcessingInitializeOnLoad (260ms)
				ProcessInitializeOnLoadAttributes (2487ms)
				ProcessInitializeOnLoadMethodAttributes (1008ms)
				AfterProcessingInitializeOnLoad (17ms)
				EditorAssembliesLoaded (1ms)
			ExecutionOrderSort2 (0ms)
			AwakeInstancesAfterBackupRestoration (11ms)
Platform modules already initialized, skipping
Refreshing native plugins compatible for Editor in 64.68 ms, found 3 plugins.
Preloading 0 native plugins for Editor in 0.00 ms.
Unloading 4657 Unused Serialized files (Serialized files now loaded: 0)
Unloading 43 unused Assets / (225.7 KB). Loaded Objects now: 5252.
Memory consumption went from 279.7 MB to 279.5 MB.
Total: 97.478700 ms (FindLiveObjects: 1.054300 ms CreateObjectMapping: 0.358100 ms MarkObjects: 93.997500 ms  DeleteObjects: 2.064700 ms)

AssetImportParameters requested are different than current active one (requested -> active):
  custom:video-decoder-ogg-theora: a1e56fd34408186e4bbccfd4996cb3dc -> 
  custom:container-muxer-webm: aa71ff27fc2769a1b78a27578f13a17b -> 
  custom:container-demuxer-webm: 4f35f7cbe854078d1ac9338744f61a02 -> 
  custom:video-encoder-webm-vp8: eb34c28f22e8b96e1ab97ce403110664 -> 
  custom:audio-encoder-webm-vorbis: bf7c407c2cedff20999df2af8eb42d56 -> 
  custom:framework-win-MediaFoundation: 216162199b28c13a410421893ffa2e32 -> 
  custom:container-demuxer-ogg: 62fdf1f143b41e24485cea50d1cbac27 -> 
  custom:video-decoder-webm-vp8: 9c59270c3fd7afecdb556c50c9e8de78 -> 
  custom:audio-decoder-ogg-vorbis: bf7c407c2cedff20999df2af8eb42d56 -> 
========================================================================
Received Prepare
Registering precompiled user dll's ...
Registered in 0.065666 seconds.
Begin MonoManager ReloadAssembly
Symbol file LoadedFromMemory doesn't match image C:\Users\ykpon\Desktop\Unity\Zombies-shooter\Zombies-shooter\Library\PackageCache\com.unity.visualscripting@1.7.8\Editor\VisualScripting.Core\Dependencies\DotNetZip\Unity.VisualScripting.IonicZip.dll
Symbol file LoadedFromMemory doesn't match image C:\Users\ykpon\Desktop\Unity\Zombies-shooter\Zombies-shooter\Library\PackageCache\com.unity.visualscripting@1.7.8\Editor\VisualScripting.Core\Dependencies\YamlDotNet\Unity.VisualScripting.YamlDotNet.dll
Native extension for WindowsStandalone target not found
Native extension for iOS target not found
Native extension for Android target not found
Native extension for WebGL target not found
Refreshing native plugins compatible for Editor in 3.32 ms, found 3 plugins.
Preloading 0 native plugins for Editor in 0.00 ms.
Mono: successfully reloaded assembly
- Completed reload, in  5.115 seconds
Domain Reload Profiling:
	ReloadAssembly (5116ms)
		BeginReloadAssembly (994ms)
			ExecutionOrderSort (0ms)
			DisableScriptedObjects (29ms)
			BackupInstance (0ms)
			ReleaseScriptingObjects (0ms)
			CreateAndSetChildDomain (116ms)
		EndReloadAssembly (3652ms)
			LoadAssemblies (1461ms)
			RebuildTransferFunctionScriptingTraits (0ms)
			SetupTypeCache (756ms)
			ReleaseScriptCaches (2ms)
			RebuildScriptCaches (93ms)
			SetupLoadedEditorAssemblies (1619ms)
				LogAssemblyErrors (0ms)
				InitializePlatformSupportModulesInManaged (78ms)
				SetLoadedEditorAssemblies (1ms)
				RefreshPlugins (3ms)
				BeforeProcessingInitializeOnLoad (158ms)
				ProcessInitializeOnLoadAttributes (1005ms)
				ProcessInitializeOnLoadMethodAttributes (295ms)
				AfterProcessingInitializeOnLoad (79ms)
				EditorAssembliesLoaded (0ms)
			ExecutionOrderSort2 (0ms)
			AwakeInstancesAfterBackupRestoration (10ms)
Platform modules already initialized, skipping
Refreshing native plugins compatible for Editor in 29.23 ms, found 3 plugins.
Preloading 0 native plugins for Editor in 0.00 ms.
Unloading 4657 Unused Serialized files (Serialized files now loaded: 0)
Unloading 43 unused Assets / (225.7 KB). Loaded Objects now: 5255.
Memory consumption went from 279.9 MB to 279.7 MB.
Total: 17.201100 ms (FindLiveObjects: 1.126600 ms CreateObjectMapping: 0.725600 ms MarkObjects: 14.265600 ms  DeleteObjects: 1.080700 ms)

AssetImportParameters requested are different than current active one (requested -> active):
  custom:video-decoder-ogg-theora: a1e56fd34408186e4bbccfd4996cb3dc -> 
  custom:container-muxer-webm: aa71ff27fc2769a1b78a27578f13a17b -> 
  custom:container-demuxer-webm: 4f35f7cbe854078d1ac9338744f61a02 -> 
  custom:video-encoder-webm-vp8: eb34c28f22e8b96e1ab97ce403110664 -> 
  custom:audio-encoder-webm-vorbis: bf7c407c2cedff20999df2af8eb42d56 -> 
  custom:framework-win-MediaFoundation: 216162199b28c13a410421893ffa2e32 -> 
  custom:container-demuxer-ogg: 62fdf1f143b41e24485cea50d1cbac27 -> 
  custom:video-decoder-webm-vp8: 9c59270c3fd7afecdb556c50c9e8de78 -> 
  custom:audio-decoder-ogg-vorbis: bf7c407c2cedff20999df2af8eb42d56 -> 
========================================================================
Received Prepare
Registering precompiled user dll's ...
Registered in 0.790555 seconds.
Begin MonoManager ReloadAssembly
Symbol file LoadedFromMemory doesn't match image C:\Users\ykpon\Desktop\Unity\Zombies-shooter\Zombies-shooter\Library\PackageCache\com.unity.visualscripting@1.7.8\Editor\VisualScripting.Core\Dependencies\DotNetZip\Unity.VisualScripting.IonicZip.dll
Symbol file LoadedFromMemory doesn't match image C:\Users\ykpon\Desktop\Unity\Zombies-shooter\Zombies-shooter\Library\PackageCache\com.unity.visualscripting@1.7.8\Editor\VisualScripting.Core\Dependencies\YamlDotNet\Unity.VisualScripting.YamlDotNet.dll
Native extension for WindowsStandalone target not found
Native extension for iOS target not found
Native extension for Android target not found
Native extension for WebGL target not found
Refreshing native plugins compatible for Editor in 24.00 ms, found 3 plugins.
Preloading 0 native plugins for Editor in 0.00 ms.
Mono: successfully reloaded assembly
- Completed reload, in 42.778 seconds
Domain Reload Profiling:
	ReloadAssembly (43347ms)
		BeginReloadAssembly (24225ms)
			ExecutionOrderSort (0ms)
			DisableScriptedObjects (1057ms)
			BackupInstance (0ms)
			ReleaseScriptingObjects (0ms)
			CreateAndSetChildDomain (12364ms)
		EndReloadAssembly (16516ms)
			LoadAssemblies (6183ms)
			RebuildTransferFunctionScriptingTraits (0ms)
			SetupTypeCache (4813ms)
			ReleaseScriptCaches (36ms)
			RebuildScriptCaches (297ms)
			SetupLoadedEditorAssemblies (5129ms)
				LogAssemblyErrors (0ms)
				InitializePlatformSupportModulesInManaged (501ms)
				SetLoadedEditorAssemblies (11ms)
				RefreshPlugins (24ms)
				BeforeProcessingInitializeOnLoad (384ms)
				ProcessInitializeOnLoadAttributes (1766ms)
				ProcessInitializeOnLoadMethodAttributes (2426ms)
				AfterProcessingInitializeOnLoad (16ms)
				EditorAssembliesLoaded (0ms)
			ExecutionOrderSort2 (0ms)
			AwakeInstancesAfterBackupRestoration (55ms)
Platform modules already initialized, skipping
Refreshing native plugins compatible for Editor in 96.43 ms, found 3 plugins.
Preloading 0 native plugins for Editor in 0.00 ms.
Unloading 4657 Unused Serialized files (Serialized files now loaded: 0)
Unloading 43 unused Assets / (226.8 KB). Loaded Objects now: 5258.
Memory consumption went from 279.9 MB to 279.7 MB.
Total: 338.256600 ms (FindLiveObjects: 1.308200 ms CreateObjectMapping: 0.809600 ms MarkObjects: 306.949400 ms  DeleteObjects: 29.185100 ms)

AssetImportParameters requested are different than current active one (requested -> active):
  custom:video-decoder-ogg-theora: a1e56fd34408186e4bbccfd4996cb3dc -> 
  custom:container-muxer-webm: aa71ff27fc2769a1b78a27578f13a17b -> 
  custom:container-demuxer-webm: 4f35f7cbe854078d1ac9338744f61a02 -> 
  custom:video-encoder-webm-vp8: eb34c28f22e8b96e1ab97ce403110664 -> 
  custom:audio-encoder-webm-vorbis: bf7c407c2cedff20999df2af8eb42d56 -> 
  custom:framework-win-MediaFoundation: 216162199b28c13a410421893ffa2e32 -> 
  custom:container-demuxer-ogg: 62fdf1f143b41e24485cea50d1cbac27 -> 
  custom:video-decoder-webm-vp8: 9c59270c3fd7afecdb556c50c9e8de78 -> 
  custom:audio-decoder-ogg-vorbis: bf7c407c2cedff20999df2af8eb42d56 -> 
========================================================================
Received Prepare
Registering precompiled user dll's ...
Registered in 0.481337 seconds.
Begin MonoManager ReloadAssembly
Symbol file LoadedFromMemory doesn't match image C:\Users\ykpon\Desktop\Unity\Zombies-shooter\Zombies-shooter\Library\PackageCache\com.unity.visualscripting@1.7.8\Editor\VisualScripting.Core\Dependencies\DotNetZip\Unity.VisualScripting.IonicZip.dll
Symbol file LoadedFromMemory doesn't match image C:\Users\ykpon\Desktop\Unity\Zombies-shooter\Zombies-shooter\Library\PackageCache\com.unity.visualscripting@1.7.8\Editor\VisualScripting.Core\Dependencies\YamlDotNet\Unity.VisualScripting.YamlDotNet.dll
Native extension for WindowsStandalone target not found
Native extension for iOS target not found
Native extension for Android target not found
Native extension for WebGL target not found
Refreshing native plugins compatible for Editor in 5.49 ms, found 3 plugins.
Preloading 0 native plugins for Editor in 0.00 ms.
Mono: successfully reloaded assembly
- Completed reload, in  5.905 seconds
Domain Reload Profiling:
	ReloadAssembly (5908ms)
		BeginReloadAssembly (1072ms)
			ExecutionOrderSort (0ms)
			DisableScriptedObjects (17ms)
			BackupInstance (0ms)
			ReleaseScriptingObjects (0ms)
			CreateAndSetChildDomain (189ms)
		EndReloadAssembly (4286ms)
			LoadAssemblies (1362ms)
			RebuildTransferFunctionScriptingTraits (0ms)
			SetupTypeCache (1339ms)
			ReleaseScriptCaches (3ms)
			RebuildScriptCaches (137ms)
			SetupLoadedEditorAssemblies (1701ms)
				LogAssemblyErrors (3ms)
				InitializePlatformSupportModulesInManaged (113ms)
				SetLoadedEditorAssemblies (2ms)
				RefreshPlugins (6ms)
				BeforeProcessingInitializeOnLoad (197ms)
				ProcessInitializeOnLoadAttributes (959ms)
				ProcessInitializeOnLoadMethodAttributes (383ms)
				AfterProcessingInitializeOnLoad (39ms)
				EditorAssembliesLoaded (1ms)
			ExecutionOrderSort2 (0ms)
			AwakeInstancesAfterBackupRestoration (38ms)
Platform modules already initialized, skipping
Refreshing native plugins compatible for Editor in 18.49 ms, found 3 plugins.
Preloading 0 native plugins for Editor in 0.00 ms.
Unloading 4657 Unused Serialized files (Serialized files now loaded: 0)
Unloading 43 unused Assets / (225.8 KB). Loaded Objects now: 5261.
Memory consumption went from 279.9 MB to 279.7 MB.
Total: 28.750000 ms (FindLiveObjects: 0.929000 ms CreateObjectMapping: 0.252900 ms MarkObjects: 18.174400 ms  DeleteObjects: 9.391400 ms)

AssetImportParameters requested are different than current active one (requested -> active):
  custom:video-decoder-ogg-theora: a1e56fd34408186e4bbccfd4996cb3dc -> 
  custom:container-muxer-webm: aa71ff27fc2769a1b78a27578f13a17b -> 
  custom:container-demuxer-webm: 4f35f7cbe854078d1ac9338744f61a02 -> 
  custom:video-encoder-webm-vp8: eb34c28f22e8b96e1ab97ce403110664 -> 
  custom:audio-encoder-webm-vorbis: bf7c407c2cedff20999df2af8eb42d56 -> 
  custom:framework-win-MediaFoundation: 216162199b28c13a410421893ffa2e32 -> 
  custom:container-demuxer-ogg: 62fdf1f143b41e24485cea50d1cbac27 -> 
  custom:video-decoder-webm-vp8: 9c59270c3fd7afecdb556c50c9e8de78 -> 
  custom:audio-decoder-ogg-vorbis: bf7c407c2cedff20999df2af8eb42d56 -> 
