Using pre-set license
Built from '2022.2/staging' branch; Version is '2022.2.5f1 (551d45108343) revision 5578053'; Using compiler version '192829333'; Build Type 'Release'
OS: 'Windows 10  (10.0.19045) 64bit Professional' Language: 'ru' Physical Memory: 4087 MB
BatchMode: 1, IsHumanControllingUs: 0, StartBugReporterOnCrash: 0, Is64bit: 1, IsPro: 1

COMMAND LINE ARGUMENTS:
C:\Program Files\Unity\Hub\Editor\2022.2.5f1\Editor\Unity.exe
-adb2
-batchMode
-noUpm
-name
AssetImportWorker1
-projectPath
C:/Users/ykpon/Desktop/Unity/Zombies-shooter/Zombies-shooter
-logFile
Logs/AssetImportWorker1.log
-srvPort
56248
Successfully changed project path to: C:/Users/ykpon/Desktop/Unity/Zombies-shooter/Zombies-shooter
C:/Users/ykpon/Desktop/Unity/Zombies-shooter/Zombies-shooter
[UnityMemory] Configuration Parameters - Can be set up in boot.config
    "memorysetup-bucket-allocator-granularity=16"
    "memorysetup-bucket-allocator-bucket-count=8"
    "memorysetup-bucket-allocator-block-size=33554432"
    "memorysetup-bucket-allocator-block-count=8"
    "memorysetup-main-allocator-block-size=16777216"
    "memorysetup-thread-allocator-block-size=16777216"
    "memorysetup-gfx-main-allocator-block-size=16777216"
    "memorysetup-gfx-thread-allocator-block-size=16777216"
    "memorysetup-cache-allocator-block-size=4194304"
    "memorysetup-typetree-allocator-block-size=2097152"
    "memorysetup-profiler-bucket-allocator-granularity=16"
    "memorysetup-profiler-bucket-allocator-bucket-count=8"
    "memorysetup-profiler-bucket-allocator-block-size=33554432"
    "memorysetup-profiler-bucket-allocator-block-count=8"
    "memorysetup-profiler-allocator-block-size=16777216"
    "memorysetup-profiler-editor-allocator-block-size=1048576"
    "memorysetup-temp-allocator-size-main=16777216"
    "memorysetup-job-temp-allocator-block-size=2097152"
    "memorysetup-job-temp-allocator-block-size-background=1048576"
    "memorysetup-job-temp-allocator-reduction-small-platforms=262144"
    "memorysetup-temp-allocator-size-background-worker=32768"
    "memorysetup-temp-allocator-size-job-worker=262144"
    "memorysetup-temp-allocator-size-preload-manager=33554432"
    "memorysetup-temp-allocator-size-nav-mesh-worker=65536"
    "memorysetup-temp-allocator-size-audio-worker=65536"
    "memorysetup-temp-allocator-size-cloud-worker=32768"
    "memorysetup-temp-allocator-size-gi-baking-worker=262144"
    "memorysetup-temp-allocator-size-gfx=262144"
Player connection [7748] Host "[IP] 192.168.1.2 [Port] 0 [Flags] 2 [Guid] 128343492 [EditorId] 128343492 [Version] 1048832 [Id] WindowsEditor(7,DESKTOP-EPQHHOF) [Debug] 1 [PackageName] WindowsEditor [ProjectName] Editor" joined multi-casting on [225.0.0.222:54997]...

Player connection [7748] Host "[IP] 192.168.1.2 [Port] 0 [Flags] 2 [Guid] 128343492 [EditorId] 128343492 [Version] 1048832 [Id] WindowsEditor(7,DESKTOP-EPQHHOF) [Debug] 1 [PackageName] WindowsEditor [ProjectName] Editor" joined alternative multi-casting on [225.0.0.222:34997]...

Refreshing native plugins compatible for Editor in 1137.38 ms, found 3 plugins.
Preloading 0 native plugins for Editor in 0.00 ms.
Initialize engine version: 2022.2.5f1 (551d45108343)
[Subsystems] Discovering subsystems at path C:/Program Files/Unity/Hub/Editor/2022.2.5f1/Editor/Data/Resources/UnitySubsystems
[Subsystems] Discovering subsystems at path C:/Users/ykpon/Desktop/Unity/Zombies-shooter/Zombies-shooter/Assets
GfxDevice: creating device client; threaded=0; jobified=0
Direct3D:
    Version:  Direct3D 11.0 [level 11.0]
    Renderer: NVIDIA GeForce GTS 450 (ID=0x1245)
    Vendor:   NVIDIA
    VRAM:     969 MB
    Driver:   23.21.13.9135
Initialize mono
Mono path[0] = 'C:/Program Files/Unity/Hub/Editor/2022.2.5f1/Editor/Data/Managed'
Mono path[1] = 'C:/Program Files/Unity/Hub/Editor/2022.2.5f1/Editor/Data/MonoBleedingEdge/lib/mono/unityjit-win32'
Mono config path = 'C:/Program Files/Unity/Hub/Editor/2022.2.5f1/Editor/Data/MonoBleedingEdge/etc'
Using monoOptions --debugger-agent=transport=dt_socket,embedding=1,server=y,suspend=n,address=127.0.0.1:56456
Begin MonoManager ReloadAssembly
Registering precompiled unity dll's ...
Register platform support module: C:/Program Files/Unity/Hub/Editor/2022.2.5f1/Editor/Data/PlaybackEngines/WebGLSupport/UnityEditor.WebGL.Extensions.dll
Register platform support module: C:/Program Files/Unity/Hub/Editor/2022.2.5f1/Editor/Data/PlaybackEngines/WindowsStandaloneSupport/UnityEditor.WindowsStandalone.Extensions.dll
Registered in 0.137138 seconds.
- Loaded All Assemblies, in  3.487 seconds
Native extension for WindowsStandalone target not found
Native extension for WebGL target not found
Mono: successfully reloaded assembly
- Finished resetting the current domain, in  1.493 seconds
Domain Reload Profiling:
	ReloadAssembly (2453ms)
		BeginReloadAssembly (1376ms)
			ExecutionOrderSort (0ms)
			DisableScriptedObjects (0ms)
			BackupInstance (0ms)
			ReleaseScriptingObjects (0ms)
			CreateAndSetChildDomain (2ms)
		LoadAllAssembliesAndSetupDomain (0ms)
			LoadAssemblies (1345ms)
			RebuildTransferFunctionScriptingTraits (0ms)
			SetupTypeCache (988ms)
				TypeCache.Initialize (979ms)
					TypeCache.ScanAssembly (970ms)
				ResolveRequiredComponents (8ms)
		FinalizeReload (0ms)
			ReleaseScriptCaches (0ms)
			RebuildScriptCaches (0ms)
			SetupLoadedEditorAssemblies (1199ms)
				LogAssemblyErrors (0ms)
				InitializePlatformSupportModulesInManaged (63ms)
				SetLoadedEditorAssemblies (8ms)
				RefreshPlugins (0ms)
				BeforeProcessingInitializeOnLoad (2ms)
				ProcessInitializeOnLoadAttributes (926ms)
				ProcessInitializeOnLoadMethodAttributes (199ms)
				AfterProcessingInitializeOnLoad (0ms)
				EditorAssembliesLoaded (0ms)
			ExecutionOrderSort2 (0ms)
			AwakeInstancesAfterBackupRestoration (0ms)
========================================================================
Worker process is ready to serve import requests
Begin MonoManager ReloadAssembly
Symbol file LoadedFromMemory doesn't match image C:\Users\ykpon\Desktop\Unity\Zombies-shooter\Zombies-shooter\Library\PackageCache\com.unity.visualscripting@1.8.0\Editor\VisualScripting.Core\Dependencies\YamlDotNet\Unity.VisualScripting.YamlDotNet.dll
Symbol file LoadedFromMemory doesn't match image C:\Users\ykpon\Desktop\Unity\Zombies-shooter\Zombies-shooter\Library\PackageCache\com.unity.visualscripting@1.8.0\Editor\VisualScripting.Core\Dependencies\DotNetZip\Unity.VisualScripting.IonicZip.dll
- Loaded All Assemblies, in 18.478 seconds
Refreshing native plugins compatible for Editor in 505.98 ms, found 3 plugins.
Native extension for WindowsStandalone target not found
Native extension for WebGL target not found
Mono: successfully reloaded assembly
- Finished resetting the current domain, in 21.776 seconds
Domain Reload Profiling:
	ReloadAssembly (1862ms)
		BeginReloadAssembly (1153ms)
			ExecutionOrderSort (0ms)
			DisableScriptedObjects (10ms)
			BackupInstance (0ms)
			ReleaseScriptingObjects (0ms)
			CreateAndSetChildDomain (53ms)
		LoadAllAssembliesAndSetupDomain (16690ms)
			LoadAssemblies (15383ms)
			RebuildTransferFunctionScriptingTraits (0ms)
			SetupTypeCache (2109ms)
				TypeCache.Initialize (1546ms)
					TypeCache.ScanAssembly (1514ms)
				ResolveRequiredComponents (30ms)
		FinalizeReload (0ms)
			ReleaseScriptCaches (0ms)
			RebuildScriptCaches (0ms)
			SetupLoadedEditorAssemblies (20497ms)
				LogAssemblyErrors (0ms)
				InitializePlatformSupportModulesInManaged (115ms)
				SetLoadedEditorAssemblies (33ms)
				RefreshPlugins (0ms)
				BeforeProcessingInitializeOnLoad (277ms)
				ProcessInitializeOnLoadAttributes (19030ms)
				ProcessInitializeOnLoadMethodAttributes (985ms)
				AfterProcessingInitializeOnLoad (44ms)
				EditorAssembliesLoaded (12ms)
			ExecutionOrderSort2 (0ms)
			AwakeInstancesAfterBackupRestoration (57ms)
Launched and connected shader compiler UnityShaderCompiler.exe after 5.50 seconds
Refreshing native plugins compatible for Editor in 660.86 ms, found 3 plugins.
Preloading 0 native plugins for Editor in 0.00 ms.
Unloading 4762 Unused Serialized files (Serialized files now loaded: 0)
Unloading 53 unused Assets / (243.2 KB). Loaded Objects now: 5215.
Memory consumption went from 0.79 GB to 0.79 GB.
Total: 1092.509100 ms (FindLiveObjects: 33.666400 ms CreateObjectMapping: 25.670100 ms MarkObjects: 727.490900 ms  DeleteObjects: 305.677500 ms)

AssetImportParameters requested are different than current active one (requested -> active):
  custom:container-demuxer-ogg: 62fdf1f143b41e24485cea50d1cbac27 -> 
  custom:video-decoder-ogg-theora: a1e56fd34408186e4bbccfd4996cb3dc -> 
  custom:framework-win-MediaFoundation: 216162199b28c13a410421893ffa2e32 -> 
  custom:container-demuxer-webm: 4f35f7cbe854078d1ac9338744f61a02 -> 
  custom:container-muxer-webm: aa71ff27fc2769a1b78a27578f13a17b -> 
  custom:video-decoder-webm-vp8: 9c59270c3fd7afecdb556c50c9e8de78 -> 
  custom:AudioImporter_EditorPlatform: d09bf68614088b80899f8185d706f6e7 -> 
  custom:video-encoder-webm-vp8: eb34c28f22e8b96e1ab97ce403110664 -> 
  custom:audio-decoder-ogg-vorbis: bf7c407c2cedff20999df2af8eb42d56 -> 
  custom:audio-encoder-webm-vorbis: bf7c407c2cedff20999df2af8eb42d56 -> 
========================================================================
Received Import Request.
  Time since last request: 131873.195378 seconds.
  path: Assets/Scenes/Level 1.unity
  artifactKey: Guid(9fc0d4010bbf28b4594072e72b8655ab) Importer(815301076,1909f56bfc062723c751e8b465ee728b)
Start importing Assets/Scenes/Level 1.unity using Guid(9fc0d4010bbf28b4594072e72b8655ab) Importer(815301076,1909f56bfc062723c751e8b465ee728b)  -> (artifact id: '31a6bb68986b154828eab44fb9d931d1') in 1.001281 seconds 
Number of updated asset objects reloaded before import = 0
Number of asset objects unloaded after import = 0
========================================================================
Received Import Request.
  Time since last request: 112.806910 seconds.
  path: Assets/PolygonTown/Materials/Alternates/PolygonTown_01_B.mat
  artifactKey: Guid(87afcd97595cd02479bfcfd00d66fda9) Importer(815301076,1909f56bfc062723c751e8b465ee728b)
Start importing Assets/PolygonTown/Materials/Alternates/PolygonTown_01_B.mat using Guid(87afcd97595cd02479bfcfd00d66fda9) Importer(815301076,1909f56bfc062723c751e8b465ee728b)  -> (artifact id: '464a35d79f162f2bdccfcae6f0a549d4') in 19.172209 seconds 
Number of updated asset objects reloaded before import = 0
Number of asset objects unloaded after import = 4
========================================================================
Received Import Request.
  Time since last request: 0.000089 seconds.
  path: Assets/PolygonTown/Models/Environment/SM_Env_Fence_Wood_Gate_01.fbx
  artifactKey: Guid(8b4ade04292b52c439730cfd643675b3) Importer(815301076,1909f56bfc062723c751e8b465ee728b)
Start importing Assets/PolygonTown/Models/Environment/SM_Env_Fence_Wood_Gate_01.fbx using Guid(8b4ade04292b52c439730cfd643675b3) Importer(815301076,1909f56bfc062723c751e8b465ee728b)  -> (artifact id: '20a66db5e33bed6062d8fe6346622ce4') in 11.847640 seconds 
Number of updated asset objects reloaded before import = 0
Number of asset objects unloaded after import = 12
========================================================================
Received Import Request.
  Time since last request: 0.000104 seconds.
  path: Assets/PolygonTown/Materials/Alternates/PolygonTown_02_B.mat
  artifactKey: Guid(0f9f0db6b5e12a54f950b8713ce48093) Importer(815301076,1909f56bfc062723c751e8b465ee728b)
Start importing Assets/PolygonTown/Materials/Alternates/PolygonTown_02_B.mat using Guid(0f9f0db6b5e12a54f950b8713ce48093) Importer(815301076,1909f56bfc062723c751e8b465ee728b)  -> (artifact id: '371f4aa62f08c63443a34dd667c89022') in 0.430932 seconds 
Number of updated asset objects reloaded before import = 0
Number of asset objects unloaded after import = 4
========================================================================
Received Import Request.
  Time since last request: 0.000044 seconds.
  path: Assets/PolygonTown/Models/Environment/SM_Env_Fence_White_Post_01.fbx
  artifactKey: Guid(f1a33d84879c49343b97dc424ebde6dd) Importer(815301076,1909f56bfc062723c751e8b465ee728b)
Start importing Assets/PolygonTown/Models/Environment/SM_Env_Fence_White_Post_01.fbx using Guid(f1a33d84879c49343b97dc424ebde6dd) Importer(815301076,1909f56bfc062723c751e8b465ee728b)  -> (artifact id: '1f1b5a362433608e45e93fc9d89fc87a') in 0.214856 seconds 
Number of updated asset objects reloaded before import = 0
Number of asset objects unloaded after import = 7
========================================================================
Received Import Request.
  Time since last request: 0.000119 seconds.
  path: Assets/PolygonTown/Materials/Alternates/PolygonTown_04_C.mat
  artifactKey: Guid(7f78f6690b4971247836df99a22ede8d) Importer(815301076,1909f56bfc062723c751e8b465ee728b)
Start importing Assets/PolygonTown/Materials/Alternates/PolygonTown_04_C.mat using Guid(7f78f6690b4971247836df99a22ede8d) Importer(815301076,1909f56bfc062723c751e8b465ee728b)  -> (artifact id: 'da0a397edb03e1b666c65916c4688b4c') in 0.408944 seconds 
Number of updated asset objects reloaded before import = 0
Number of asset objects unloaded after import = 4
========================================================================
Received Import Request.
  Time since last request: 0.000047 seconds.
  path: Assets/PolygonTown/Materials/Alternates/PolygonTown_01_C.mat
  artifactKey: Guid(bab002177b386b747b6b5085ad792f80) Importer(815301076,1909f56bfc062723c751e8b465ee728b)
Start importing Assets/PolygonTown/Materials/Alternates/PolygonTown_01_C.mat using Guid(bab002177b386b747b6b5085ad792f80) Importer(815301076,1909f56bfc062723c751e8b465ee728b)  -> (artifact id: '78a191e45d48aad43f5b82d62bb60027') in 0.895947 seconds 
Number of updated asset objects reloaded before import = 0
Number of asset objects unloaded after import = 4
========================================================================
Received Import Request.
  Time since last request: 0.000263 seconds.
  path: Assets/PolygonTown/Models/Environment/SM_Env_FlowerPatch_03.fbx
  artifactKey: Guid(5b202f804b89a644fa9ae69497c4ab17) Importer(815301076,1909f56bfc062723c751e8b465ee728b)
Start importing Assets/PolygonTown/Models/Environment/SM_Env_FlowerPatch_03.fbx using Guid(5b202f804b89a644fa9ae69497c4ab17) Importer(815301076,1909f56bfc062723c751e8b465ee728b)  -> (artifact id: '2c668c45570993dac94873a909281ba1') in 0.327605 seconds 
Number of updated asset objects reloaded before import = 0
Number of asset objects unloaded after import = 7
========================================================================
Received Import Request.
  Time since last request: 0.000296 seconds.
  path: Assets/PolygonTown/Models/Environment/SM_Env_Fence_Wood_Post_01.fbx
  artifactKey: Guid(512c91ef5e722df4d9374c3e40ea744b) Importer(815301076,1909f56bfc062723c751e8b465ee728b)
Start importing Assets/PolygonTown/Models/Environment/SM_Env_Fence_Wood_Post_01.fbx using Guid(512c91ef5e722df4d9374c3e40ea744b) Importer(815301076,1909f56bfc062723c751e8b465ee728b)  -> (artifact id: 'b9725d492d570a0ec04d3ed64c3cd791') in 0.380051 seconds 
Number of updated asset objects reloaded before import = 0
Number of asset objects unloaded after import = 7
========================================================================
Received Import Request.
  Time since last request: 0.000049 seconds.
  path: Assets/Materials/New Material.mat
  artifactKey: Guid(5697d0d5c6c865647806728f8df99779) Importer(815301076,1909f56bfc062723c751e8b465ee728b)
Start importing Assets/Materials/New Material.mat using Guid(5697d0d5c6c865647806728f8df99779) Importer(815301076,1909f56bfc062723c751e8b465ee728b)  -> (artifact id: 'f75ebeb5a843c2232e5152cd6ceaf197') in 1.031904 seconds 
Number of updated asset objects reloaded before import = 0
Number of asset objects unloaded after import = 1
========================================================================
Received Import Request.
  Time since last request: 0.000060 seconds.
  path: Assets/PolygonTown/Materials/Alternates/PolygonTown_03_B.mat
  artifactKey: Guid(f483cd15cfaea5d47b707c18e7c06174) Importer(815301076,1909f56bfc062723c751e8b465ee728b)
Start importing Assets/PolygonTown/Materials/Alternates/PolygonTown_03_B.mat using Guid(f483cd15cfaea5d47b707c18e7c06174) Importer(815301076,1909f56bfc062723c751e8b465ee728b)  -> (artifact id: '0f65566b7de88cdac5bd96542727c4cd') in 0.924172 seconds 
Number of updated asset objects reloaded before import = 0
Number of asset objects unloaded after import = 4
========================================================================
Received Import Request.
  Time since last request: 0.000073 seconds.
  path: Assets/Materials/SB_Glass_Mtl.mat
  artifactKey: Guid(64b00c54f8cce5547b25fafdac3d80a6) Importer(815301076,1909f56bfc062723c751e8b465ee728b)
Start importing Assets/Materials/SB_Glass_Mtl.mat using Guid(64b00c54f8cce5547b25fafdac3d80a6) Importer(815301076,1909f56bfc062723c751e8b465ee728b)  -> (artifact id: 'e5e0761468fd799fde231921bfe5d40d') in 1.163256 seconds 
Number of updated asset objects reloaded before import = 0
Number of asset objects unloaded after import = 2
========================================================================
Received Import Request.
  Time since last request: 0.000048 seconds.
  path: Assets/PolygonTown/Models/Environment/SM_Env_Fence_Wood_Straight_01.fbx
  artifactKey: Guid(9ce32161bfb0e7f4fa36a2d8df7ed8a3) Importer(815301076,1909f56bfc062723c751e8b465ee728b)
Start importing Assets/PolygonTown/Models/Environment/SM_Env_Fence_Wood_Straight_01.fbx using Guid(9ce32161bfb0e7f4fa36a2d8df7ed8a3) Importer(815301076,1909f56bfc062723c751e8b465ee728b)  -> (artifact id: '5d9734ff18d1ec0162348bc494dd25ca') in 0.614127 seconds 
Number of updated asset objects reloaded before import = 0
Number of asset objects unloaded after import = 7
========================================================================
Received Import Request.
  Time since last request: 0.000073 seconds.
  path: Assets/PolygonTown/Models/Environment/SM_Env_Garden_End_01.fbx
  artifactKey: Guid(00782d1e24ceae04689fcaedb5de493c) Importer(815301076,1909f56bfc062723c751e8b465ee728b)
Start importing Assets/PolygonTown/Models/Environment/SM_Env_Garden_End_01.fbx using Guid(00782d1e24ceae04689fcaedb5de493c) Importer(815301076,1909f56bfc062723c751e8b465ee728b)  -> (artifact id: '05332685d5c024cceb91959910e409ad') in 0.655038 seconds 
Number of updated asset objects reloaded before import = 0
Number of asset objects unloaded after import = 7
========================================================================
Received Import Request.
  Time since last request: 0.000061 seconds.
  path: Assets/Materials/1623463819_5-phonoteka_org-p-nalivnoi-beton-tekstura-krasivo-6.mat
  artifactKey: Guid(a05261e9e19c334408a1c2b2bf8b4e9d) Importer(815301076,1909f56bfc062723c751e8b465ee728b)
Start importing Assets/Materials/1623463819_5-phonoteka_org-p-nalivnoi-beton-tekstura-krasivo-6.mat using Guid(a05261e9e19c334408a1c2b2bf8b4e9d) Importer(815301076,1909f56bfc062723c751e8b465ee728b)  -> (artifact id: '02d9875cd8ac2d61831532e81ea8ab7e') in 1.828538 seconds 
Number of updated asset objects reloaded before import = 0
Number of asset objects unloaded after import = 2
========================================================================
Received Import Request.
  Time since last request: 0.000075 seconds.
  path: Assets/PolygonTown/Models/Environment/SM_Env_Garden_Straight_02.fbx
  artifactKey: Guid(5879e4bdb6e8c214ab7a8e22809ab5bf) Importer(815301076,1909f56bfc062723c751e8b465ee728b)
Start importing Assets/PolygonTown/Models/Environment/SM_Env_Garden_Straight_02.fbx using Guid(5879e4bdb6e8c214ab7a8e22809ab5bf) Importer(815301076,1909f56bfc062723c751e8b465ee728b)  -> (artifact id: '3f94630660e2fd58c0b504248934df1b') in 0.479309 seconds 
Number of updated asset objects reloaded before import = 0
Number of asset objects unloaded after import = 7
========================================================================
Received Import Request.
  Time since last request: 0.000029 seconds.
  path: Assets/PolygonTown/Materials/Alternates/PolygonTown_04_B.mat
  artifactKey: Guid(a4e402d0af1617e4cacc1682d13b4411) Importer(815301076,1909f56bfc062723c751e8b465ee728b)
Start importing Assets/PolygonTown/Materials/Alternates/PolygonTown_04_B.mat using Guid(a4e402d0af1617e4cacc1682d13b4411) Importer(815301076,1909f56bfc062723c751e8b465ee728b)  -> (artifact id: 'ef146f704352d36cfbcfd8944658444c') in 0.595396 seconds 
Number of updated asset objects reloaded before import = 0
Number of asset objects unloaded after import = 4
========================================================================
Received Import Request.
  Time since last request: 0.000095 seconds.
  path: Assets/PolygonTown/Models/Environment/SM_Env_Garden_Corner_02.fbx
  artifactKey: Guid(45f8ba3ce8c20ea45b137f002810855f) Importer(815301076,1909f56bfc062723c751e8b465ee728b)
Start importing Assets/PolygonTown/Models/Environment/SM_Env_Garden_Corner_02.fbx using Guid(45f8ba3ce8c20ea45b137f002810855f) Importer(815301076,1909f56bfc062723c751e8b465ee728b)  -> (artifact id: 'e08bf563c6c87854ba9992ec7dc4efb6') in 0.559584 seconds 
Number of updated asset objects reloaded before import = 0
Number of asset objects unloaded after import = 7
========================================================================
Received Import Request.
  Time since last request: 0.000097 seconds.
  path: Assets/PolygonTown/Models/Environment/SM_Env_Garden_Corner_01.fbx
  artifactKey: Guid(ac5214ed8c7d3064994428b9d8c15113) Importer(815301076,1909f56bfc062723c751e8b465ee728b)
Start importing Assets/PolygonTown/Models/Environment/SM_Env_Garden_Corner_01.fbx using Guid(ac5214ed8c7d3064994428b9d8c15113) Importer(815301076,1909f56bfc062723c751e8b465ee728b)  -> (artifact id: 'c1f0512a5e4532e048fcf9f9fa0c871b') in 0.300302 seconds 
Number of updated asset objects reloaded before import = 0
Number of asset objects unloaded after import = 7
========================================================================
Received Import Request.
  Time since last request: 0.000081 seconds.
  path: Assets/PolygonTown/Models/Environment/SM_Env_Garden_Straight_01.fbx
  artifactKey: Guid(bd2d5842771fed84d9ad9793559799e1) Importer(815301076,1909f56bfc062723c751e8b465ee728b)
Start importing Assets/PolygonTown/Models/Environment/SM_Env_Garden_Straight_01.fbx using Guid(bd2d5842771fed84d9ad9793559799e1) Importer(815301076,1909f56bfc062723c751e8b465ee728b)  -> (artifact id: '790cdb107f776d72cc7aaf4815c64591') in 0.374263 seconds 
Number of updated asset objects reloaded before import = 0
Number of asset objects unloaded after import = 7
========================================================================
Received Import Request.
  Time since last request: 0.000051 seconds.
  path: Assets/PolygonTown/Models/Environment/SM_Env_FlowerPatch_01.fbx
  artifactKey: Guid(6c1fa8ec62963ec49a39cbc1a73469cd) Importer(815301076,1909f56bfc062723c751e8b465ee728b)
Start importing Assets/PolygonTown/Models/Environment/SM_Env_FlowerPatch_01.fbx using Guid(6c1fa8ec62963ec49a39cbc1a73469cd) Importer(815301076,1909f56bfc062723c751e8b465ee728b)  -> (artifact id: '19e6dfd41f3538ccc984fd900541bef4') in 0.576302 seconds 
Number of updated asset objects reloaded before import = 0
Number of asset objects unloaded after import = 7
========================================================================
Received Import Request.
  Time since last request: 0.000074 seconds.
  path: Assets/PolygonTown/Models/Environment/SM_Env_Fence_White_Straight_01.fbx
  artifactKey: Guid(b1a1f17d05875564a868bfef6a9b1e52) Importer(815301076,1909f56bfc062723c751e8b465ee728b)
Start importing Assets/PolygonTown/Models/Environment/SM_Env_Fence_White_Straight_01.fbx using Guid(b1a1f17d05875564a868bfef6a9b1e52) Importer(815301076,1909f56bfc062723c751e8b465ee728b)  -> (artifact id: 'bb18444821323719f1896633c909fd00') in 0.318464 seconds 
Number of updated asset objects reloaded before import = 0
Number of asset objects unloaded after import = 7
========================================================================
Received Import Request.
  Time since last request: 0.000047 seconds.
  path: Assets/PolygonTown/Materials/Alternates/PolygonTown_02_C.mat
  artifactKey: Guid(cb3e8bc1d85c7f04dafa457c27f34ce2) Importer(815301076,1909f56bfc062723c751e8b465ee728b)
Start importing Assets/PolygonTown/Materials/Alternates/PolygonTown_02_C.mat using Guid(cb3e8bc1d85c7f04dafa457c27f34ce2) Importer(815301076,1909f56bfc062723c751e8b465ee728b)  -> (artifact id: '29dbe4d67a8aed1c7781791bef674443') in 0.686330 seconds 
Number of updated asset objects reloaded before import = 0
Number of asset objects unloaded after import = 4
========================================================================
Received Import Request.
  Time since last request: 0.000079 seconds.
  path: Assets/PolygonTown/Materials/Alternates/PolygonTown_03_C.mat
  artifactKey: Guid(1a832f41054861b428f328f5362b636f) Importer(815301076,1909f56bfc062723c751e8b465ee728b)
Start importing Assets/PolygonTown/Materials/Alternates/PolygonTown_03_C.mat using Guid(1a832f41054861b428f328f5362b636f) Importer(815301076,1909f56bfc062723c751e8b465ee728b)  -> (artifact id: '6915caafe7a1c0611ecbcd91bf05feff') in 0.690315 seconds 
Number of updated asset objects reloaded before import = 0
Number of asset objects unloaded after import = 4
========================================================================
Received Import Request.
  Time since last request: 0.000057 seconds.
  path: Assets/Materials/P1_Ao.mat
  artifactKey: Guid(8b66a6cde5fd98b4398e33e9329b1b32) Importer(815301076,1909f56bfc062723c751e8b465ee728b)
Start importing Assets/Materials/P1_Ao.mat using Guid(8b66a6cde5fd98b4398e33e9329b1b32) Importer(815301076,1909f56bfc062723c751e8b465ee728b)  -> (artifact id: '178fcf2e962dded6fe73845d29b08a39') in 0.459177 seconds 
Number of updated asset objects reloaded before import = 0
Number of asset objects unloaded after import = 2
========================================================================
Received Import Request.
  Time since last request: 0.000053 seconds.
  path: Assets/PolygonTown/Models/Environment/SM_Env_FlowerPatch_02.fbx
  artifactKey: Guid(44ca5f6d17c492d4db953ba61d293baa) Importer(815301076,1909f56bfc062723c751e8b465ee728b)
Start importing Assets/PolygonTown/Models/Environment/SM_Env_FlowerPatch_02.fbx using Guid(44ca5f6d17c492d4db953ba61d293baa) Importer(815301076,1909f56bfc062723c751e8b465ee728b)  -> (artifact id: '6c8d62c6ef758152ab16bd7434d1b27a') in 0.371248 seconds 
Number of updated asset objects reloaded before import = 0
Number of asset objects unloaded after import = 7
